[2025-12-06 09:59:43] Daemon started (interval: 5s, auto-commit: false, auto-push: false)
[2025-12-06 09:59:43] Error: Non-canonical database name: .beads
[2025-12-06 09:59:43] Expected: beads.db
[2025-12-06 09:59:43] 
[2025-12-06 09:59:43] Run 'bd init' to migrate to canonical name
[2025-12-06 09:59:48] Daemon started (interval: 5s, auto-commit: false, auto-push: false)
[2025-12-06 09:59:48] Error: Non-canonical database name: .beads
[2025-12-06 09:59:48] Expected: beads.db
[2025-12-06 09:59:48] 
[2025-12-06 09:59:48] Run 'bd init' to migrate to canonical name
[2025-12-06 10:01:34] Daemon started (interval: 5s, auto-commit: false, auto-push: false)
[2025-12-06 10:01:34] Error: Non-canonical database name: .beads
[2025-12-06 10:01:34] Expected: beads.db
[2025-12-06 10:01:34] 
[2025-12-06 10:01:34] Run 'bd init' to migrate to canonical name
[2025-12-06 10:02:02] Daemon started (interval: 5s, auto-commit: false, auto-push: false)
[2025-12-06 10:02:02] Error: Non-canonical database name: .beads
[2025-12-06 10:02:02] Expected: beads.db
[2025-12-06 10:02:02] 
[2025-12-06 10:02:02] Run 'bd init' to migrate to canonical name
