[     424ms] [WARNING] @import rules are not allowed here. See https://github.com/WICG/construct-stylesheets/issues/119#issuecomment-588352418. @ https://auth.knowledgedump.space/static/dist/chunks/LABSFT3Z.js:0
[     433ms] [WARNING] @import rules are not allowed here. See https://github.com/WICG/construct-stylesheets/issues/119#issuecomment-588352418. @ https://auth.knowledgedump.space/static/dist/chunks/LABSFT3Z.js:0
[     477ms] [WARNING] @import rules are not allowed here. See https://github.com/WICG/construct-stylesheets/issues/119#issuecomment-588352418. @ https://auth.knowledgedump.space/static/dist/chunks/LABSFT3Z.js:0
[     582ms] [ERROR] Failed to load resource: the server responded with a status of 403 () @ https://auth.knowledgedump.space/api/v3/core/users/me/:0
[     583ms] [WARNING] %c[WARN]%c (api):%c font-weight: 700; color: light-dark(#F1C21B, #F1C21B); font-weight: 600; color: CanvasText;  403 GET /api/v3/core/users/me/ @ https://auth.knowledgedump.space/static/dist/chunks/4NB7U2YR.js:0
[     879ms] [WARNING] @import rules are not allowed here. See https://github.com/WICG/construct-stylesheets/issues/119#issuecomment-588352418. @ https://auth.knowledgedump.space/static/dist/chunks/LABSFT3Z.js:0
[     890ms] [WARNING] @import rules are not allowed here. See https://github.com/WICG/construct-stylesheets/issues/119#issuecomment-588352418. @ https://auth.knowledgedump.space/static/dist/chunks/LABSFT3Z.js:0
[     893ms] [WARNING] @import rules are not allowed here. See https://github.com/WICG/construct-stylesheets/issues/119#issuecomment-588352418. @ https://auth.knowledgedump.space/static/dist/chunks/LABSFT3Z.js:0
[     895ms] [WARNING] @import rules are not allowed here. See https://github.com/WICG/construct-stylesheets/issues/119#issuecomment-588352418. @ https://auth.knowledgedump.space/static/dist/chunks/LABSFT3Z.js:0
[    3292ms] [WARNING] @import rules are not allowed here. See https://github.com/WICG/construct-stylesheets/issues/119#issuecomment-588352418. @ https://auth.knowledgedump.space/static/dist/chunks/LABSFT3Z.js:0
[    3294ms] [WARNING] @import rules are not allowed here. See https://github.com/WICG/construct-stylesheets/issues/119#issuecomment-588352418. @ https://auth.knowledgedump.space/static/dist/chunks/LABSFT3Z.js:0
[    3294ms] [WARNING] @import rules are not allowed here. See https://github.com/WICG/construct-stylesheets/issues/119#issuecomment-588352418. @ https://auth.knowledgedump.space/static/dist/chunks/LABSFT3Z.js:0
[    3296ms] [WARNING] @import rules are not allowed here. See https://github.com/WICG/construct-stylesheets/issues/119#issuecomment-588352418. @ https://auth.knowledgedump.space/static/dist/chunks/LABSFT3Z.js:0
[    3298ms] [WARNING] @import rules are not allowed here. See https://github.com/WICG/construct-stylesheets/issues/119#issuecomment-588352418. @ https://auth.knowledgedump.space/static/dist/chunks/LABSFT3Z.js:0
[    7492ms] [WARNING] @import rules are not allowed here. See https://github.com/WICG/construct-stylesheets/issues/119#issuecomment-588352418. @ https://auth.knowledgedump.space/static/dist/chunks/LABSFT3Z.js:0
[    7493ms] [WARNING] @import rules are not allowed here. See https://github.com/WICG/construct-stylesheets/issues/119#issuecomment-588352418. @ https://auth.knowledgedump.space/static/dist/chunks/LABSFT3Z.js:0
[    7493ms] [WARNING] @import rules are not allowed here. See https://github.com/WICG/construct-stylesheets/issues/119#issuecomment-588352418. @ https://auth.knowledgedump.space/static/dist/chunks/LABSFT3Z.js:0
[    7811ms] [WARNING] @import rules are not allowed here. See https://github.com/WICG/construct-stylesheets/issues/119#issuecomment-588352418. @ https://auth.knowledgedump.space/static/dist/chunks/LABSFT3Z.js:0
[    7814ms] [WARNING] @import rules are not allowed here. See https://github.com/WICG/construct-stylesheets/issues/119#issuecomment-588352418. @ https://auth.knowledgedump.space/static/dist/chunks/LABSFT3Z.js:0
[    7814ms] [WARNING] @import rules are not allowed here. See https://github.com/WICG/construct-stylesheets/issues/119#issuecomment-588352418. @ https://auth.knowledgedump.space/static/dist/chunks/LABSFT3Z.js:0
[    7814ms] [WARNING] @import rules are not allowed here. See https://github.com/WICG/construct-stylesheets/issues/119#issuecomment-588352418. @ https://auth.knowledgedump.space/static/dist/chunks/LABSFT3Z.js:0
[   11095ms] [WARNING] @import rules are not allowed here. See https://github.com/WICG/construct-stylesheets/issues/119#issuecomment-588352418. @ https://auth.knowledgedump.space/static/dist/chunks/LABSFT3Z.js:0
[   11096ms] [WARNING] @import rules are not allowed here. See https://github.com/WICG/construct-stylesheets/issues/119#issuecomment-588352418. @ https://auth.knowledgedump.space/static/dist/chunks/LABSFT3Z.js:0
[   11096ms] [WARNING] @import rules are not allowed here. See https://github.com/WICG/construct-stylesheets/issues/119#issuecomment-588352418. @ https://auth.knowledgedump.space/static/dist/chunks/LABSFT3Z.js:0
[   12125ms] [WARNING] @import rules are not allowed here. See https://github.com/WICG/construct-stylesheets/issues/119#issuecomment-588352418. @ https://auth.knowledgedump.space/static/dist/chunks/LABSFT3Z.js:0
[   12127ms] [WARNING] @import rules are not allowed here. See https://github.com/WICG/construct-stylesheets/issues/119#issuecomment-588352418. @ https://auth.knowledgedump.space/static/dist/chunks/LABSFT3Z.js:0
[   12128ms] [WARNING] @import rules are not allowed here. See https://github.com/WICG/construct-stylesheets/issues/119#issuecomment-588352418. @ https://auth.knowledgedump.space/static/dist/chunks/LABSFT3Z.js:0
[   12129ms] [WARNING] @import rules are not allowed here. See https://github.com/WICG/construct-stylesheets/issues/119#issuecomment-588352418. @ https://auth.knowledgedump.space/static/dist/chunks/LABSFT3Z.js:0
[   12480ms] [WARNING] @import rules are not allowed here. See https://github.com/WICG/construct-stylesheets/issues/119#issuecomment-588352418. @ https://auth.knowledgedump.space/static/dist/chunks/LABSFT3Z.js:0
[   12484ms] [WARNING] @import rules are not allowed here. See https://github.com/WICG/construct-stylesheets/issues/119#issuecomment-588352418. @ https://auth.knowledgedump.space/static/dist/chunks/LABSFT3Z.js:0
[   12526ms] [WARNING] @import rules are not allowed here. See https://github.com/WICG/construct-stylesheets/issues/119#issuecomment-588352418. @ https://auth.knowledgedump.space/static/dist/chunks/LABSFT3Z.js:0
[   12766ms] [WARNING] @import rules are not allowed here. See https://github.com/WICG/construct-stylesheets/issues/119#issuecomment-588352418. @ https://auth.knowledgedump.space/static/dist/chunks/LABSFT3Z.js:0
[   12766ms] [WARNING] @import rules are not allowed here. See https://github.com/WICG/construct-stylesheets/issues/119#issuecomment-588352418. @ https://auth.knowledgedump.space/static/dist/chunks/LABSFT3Z.js:0
[   12766ms] [WARNING] @import rules are not allowed here. See https://github.com/WICG/construct-stylesheets/issues/119#issuecomment-588352418. @ https://auth.knowledgedump.space/static/dist/chunks/LABSFT3Z.js:0
[   12766ms] [WARNING] @import rules are not allowed here. See https://github.com/WICG/construct-stylesheets/issues/119#issuecomment-588352418. @ https://auth.knowledgedump.space/static/dist/chunks/LABSFT3Z.js:0
[   12766ms] [WARNING] @import rules are not allowed here. See https://github.com/WICG/construct-stylesheets/issues/119#issuecomment-588352418. @ https://auth.knowledgedump.space/static/dist/chunks/LABSFT3Z.js:0
[   12767ms] [WARNING] @import rules are not allowed here. See https://github.com/WICG/construct-stylesheets/issues/119#issuecomment-588352418. @ https://auth.knowledgedump.space/static/dist/chunks/LABSFT3Z.js:0
[   12767ms] [WARNING] @import rules are not allowed here. See https://github.com/WICG/construct-stylesheets/issues/119#issuecomment-588352418. @ https://auth.knowledgedump.space/static/dist/chunks/LABSFT3Z.js:0
[   12767ms] [WARNING] @import rules are not allowed here. See https://github.com/WICG/construct-stylesheets/issues/119#issuecomment-588352418. @ https://auth.knowledgedump.space/static/dist/chunks/LABSFT3Z.js:0
[   12767ms] [WARNING] @import rules are not allowed here. See https://github.com/WICG/construct-stylesheets/issues/119#issuecomment-588352418. @ https://auth.knowledgedump.space/static/dist/chunks/LABSFT3Z.js:0
[   12767ms] [WARNING] @import rules are not allowed here. See https://github.com/WICG/construct-stylesheets/issues/119#issuecomment-588352418. @ https://auth.knowledgedump.space/static/dist/chunks/LABSFT3Z.js:0
[   12768ms] [WARNING] @import rules are not allowed here. See https://github.com/WICG/construct-stylesheets/issues/119#issuecomment-588352418. @ https://auth.knowledgedump.space/static/dist/chunks/LABSFT3Z.js:0
[   12768ms] [WARNING] @import rules are not allowed here. See https://github.com/WICG/construct-stylesheets/issues/119#issuecomment-588352418. @ https://auth.knowledgedump.space/static/dist/chunks/LABSFT3Z.js:0
[   12768ms] [WARNING] @import rules are not allowed here. See https://github.com/WICG/construct-stylesheets/issues/119#issuecomment-588352418. @ https://auth.knowledgedump.space/static/dist/chunks/LABSFT3Z.js:0
[   12768ms] [WARNING] @import rules are not allowed here. See https://github.com/WICG/construct-stylesheets/issues/119#issuecomment-588352418. @ https://auth.knowledgedump.space/static/dist/chunks/LABSFT3Z.js:0
[   12768ms] [WARNING] @import rules are not allowed here. See https://github.com/WICG/construct-stylesheets/issues/119#issuecomment-588352418. @ https://auth.knowledgedump.space/static/dist/chunks/LABSFT3Z.js:0
[   12768ms] [WARNING] @import rules are not allowed here. See https://github.com/WICG/construct-stylesheets/issues/119#issuecomment-588352418. @ https://auth.knowledgedump.space/static/dist/chunks/LABSFT3Z.js:0
[   12768ms] [WARNING] @import rules are not allowed here. See https://github.com/WICG/construct-stylesheets/issues/119#issuecomment-588352418. @ https://auth.knowledgedump.space/static/dist/chunks/LABSFT3Z.js:0
[   12768ms] [WARNING] @import rules are not allowed here. See https://github.com/WICG/construct-stylesheets/issues/119#issuecomment-588352418. @ https://auth.knowledgedump.space/static/dist/chunks/LABSFT3Z.js:0
[   12769ms] [WARNING] @import rules are not allowed here. See https://github.com/WICG/construct-stylesheets/issues/119#issuecomment-588352418. @ https://auth.knowledgedump.space/static/dist/chunks/LABSFT3Z.js:0
[   12769ms] [WARNING] @import rules are not allowed here. See https://github.com/WICG/construct-stylesheets/issues/119#issuecomment-588352418. @ https://auth.knowledgedump.space/static/dist/chunks/LABSFT3Z.js:0
[   12769ms] [WARNING] @import rules are not allowed here. See https://github.com/WICG/construct-stylesheets/issues/119#issuecomment-588352418. @ https://auth.knowledgedump.space/static/dist/chunks/LABSFT3Z.js:0
[   12769ms] [WARNING] @import rules are not allowed here. See https://github.com/WICG/construct-stylesheets/issues/119#issuecomment-588352418. @ https://auth.knowledgedump.space/static/dist/chunks/LABSFT3Z.js:0
[   12769ms] [WARNING] @import rules are not allowed here. See https://github.com/WICG/construct-stylesheets/issues/119#issuecomment-588352418. @ https://auth.knowledgedump.space/static/dist/chunks/LABSFT3Z.js:0
[   12769ms] [WARNING] @import rules are not allowed here. See https://github.com/WICG/construct-stylesheets/issues/119#issuecomment-588352418. @ https://auth.knowledgedump.space/static/dist/chunks/LABSFT3Z.js:0
[   12769ms] [WARNING] @import rules are not allowed here. See https://github.com/WICG/construct-stylesheets/issues/119#issuecomment-588352418. @ https://auth.knowledgedump.space/static/dist/chunks/LABSFT3Z.js:0
[   12769ms] [WARNING] @import rules are not allowed here. See https://github.com/WICG/construct-stylesheets/issues/119#issuecomment-588352418. @ https://auth.knowledgedump.space/static/dist/chunks/LABSFT3Z.js:0
[   12769ms] [WARNING] @import rules are not allowed here. See https://github.com/WICG/construct-stylesheets/issues/119#issuecomment-588352418. @ https://auth.knowledgedump.space/static/dist/chunks/LABSFT3Z.js:0
[   12769ms] [WARNING] @import rules are not allowed here. See https://github.com/WICG/construct-stylesheets/issues/119#issuecomment-588352418. @ https://auth.knowledgedump.space/static/dist/chunks/LABSFT3Z.js:0
[   12770ms] [WARNING] @import rules are not allowed here. See https://github.com/WICG/construct-stylesheets/issues/119#issuecomment-588352418. @ https://auth.knowledgedump.space/static/dist/chunks/LABSFT3Z.js:0
[   12770ms] [WARNING] @import rules are not allowed here. See https://github.com/WICG/construct-stylesheets/issues/119#issuecomment-588352418. @ https://auth.knowledgedump.space/static/dist/chunks/LABSFT3Z.js:0
[   12770ms] [WARNING] @import rules are not allowed here. See https://github.com/WICG/construct-stylesheets/issues/119#issuecomment-588352418. @ https://auth.knowledgedump.space/static/dist/chunks/LABSFT3Z.js:0
[   12770ms] [WARNING] @import rules are not allowed here. See https://github.com/WICG/construct-stylesheets/issues/119#issuecomment-588352418. @ https://auth.knowledgedump.space/static/dist/chunks/LABSFT3Z.js:0
[   12770ms] [WARNING] @import rules are not allowed here. See https://github.com/WICG/construct-stylesheets/issues/119#issuecomment-588352418. @ https://auth.knowledgedump.space/static/dist/chunks/LABSFT3Z.js:0
[   12770ms] [WARNING] @import rules are not allowed here. See https://github.com/WICG/construct-stylesheets/issues/119#issuecomment-588352418. @ https://auth.knowledgedump.space/static/dist/chunks/LABSFT3Z.js:0
[   12770ms] [WARNING] @import rules are not allowed here. See https://github.com/WICG/construct-stylesheets/issues/119#issuecomment-588352418. @ https://auth.knowledgedump.space/static/dist/chunks/LABSFT3Z.js:0
[   12770ms] [WARNING] @import rules are not allowed here. See https://github.com/WICG/construct-stylesheets/issues/119#issuecomment-588352418. @ https://auth.knowledgedump.space/static/dist/chunks/LABSFT3Z.js:0
[   12770ms] [WARNING] @import rules are not allowed here. See https://github.com/WICG/construct-stylesheets/issues/119#issuecomment-588352418. @ https://auth.knowledgedump.space/static/dist/chunks/LABSFT3Z.js:0
[   12770ms] [WARNING] @import rules are not allowed here. See https://github.com/WICG/construct-stylesheets/issues/119#issuecomment-588352418. @ https://auth.knowledgedump.space/static/dist/chunks/LABSFT3Z.js:0
[   12770ms] [WARNING] @import rules are not allowed here. See https://github.com/WICG/construct-stylesheets/issues/119#issuecomment-588352418. @ https://auth.knowledgedump.space/static/dist/chunks/LABSFT3Z.js:0
[   12771ms] [WARNING] @import rules are not allowed here. See https://github.com/WICG/construct-stylesheets/issues/119#issuecomment-588352418. @ https://auth.knowledgedump.space/static/dist/chunks/LABSFT3Z.js:0
[   12771ms] [WARNING] @import rules are not allowed here. See https://github.com/WICG/construct-stylesheets/issues/119#issuecomment-588352418. @ https://auth.knowledgedump.space/static/dist/chunks/LABSFT3Z.js:0
[   12771ms] [WARNING] @import rules are not allowed here. See https://github.com/WICG/construct-stylesheets/issues/119#issuecomment-588352418. @ https://auth.knowledgedump.space/static/dist/chunks/LABSFT3Z.js:0
[   12771ms] [WARNING] @import rules are not allowed here. See https://github.com/WICG/construct-stylesheets/issues/119#issuecomment-588352418. @ https://auth.knowledgedump.space/static/dist/chunks/LABSFT3Z.js:0
[   12771ms] [WARNING] @import rules are not allowed here. See https://github.com/WICG/construct-stylesheets/issues/119#issuecomment-588352418. @ https://auth.knowledgedump.space/static/dist/chunks/LABSFT3Z.js:0
[   12771ms] [WARNING] @import rules are not allowed here. See https://github.com/WICG/construct-stylesheets/issues/119#issuecomment-588352418. @ https://auth.knowledgedump.space/static/dist/chunks/LABSFT3Z.js:0
[   12771ms] [WARNING] @import rules are not allowed here. See https://github.com/WICG/construct-stylesheets/issues/119#issuecomment-588352418. @ https://auth.knowledgedump.space/static/dist/chunks/LABSFT3Z.js:0
[   12771ms] [WARNING] @import rules are not allowed here. See https://github.com/WICG/construct-stylesheets/issues/119#issuecomment-588352418. @ https://auth.knowledgedump.space/static/dist/chunks/LABSFT3Z.js:0
[   12771ms] [WARNING] @import rules are not allowed here. See https://github.com/WICG/construct-stylesheets/issues/119#issuecomment-588352418. @ https://auth.knowledgedump.space/static/dist/chunks/LABSFT3Z.js:0
[   12772ms] [WARNING] @import rules are not allowed here. See https://github.com/WICG/construct-stylesheets/issues/119#issuecomment-588352418. @ https://auth.knowledgedump.space/static/dist/chunks/LABSFT3Z.js:0
[   12772ms] [WARNING] @import rules are not allowed here. See https://github.com/WICG/construct-stylesheets/issues/119#issuecomment-588352418. @ https://auth.knowledgedump.space/static/dist/chunks/LABSFT3Z.js:0
[   12779ms] [WARNING] @import rules are not allowed here. See https://github.com/WICG/construct-stylesheets/issues/119#issuecomment-588352418. @ https://auth.knowledgedump.space/static/dist/chunks/LABSFT3Z.js:0
[   12781ms] [WARNING] @import rules are not allowed here. See https://github.com/WICG/construct-stylesheets/issues/119#issuecomment-588352418. @ https://auth.knowledgedump.space/static/dist/chunks/LABSFT3Z.js:0
[   12785ms] [WARNING] @import rules are not allowed here. See https://github.com/WICG/construct-stylesheets/issues/119#issuecomment-588352418. @ https://auth.knowledgedump.space/static/dist/chunks/LABSFT3Z.js:0
[   12788ms] [WARNING] @import rules are not allowed here. See https://github.com/WICG/construct-stylesheets/issues/119#issuecomment-588352418. @ https://auth.knowledgedump.space/static/dist/chunks/LABSFT3Z.js:0
[   12797ms] [WARNING] @import rules are not allowed here. See https://github.com/WICG/construct-stylesheets/issues/119#issuecomment-588352418. @ https://auth.knowledgedump.space/static/dist/chunks/LABSFT3Z.js:0
[   12798ms] [WARNING] @import rules are not allowed here. See https://github.com/WICG/construct-stylesheets/issues/119#issuecomment-588352418. @ https://auth.knowledgedump.space/static/dist/chunks/LABSFT3Z.js:0
[   12860ms] [WARNING] @import rules are not allowed here. See https://github.com/WICG/construct-stylesheets/issues/119#issuecomment-588352418. @ https://auth.knowledgedump.space/static/dist/chunks/LABSFT3Z.js:0
[   12867ms] [WARNING] @import rules are not allowed here. See https://github.com/WICG/construct-stylesheets/issues/119#issuecomment-588352418. @ https://auth.knowledgedump.space/static/dist/chunks/LABSFT3Z.js:0
[   12867ms] [WARNING] @import rules are not allowed here. See https://github.com/WICG/construct-stylesheets/issues/119#issuecomment-588352418. @ https://auth.knowledgedump.space/static/dist/chunks/LABSFT3Z.js:0
[   12867ms] [WARNING] @import rules are not allowed here. See https://github.com/WICG/construct-stylesheets/issues/119#issuecomment-588352418. @ https://auth.knowledgedump.space/static/dist/chunks/LABSFT3Z.js:0
[   12868ms] [WARNING] @import rules are not allowed here. See https://github.com/WICG/construct-stylesheets/issues/119#issuecomment-588352418. @ https://auth.knowledgedump.space/static/dist/chunks/LABSFT3Z.js:0
[   12868ms] [WARNING] @import rules are not allowed here. See https://github.com/WICG/construct-stylesheets/issues/119#issuecomment-588352418. @ https://auth.knowledgedump.space/static/dist/chunks/LABSFT3Z.js:0
[   12869ms] [WARNING] @import rules are not allowed here. See https://github.com/WICG/construct-stylesheets/issues/119#issuecomment-588352418. @ https://auth.knowledgedump.space/static/dist/chunks/LABSFT3Z.js:0
[   12869ms] [WARNING] @import rules are not allowed here. See https://github.com/WICG/construct-stylesheets/issues/119#issuecomment-588352418. @ https://auth.knowledgedump.space/static/dist/chunks/LABSFT3Z.js:0
[   12869ms] [WARNING] @import rules are not allowed here. See https://github.com/WICG/construct-stylesheets/issues/119#issuecomment-588352418. @ https://auth.knowledgedump.space/static/dist/chunks/LABSFT3Z.js:0
[   12873ms] [WARNING] @import rules are not allowed here. See https://github.com/WICG/construct-stylesheets/issues/119#issuecomment-588352418. @ https://auth.knowledgedump.space/static/dist/chunks/LABSFT3Z.js:0
[   12874ms] [WARNING] @import rules are not allowed here. See https://github.com/WICG/construct-stylesheets/issues/119#issuecomment-588352418. @ https://auth.knowledgedump.space/static/dist/chunks/LABSFT3Z.js:0
[   12882ms] [WARNING] @import rules are not allowed here. See https://github.com/WICG/construct-stylesheets/issues/119#issuecomment-588352418. @ https://auth.knowledgedump.space/static/dist/chunks/LABSFT3Z.js:0
[   12892ms] [WARNING] @import rules are not allowed here. See https://github.com/WICG/construct-stylesheets/issues/119#issuecomment-588352418. @ https://auth.knowledgedump.space/static/dist/chunks/LABSFT3Z.js:0
[   12901ms] [WARNING] @import rules are not allowed here. See https://github.com/WICG/construct-stylesheets/issues/119#issuecomment-588352418. @ https://auth.knowledgedump.space/static/dist/chunks/LABSFT3Z.js:0
[   12901ms] [WARNING] @import rules are not allowed here. See https://github.com/WICG/construct-stylesheets/issues/119#issuecomment-588352418. @ https://auth.knowledgedump.space/static/dist/chunks/LABSFT3Z.js:0
[   12903ms] [WARNING] @import rules are not allowed here. See https://github.com/WICG/construct-stylesheets/issues/119#issuecomment-588352418. @ https://auth.knowledgedump.space/static/dist/chunks/LABSFT3Z.js:0
[   12903ms] [WARNING] @import rules are not allowed here. See https://github.com/WICG/construct-stylesheets/issues/119#issuecomment-588352418. @ https://auth.knowledgedump.space/static/dist/chunks/LABSFT3Z.js:0
[   12904ms] [WARNING] @import rules are not allowed here. See https://github.com/WICG/construct-stylesheets/issues/119#issuecomment-588352418. @ https://auth.knowledgedump.space/static/dist/chunks/LABSFT3Z.js:0
[   12905ms] [WARNING] @import rules are not allowed here. See https://github.com/WICG/construct-stylesheets/issues/119#issuecomment-588352418. @ https://auth.knowledgedump.space/static/dist/chunks/LABSFT3Z.js:0
[   12908ms] [WARNING] @import rules are not allowed here. See https://github.com/WICG/construct-stylesheets/issues/119#issuecomment-588352418. @ https://auth.knowledgedump.space/static/dist/chunks/LABSFT3Z.js:0
[   12953ms] [WARNING] @import rules are not allowed here. See https://github.com/WICG/construct-stylesheets/issues/119#issuecomment-588352418. @ https://auth.knowledgedump.space/static/dist/chunks/LABSFT3Z.js:0
[   12954ms] [WARNING] @import rules are not allowed here. See https://github.com/WICG/construct-stylesheets/issues/119#issuecomment-588352418. @ https://auth.knowledgedump.space/static/dist/chunks/LABSFT3Z.js:0
[   12954ms] [WARNING] @import rules are not allowed here. See https://github.com/WICG/construct-stylesheets/issues/119#issuecomment-588352418. @ https://auth.knowledgedump.space/static/dist/chunks/LABSFT3Z.js:0
[   12955ms] [WARNING] @import rules are not allowed here. See https://github.com/WICG/construct-stylesheets/issues/119#issuecomment-588352418. @ https://auth.knowledgedump.space/static/dist/chunks/LABSFT3Z.js:0
[   12955ms] [WARNING] @import rules are not allowed here. See https://github.com/WICG/construct-stylesheets/issues/119#issuecomment-588352418. @ https://auth.knowledgedump.space/static/dist/chunks/LABSFT3Z.js:0
[   12955ms] [WARNING] @import rules are not allowed here. See https://github.com/WICG/construct-stylesheets/issues/119#issuecomment-588352418. @ https://auth.knowledgedump.space/static/dist/chunks/LABSFT3Z.js:0
[   12956ms] [WARNING] @import rules are not allowed here. See https://github.com/WICG/construct-stylesheets/issues/119#issuecomment-588352418. @ https://auth.knowledgedump.space/static/dist/chunks/LABSFT3Z.js:0
[   12956ms] [WARNING] @import rules are not allowed here. See https://github.com/WICG/construct-stylesheets/issues/119#issuecomment-588352418. @ https://auth.knowledgedump.space/static/dist/chunks/LABSFT3Z.js:0
[   12956ms] [WARNING] @import rules are not allowed here. See https://github.com/WICG/construct-stylesheets/issues/119#issuecomment-588352418. @ https://auth.knowledgedump.space/static/dist/chunks/LABSFT3Z.js:0
[   12956ms] [WARNING] @import rules are not allowed here. See https://github.com/WICG/construct-stylesheets/issues/119#issuecomment-588352418. @ https://auth.knowledgedump.space/static/dist/chunks/LABSFT3Z.js:0
[   12956ms] [WARNING] @import rules are not allowed here. See https://github.com/WICG/construct-stylesheets/issues/119#issuecomment-588352418. @ https://auth.knowledgedump.space/static/dist/chunks/LABSFT3Z.js:0
[   12956ms] [WARNING] @import rules are not allowed here. See https://github.com/WICG/construct-stylesheets/issues/119#issuecomment-588352418. @ https://auth.knowledgedump.space/static/dist/chunks/LABSFT3Z.js:0
[   12957ms] [WARNING] @import rules are not allowed here. See https://github.com/WICG/construct-stylesheets/issues/119#issuecomment-588352418. @ https://auth.knowledgedump.space/static/dist/chunks/LABSFT3Z.js:0
[   12957ms] [WARNING] @import rules are not allowed here. See https://github.com/WICG/construct-stylesheets/issues/119#issuecomment-588352418. @ https://auth.knowledgedump.space/static/dist/chunks/LABSFT3Z.js:0
[   12957ms] [WARNING] @import rules are not allowed here. See https://github.com/WICG/construct-stylesheets/issues/119#issuecomment-588352418. @ https://auth.knowledgedump.space/static/dist/chunks/LABSFT3Z.js:0
[   12957ms] [WARNING] @import rules are not allowed here. See https://github.com/WICG/construct-stylesheets/issues/119#issuecomment-588352418. @ https://auth.knowledgedump.space/static/dist/chunks/LABSFT3Z.js:0
[   12957ms] [WARNING] @import rules are not allowed here. See https://github.com/WICG/construct-stylesheets/issues/119#issuecomment-588352418. @ https://auth.knowledgedump.space/static/dist/chunks/LABSFT3Z.js:0
[   12957ms] [WARNING] @import rules are not allowed here. See https://github.com/WICG/construct-stylesheets/issues/119#issuecomment-588352418. @ https://auth.knowledgedump.space/static/dist/chunks/LABSFT3Z.js:0
[   12957ms] [WARNING] @import rules are not allowed here. See https://github.com/WICG/construct-stylesheets/issues/119#issuecomment-588352418. @ https://auth.knowledgedump.space/static/dist/chunks/LABSFT3Z.js:0
[   12957ms] [WARNING] @import rules are not allowed here. See https://github.com/WICG/construct-stylesheets/issues/119#issuecomment-588352418. @ https://auth.knowledgedump.space/static/dist/chunks/LABSFT3Z.js:0
[   12957ms] [WARNING] @import rules are not allowed here. See https://github.com/WICG/construct-stylesheets/issues/119#issuecomment-588352418. @ https://auth.knowledgedump.space/static/dist/chunks/LABSFT3Z.js:0
[   12958ms] [WARNING] @import rules are not allowed here. See https://github.com/WICG/construct-stylesheets/issues/119#issuecomment-588352418. @ https://auth.knowledgedump.space/static/dist/chunks/LABSFT3Z.js:0
[   12958ms] [WARNING] @import rules are not allowed here. See https://github.com/WICG/construct-stylesheets/issues/119#issuecomment-588352418. @ https://auth.knowledgedump.space/static/dist/chunks/LABSFT3Z.js:0
[   12958ms] [WARNING] @import rules are not allowed here. See https://github.com/WICG/construct-stylesheets/issues/119#issuecomment-588352418. @ https://auth.knowledgedump.space/static/dist/chunks/LABSFT3Z.js:0
[   12958ms] [WARNING] @import rules are not allowed here. See https://github.com/WICG/construct-stylesheets/issues/119#issuecomment-588352418. @ https://auth.knowledgedump.space/static/dist/chunks/LABSFT3Z.js:0
[   12958ms] [WARNING] @import rules are not allowed here. See https://github.com/WICG/construct-stylesheets/issues/119#issuecomment-588352418. @ https://auth.knowledgedump.space/static/dist/chunks/LABSFT3Z.js:0
[   12958ms] [WARNING] @import rules are not allowed here. See https://github.com/WICG/construct-stylesheets/issues/119#issuecomment-588352418. @ https://auth.knowledgedump.space/static/dist/chunks/LABSFT3Z.js:0
[   12958ms] [WARNING] @import rules are not allowed here. See https://github.com/WICG/construct-stylesheets/issues/119#issuecomment-588352418. @ https://auth.knowledgedump.space/static/dist/chunks/LABSFT3Z.js:0
[   12958ms] [WARNING] @import rules are not allowed here. See https://github.com/WICG/construct-stylesheets/issues/119#issuecomment-588352418. @ https://auth.knowledgedump.space/static/dist/chunks/LABSFT3Z.js:0
[   12958ms] [WARNING] @import rules are not allowed here. See https://github.com/WICG/construct-stylesheets/issues/119#issuecomment-588352418. @ https://auth.knowledgedump.space/static/dist/chunks/LABSFT3Z.js:0
[   12958ms] [WARNING] @import rules are not allowed here. See https://github.com/WICG/construct-stylesheets/issues/119#issuecomment-588352418. @ https://auth.knowledgedump.space/static/dist/chunks/LABSFT3Z.js:0
[   12959ms] [WARNING] @import rules are not allowed here. See https://github.com/WICG/construct-stylesheets/issues/119#issuecomment-588352418. @ https://auth.knowledgedump.space/static/dist/chunks/LABSFT3Z.js:0
[   12959ms] [WARNING] @import rules are not allowed here. See https://github.com/WICG/construct-stylesheets/issues/119#issuecomment-588352418. @ https://auth.knowledgedump.space/static/dist/chunks/LABSFT3Z.js:0
[   12961ms] [WARNING] @import rules are not allowed here. See https://github.com/WICG/construct-stylesheets/issues/119#issuecomment-588352418. @ https://auth.knowledgedump.space/static/dist/chunks/LABSFT3Z.js:0
[   12962ms] [WARNING] @import rules are not allowed here. See https://github.com/WICG/construct-stylesheets/issues/119#issuecomment-588352418. @ https://auth.knowledgedump.space/static/dist/chunks/LABSFT3Z.js:0
[   13006ms] [WARNING] @import rules are not allowed here. See https://github.com/WICG/construct-stylesheets/issues/119#issuecomment-588352418. @ https://auth.knowledgedump.space/static/dist/chunks/LABSFT3Z.js:0
[   13007ms] [WARNING] @import rules are not allowed here. See https://github.com/WICG/construct-stylesheets/issues/119#issuecomment-588352418. @ https://auth.knowledgedump.space/static/dist/chunks/LABSFT3Z.js:0
[   13007ms] [WARNING] @import rules are not allowed here. See https://github.com/WICG/construct-stylesheets/issues/119#issuecomment-588352418. @ https://auth.knowledgedump.space/static/dist/chunks/LABSFT3Z.js:0
[   13007ms] [WARNING] @import rules are not allowed here. See https://github.com/WICG/construct-stylesheets/issues/119#issuecomment-588352418. @ https://auth.knowledgedump.space/static/dist/chunks/LABSFT3Z.js:0
[   13007ms] [WARNING] @import rules are not allowed here. See https://github.com/WICG/construct-stylesheets/issues/119#issuecomment-588352418. @ https://auth.knowledgedump.space/static/dist/chunks/LABSFT3Z.js:0
[   13008ms] [WARNING] @import rules are not allowed here. See https://github.com/WICG/construct-stylesheets/issues/119#issuecomment-588352418. @ https://auth.knowledgedump.space/static/dist/chunks/LABSFT3Z.js:0
[   13008ms] [WARNING] @import rules are not allowed here. See https://github.com/WICG/construct-stylesheets/issues/119#issuecomment-588352418. @ https://auth.knowledgedump.space/static/dist/chunks/LABSFT3Z.js:0
[   13008ms] [WARNING] @import rules are not allowed here. See https://github.com/WICG/construct-stylesheets/issues/119#issuecomment-588352418. @ https://auth.knowledgedump.space/static/dist/chunks/LABSFT3Z.js:0
[   13008ms] [WARNING] @import rules are not allowed here. See https://github.com/WICG/construct-stylesheets/issues/119#issuecomment-588352418. @ https://auth.knowledgedump.space/static/dist/chunks/LABSFT3Z.js:0
[   13008ms] [WARNING] @import rules are not allowed here. See https://github.com/WICG/construct-stylesheets/issues/119#issuecomment-588352418. @ https://auth.knowledgedump.space/static/dist/chunks/LABSFT3Z.js:0
[   13008ms] [WARNING] @import rules are not allowed here. See https://github.com/WICG/construct-stylesheets/issues/119#issuecomment-588352418. @ https://auth.knowledgedump.space/static/dist/chunks/LABSFT3Z.js:0
[   13008ms] [WARNING] @import rules are not allowed here. See https://github.com/WICG/construct-stylesheets/issues/119#issuecomment-588352418. @ https://auth.knowledgedump.space/static/dist/chunks/LABSFT3Z.js:0
[   13008ms] [WARNING] @import rules are not allowed here. See https://github.com/WICG/construct-stylesheets/issues/119#issuecomment-588352418. @ https://auth.knowledgedump.space/static/dist/chunks/LABSFT3Z.js:0
[   13008ms] [WARNING] @import rules are not allowed here. See https://github.com/WICG/construct-stylesheets/issues/119#issuecomment-588352418. @ https://auth.knowledgedump.space/static/dist/chunks/LABSFT3Z.js:0
[   13008ms] [WARNING] @import rules are not allowed here. See https://github.com/WICG/construct-stylesheets/issues/119#issuecomment-588352418. @ https://auth.knowledgedump.space/static/dist/chunks/LABSFT3Z.js:0
[   13008ms] [WARNING] @import rules are not allowed here. See https://github.com/WICG/construct-stylesheets/issues/119#issuecomment-588352418. @ https://auth.knowledgedump.space/static/dist/chunks/LABSFT3Z.js:0
[   13009ms] [WARNING] @import rules are not allowed here. See https://github.com/WICG/construct-stylesheets/issues/119#issuecomment-588352418. @ https://auth.knowledgedump.space/static/dist/chunks/LABSFT3Z.js:0
[   13009ms] [WARNING] @import rules are not allowed here. See https://github.com/WICG/construct-stylesheets/issues/119#issuecomment-588352418. @ https://auth.knowledgedump.space/static/dist/chunks/LABSFT3Z.js:0
[   13009ms] [WARNING] @import rules are not allowed here. See https://github.com/WICG/construct-stylesheets/issues/119#issuecomment-588352418. @ https://auth.knowledgedump.space/static/dist/chunks/LABSFT3Z.js:0
[   13009ms] [WARNING] @import rules are not allowed here. See https://github.com/WICG/construct-stylesheets/issues/119#issuecomment-588352418. @ https://auth.knowledgedump.space/static/dist/chunks/LABSFT3Z.js:0
[   13009ms] [WARNING] @import rules are not allowed here. See https://github.com/WICG/construct-stylesheets/issues/119#issuecomment-588352418. @ https://auth.knowledgedump.space/static/dist/chunks/LABSFT3Z.js:0
[   13009ms] [WARNING] @import rules are not allowed here. See https://github.com/WICG/construct-stylesheets/issues/119#issuecomment-588352418. @ https://auth.knowledgedump.space/static/dist/chunks/LABSFT3Z.js:0
[   13009ms] [WARNING] @import rules are not allowed here. See https://github.com/WICG/construct-stylesheets/issues/119#issuecomment-588352418. @ https://auth.knowledgedump.space/static/dist/chunks/LABSFT3Z.js:0
[   13009ms] [WARNING] @import rules are not allowed here. See https://github.com/WICG/construct-stylesheets/issues/119#issuecomment-588352418. @ https://auth.knowledgedump.space/static/dist/chunks/LABSFT3Z.js:0
[   13009ms] [WARNING] @import rules are not allowed here. See https://github.com/WICG/construct-stylesheets/issues/119#issuecomment-588352418. @ https://auth.knowledgedump.space/static/dist/chunks/LABSFT3Z.js:0
[   13009ms] [WARNING] @import rules are not allowed here. See https://github.com/WICG/construct-stylesheets/issues/119#issuecomment-588352418. @ https://auth.knowledgedump.space/static/dist/chunks/LABSFT3Z.js:0
[   13009ms] [WARNING] @import rules are not allowed here. See https://github.com/WICG/construct-stylesheets/issues/119#issuecomment-588352418. @ https://auth.knowledgedump.space/static/dist/chunks/LABSFT3Z.js:0
[   13009ms] [WARNING] @import rules are not allowed here. See https://github.com/WICG/construct-stylesheets/issues/119#issuecomment-588352418. @ https://auth.knowledgedump.space/static/dist/chunks/LABSFT3Z.js:0
[   13010ms] [WARNING] @import rules are not allowed here. See https://github.com/WICG/construct-stylesheets/issues/119#issuecomment-588352418. @ https://auth.knowledgedump.space/static/dist/chunks/LABSFT3Z.js:0
[   13010ms] [WARNING] @import rules are not allowed here. See https://github.com/WICG/construct-stylesheets/issues/119#issuecomment-588352418. @ https://auth.knowledgedump.space/static/dist/chunks/LABSFT3Z.js:0
[   13010ms] [WARNING] @import rules are not allowed here. See https://github.com/WICG/construct-stylesheets/issues/119#issuecomment-588352418. @ https://auth.knowledgedump.space/static/dist/chunks/LABSFT3Z.js:0
[   13010ms] [WARNING] @import rules are not allowed here. See https://github.com/WICG/construct-stylesheets/issues/119#issuecomment-588352418. @ https://auth.knowledgedump.space/static/dist/chunks/LABSFT3Z.js:0
[   13010ms] [WARNING] @import rules are not allowed here. See https://github.com/WICG/construct-stylesheets/issues/119#issuecomment-588352418. @ https://auth.knowledgedump.space/static/dist/chunks/LABSFT3Z.js:0
[   13070ms] [WARNING] @import rules are not allowed here. See https://github.com/WICG/construct-stylesheets/issues/119#issuecomment-588352418. @ https://auth.knowledgedump.space/static/dist/chunks/LABSFT3Z.js:0
[   13073ms] [WARNING] @import rules are not allowed here. See https://github.com/WICG/construct-stylesheets/issues/119#issuecomment-588352418. @ https://auth.knowledgedump.space/static/dist/chunks/LABSFT3Z.js:0
[   13073ms] [WARNING] @import rules are not allowed here. See https://github.com/WICG/construct-stylesheets/issues/119#issuecomment-588352418. @ https://auth.knowledgedump.space/static/dist/chunks/LABSFT3Z.js:0
[   13073ms] [WARNING] @import rules are not allowed here. See https://github.com/WICG/construct-stylesheets/issues/119#issuecomment-588352418. @ https://auth.knowledgedump.space/static/dist/chunks/LABSFT3Z.js:0
[   13073ms] [WARNING] @import rules are not allowed here. See https://github.com/WICG/construct-stylesheets/issues/119#issuecomment-588352418. @ https://auth.knowledgedump.space/static/dist/chunks/LABSFT3Z.js:0
[   13074ms] [WARNING] @import rules are not allowed here. See https://github.com/WICG/construct-stylesheets/issues/119#issuecomment-588352418. @ https://auth.knowledgedump.space/static/dist/chunks/LABSFT3Z.js:0
[   13078ms] [WARNING] @import rules are not allowed here. See https://github.com/WICG/construct-stylesheets/issues/119#issuecomment-588352418. @ https://auth.knowledgedump.space/static/dist/chunks/LABSFT3Z.js:0
[   13078ms] [WARNING] @import rules are not allowed here. See https://github.com/WICG/construct-stylesheets/issues/119#issuecomment-588352418. @ https://auth.knowledgedump.space/static/dist/chunks/LABSFT3Z.js:0
[   13134ms] [WARNING] @import rules are not allowed here. See https://github.com/WICG/construct-stylesheets/issues/119#issuecomment-588352418. @ https://auth.knowledgedump.space/static/dist/chunks/LABSFT3Z.js:0
[   13149ms] [WARNING] @import rules are not allowed here. See https://github.com/WICG/construct-stylesheets/issues/119#issuecomment-588352418. @ https://auth.knowledgedump.space/static/dist/chunks/LABSFT3Z.js:0
[   13154ms] [WARNING] @import rules are not allowed here. See https://github.com/WICG/construct-stylesheets/issues/119#issuecomment-588352418. @ https://auth.knowledgedump.space/static/dist/chunks/LABSFT3Z.js:0
