[     163ms] [ERROR] Failed to load resource: the server responded with a status of 400 (Bad Request) @ http://localhost:18080/api/config/custom.css:0
[     378ms] [ERROR] Failed to load resource: the server responded with a status of 400 (Bad Request) @ http://localhost:18080/api/widgets/resources?type=cpu:0
[     380ms] [ERROR] Failed to load resource: the server responded with a status of 400 (Bad Request) @ http://localhost:18080/api/widgets/resources?type=memory:0
[     381ms] [ERROR] Failed to load resource: the server responded with a status of 400 (Bad Request) @ http://localhost:18080/api/widgets/resources?type=disk&target=/:0
[     386ms] [ERROR] Failed to load resource: the server responded with a status of 400 (Bad Request) @ http://localhost:18080/api/validate:0
[     396ms] [ERROR] Failed to load resource: the server responded with a status of 400 (Bad Request) @ http://localhost:18080/api/hash:0
[     400ms] [ERROR] Failed to load resource: the server responded with a status of 400 (Bad Request) @ http://localhost:18080/api/widgets:0
[     401ms] [ERROR] Failed to load resource: the server responded with a status of 400 (Bad Request) @ http://localhost:18080/api/bookmarks:0
[     403ms] [ERROR] Failed to load resource: the server responded with a status of 400 (Bad Request) @ http://localhost:18080/api/services:0
[     409ms] [ERROR] Failed to load resource: the server responded with a status of 400 (Bad Request) @ http://localhost:18080/api/hash:0
[     421ms] [ERROR] Failed to load resource: the server responded with a status of 400 (Bad Request) @ http://localhost:18080/api/config/custom.js:0
[    7538ms] [ERROR] Failed to load resource: the server responded with a status of 404 (Not Found) @ http://localhost:18080/favicon.ico:0
[   13047ms] [ERROR] Failed to load resource: the server responded with a status of 400 (Bad Request) @ http://localhost:18080/api/config/custom.css:0
[   13083ms] [ERROR] Failed to load resource: the server responded with a status of 400 (Bad Request) @ http://localhost:18080/api/widgets/resources?type=cpu:0
[   13091ms] [ERROR] Failed to load resource: the server responded with a status of 400 (Bad Request) @ http://localhost:18080/api/widgets:0
[   13093ms] [ERROR] TypeError: w.filter is not a function
    at eu (http://localhost:18080/_next/static/chunks/pages/index-47c220e7b06f8455.js:1:71433)
    at af (http://localhost:18080/_next/static/chunks/framework-ca2f8fe4a887959b.js:1:65167)
    at uf (http://localhost:18080/_next/static/chunks/framework-ca2f8fe4a887959b.js:1:79462)
    at i (http://localhost:18080/_next/static/chunks/framework-ca2f8fe4a887959b.js:1:126922)
    at oM (http://localhost:18080/_next/static/chunks/framework-ca2f8fe4a887959b.js:1:105704)
    at oF (http://localhost:18080/_next/static/chunks/framework-ca2f8fe4a887959b.js:1:105574)
    at oS (http://localhost:18080/_next/static/chunks/framework-ca2f8fe4a887959b.js:1:102345)
    at o_ (http://localhost:18080/_next/static/chunks/framework-ca2f8fe4a887959b.js:1:102734)
    at r4 (http://localhost:18080/_next/static/chunks/framework-ca2f8fe4a887959b.js:1:51573)
    at http://localhost:18080/_next/static/chunks/framework-ca2f8fe4a887959b.js:1:100259 @ http://localhost:18080/_next/static/chunks/framework-ca2f8fe4a887959b.js:0
[   13093ms] [ERROR] component error: %s, info: %s TypeError: w.filter is not a function [object Object] @ http://localhost:18080/_next/static/chunks/pages/index-47c220e7b06f8455.js:0
[   13095ms] [ERROR] Failed to load resource: the server responded with a status of 400 (Bad Request) @ http://localhost:18080/api/widgets/resources?type=disk&target=/:0
[   13097ms] [ERROR] Failed to load resource: the server responded with a status of 400 (Bad Request) @ http://localhost:18080/api/validate:0
[   13101ms] [ERROR] Failed to load resource: the server responded with a status of 400 (Bad Request) @ http://localhost:18080/api/hash:0
[   13103ms] [ERROR] Failed to load resource: the server responded with a status of 400 (Bad Request) @ http://localhost:18080/api/widgets/resources?type=memory:0
[   13106ms] [ERROR] Failed to load resource: the server responded with a status of 400 (Bad Request) @ http://localhost:18080/api/config/custom.js:0
[   13106ms] [ERROR] Failed to load resource: the server responded with a status of 400 (Bad Request) @ http://localhost:18080/api/services:0
[   13115ms] [ERROR] Failed to load resource: the server responded with a status of 400 (Bad Request) @ http://localhost:18080/api/hash:0
[   13116ms] [ERROR] Failed to load resource: the server responded with a status of 400 (Bad Request) @ http://localhost:18080/api/bookmarks:0
[   13119ms] [ERROR] Failed to load resource: the server responded with a status of 400 (Bad Request) @ http://localhost:18080/api/releases:0
[   13130ms] [ERROR] Failed to load resource: the server responded with a status of 400 (Bad Request) @ http://localhost:18080/api/revalidate:0
