[    1520ms] [ERROR] Failed to load resource: the server responded with a status of 404 (Not Found) @ http://homepage.talos00/api/kubernetes/status/tdarr/tdarr?:0
[    1814ms] [ERROR] Failed to load resource: the server responded with a status of 404 (Not Found) @ http://homepage.talos00/api/kubernetes/status/minio/minio-console?:0
[    2130ms] [ERROR] Failed to load resource: the server responded with a status of 404 (Not Found) @ http://homepage.talos00/api/kubernetes/status/monitoring/grafana?:0
[    2218ms] [ERROR] Failed to load resource: the server responded with a status of 404 (Not Found) @ http://homepage.talos00/api/kubernetes/status/monitoring/alloy-otlp?:0
[    2669ms] [ERROR] Failed to load resource: the server responded with a status of 404 (Not Found) @ http://homepage.talos00/api/kubernetes/status/infra-control/headlamp?:0
[    2713ms] [ERROR] Failed to load resource: the server responded with a status of 404 (Not Found) @ http://homepage.talos00/api/kubernetes/status/infra-control/goldilocks?:0
[    2930ms] [ERROR] Failed to load resource: the server responded with a status of 404 (Not Found) @ http://homepage.talos00/api/kubernetes/status/infra-control/kube-ops-view?:0
[    4895ms] [ERROR] Failed to load resource: the server responded with a status of 404 (Not Found) @ http://homepage.talos00/api/kubernetes/status/tdarr/tdarr?:0
[    4908ms] [ERROR] Failed to load resource: the server responded with a status of 404 (Not Found) @ http://homepage.talos00/api/kubernetes/stats/tdarr/tdarr?:0
[    5224ms] [ERROR] Failed to load resource: the server responded with a status of 404 (Not Found) @ http://homepage.talos00/api/kubernetes/status/minio/minio-console?:0
[    5230ms] [ERROR] Failed to load resource: the server responded with a status of 404 (Not Found) @ http://homepage.talos00/api/kubernetes/stats/minio/minio-console?:0
[    5329ms] [ERROR] Failed to load resource: the server responded with a status of 404 (Not Found) @ http://homepage.talos00/api/kubernetes/status/monitoring/grafana?:0
[    5375ms] [ERROR] Failed to load resource: the server responded with a status of 404 (Not Found) @ http://homepage.talos00/api/kubernetes/stats/monitoring/grafana?:0
[    5469ms] [ERROR] Failed to load resource: the server responded with a status of 404 (Not Found) @ http://homepage.talos00/api/kubernetes/status/monitoring/alloy-otlp?:0
[    5552ms] [ERROR] Failed to load resource: the server responded with a status of 404 (Not Found) @ http://homepage.talos00/api/kubernetes/stats/monitoring/alloy-otlp?:0
[    5770ms] [ERROR] Failed to load resource: the server responded with a status of 404 (Not Found) @ http://homepage.talos00/api/kubernetes/status/infra-control/headlamp?:0
[    5871ms] [ERROR] Failed to load resource: the server responded with a status of 404 (Not Found) @ http://homepage.talos00/api/kubernetes/stats/infra-control/headlamp?:0
[    5884ms] [ERROR] Failed to load resource: the server responded with a status of 404 (Not Found) @ http://homepage.talos00/api/kubernetes/status/infra-control/goldilocks?:0
[    5919ms] [ERROR] Failed to load resource: the server responded with a status of 404 (Not Found) @ http://homepage.talos00/api/kubernetes/stats/infra-control/goldilocks?:0
[    5968ms] [ERROR] Failed to load resource: the server responded with a status of 404 (Not Found) @ http://homepage.talos00/api/kubernetes/status/infra-control/kube-ops-view?:0
[    5999ms] [ERROR] Failed to load resource: the server responded with a status of 404 (Not Found) @ http://homepage.talos00/api/kubernetes/stats/infra-control/kube-ops-view?:0
[    9915ms] [ERROR] Failed to load resource: the server responded with a status of 400 (Bad Request) @ http://homepage.talos00/api/services/proxy?group=Media&service=Tautulli&index=0&endpoint=get_activity&query=%7B%22refreshInterval%22%3A5000%7D:0
[   10131ms] [ERROR] Failed to load resource: the server responded with a status of 401 (Unauthorized) @ http://homepage.talos00/api/services/proxy?group=Media&service=qBittorrent&index=0&endpoint=torrents:0
[   10528ms] [ERROR] Failed to load resource: the server responded with a status of 403 (Forbidden) @ http://homepage.talos00/api/services/proxy?group=Infrastructure&service=Authentik&index=0&endpoint=users:0
[   10638ms] [ERROR] Failed to load resource: the server responded with a status of 403 (Forbidden) @ http://homepage.talos00/api/services/proxy?group=Infrastructure&service=Authentik&index=0&endpoint=login:0
[   10752ms] [ERROR] Failed to load resource: the server responded with a status of 403 (Forbidden) @ http://homepage.talos00/api/services/proxy?group=Infrastructure&service=Authentik&index=0&endpoint=login_failed:0
[   10756ms] [ERROR] TypeError: Cannot read properties of undefined (reading 'count')
    at l (http://homepage.talos00/_next/static/chunks/7136.98620efc0d410d7a.js:1:1379)
    at l9 (http://homepage.talos00/_next/static/chunks/framework-731703d229fef25d.js:1:66031)
    at oO (http://homepage.talos00/_next/static/chunks/framework-731703d229fef25d.js:1:86425)
    at oK (http://homepage.talos00/_next/static/chunks/framework-731703d229fef25d.js:1:97455)
    at uS (http://homepage.talos00/_next/static/chunks/framework-731703d229fef25d.js:1:131088)
    at http://homepage.talos00/_next/static/chunks/framework-731703d229fef25d.js:1:130933
    at uw (http://homepage.talos00/_next/static/chunks/framework-731703d229fef25d.js:1:130941)
    at uc (http://homepage.talos00/_next/static/chunks/framework-731703d229fef25d.js:1:127097)
    at uJ (http://homepage.talos00/_next/static/chunks/framework-731703d229fef25d.js:1:149575)
    at uK (http://homepage.talos00/_next/static/chunks/framework-731703d229fef25d.js:1:147788) @ http://homepage.talos00/_next/static/chunks/framework-731703d229fef25d.js:0
[   10757ms] [ERROR] component error: %s, info: %s TypeError: Cannot read properties of undefined (reading 'count') [object Object] @ http://homepage.talos00/_next/static/chunks/pages/index-6a3c2a06674ee83a.js:0
[   10961ms] [ERROR] Failed to load resource: the server responded with a status of 404 (Not Found) @ http://homepage.talos00/api/services/proxy?group=Monitoring&service=Grafana&index=0&endpoint=alerts:0
[   12424ms] [ERROR] Failed to load resource: the server responded with a status of 500 (Internal Server Error) @ http://homepage.talos00/api/services/proxy?group=Home+%26+Tools&service=Home+Assistant&index=0&query=%7B%22refreshInterval%22%3A60000%7D:0
[   15139ms] [ERROR] Failed to load resource: the server responded with a status of 400 (Bad Request) @ http://homepage.talos00/api/services/proxy?group=Media&service=Tautulli&index=0&endpoint=get_activity&query=%7B%22refreshInterval%22%3A5000%7D:0
[   15395ms] [ERROR] Failed to load resource: the server responded with a status of 401 (Unauthorized) @ http://homepage.talos00/api/services/proxy?group=Media&service=qBittorrent&index=0&endpoint=torrents:0
