[  286919ms] [ERROR] Failed to load resource: the server responded with a status of 502 (Bad Gateway) @ http://media-explorer.talos00/viewer/media/thumbnail/metube/youtube.com/4%E2%A7%B89%E2%A7%B826%20Full%20Show%20Video.mp4:0
[  286920ms] [ERROR] Failed to load resource: the server responded with a status of 502 (Bad Gateway) @ http://media-explorer.talos00/viewer/media/thumbnail/metube/youtube.com/%E2%80%98What%20a%20CROCK%20of%20S%EF%BC%8A%EF%BC%8A%EF%BC%8A!%E2%80%99%20Piers%20Morgan%20vs%20Nick%20Fuentes%20%EF%BD%9C%20Full%20interview.mp4:0
[  286920ms] [ERROR] Failed to load resource: the server responded with a status of 502 (Bad Gateway) @ http://media-explorer.talos00/viewer/media/thumbnail/metube/youtube.com/4%E2%A7%B814%E2%A7%B826%20Full%20Show.mp4:0
[  286920ms] [ERROR] Failed to load resource: the server responded with a status of 502 (Bad Gateway) @ http://media-explorer.talos00/viewer/media/thumbnail/metube/youtube.com/%EF%BC%82It's%20REAL!%EF%BC%82%20-%20The%20Peter%20Thiel%20Epstein%20%E2%80%9CSecret%20Society%E2%80%9D%20Email%20%EF%BD%9C%20Julian%20Dorey.mp4:0
[  286920ms] [ERROR] Failed to load resource: the server responded with a status of 502 (Bad Gateway) @ http://media-explorer.talos00/viewer/media/thumbnail/metube/youtube.com/3%E2%A7%B830%E2%A7%B826%20Full%20Show.mp4:0
[  286920ms] [ERROR] Failed to load resource: the server responded with a status of 502 (Bad Gateway) @ http://media-explorer.talos00/viewer/media/thumbnail/metube/youtube.com/How%20is%20Lindsey%20Graham%20Getting%20Away%20With%20This%EF%BC%9F%20%F0%9F%A4%AF.mp4:0
[  286930ms] [ERROR] Failed to load resource: the server responded with a status of 502 (Bad Gateway) @ http://media-explorer.talos00/viewer/media/thumbnail/metube/youtube.com/Intel%20Update%20-%20April%2011%20-%20Dire%20Strait.mp4:0
[  286930ms] [ERROR] Failed to load resource: the server responded with a status of 502 (Bad Gateway) @ http://media-explorer.talos00/viewer/media/thumbnail/metube/youtube.com/Joe%20Rogan%20Experience%20#2284%20-%20Ian%20Carroll.mp4:0
[  286930ms] [ERROR] Failed to load resource: the server responded with a status of 502 (Bad Gateway) @ http://media-explorer.talos00/viewer/media/thumbnail/metube/youtube.com/Dan%20Bilzerian%20is%20Running%20for%20Congress%20-%20SNEAKO%20Interview.mp4:0
[  286930ms] [ERROR] Failed to load resource: the server responded with a status of 502 (Bad Gateway) @ http://media-explorer.talos00/viewer/media/thumbnail/metube/youtube.com/Massive%20Arrest%20of%20Fraudsters%20PROVES%20Nick%20Shirley%20Was%20Right%20All%20Along.mp4:0
[  286930ms] [ERROR] Failed to load resource: the server responded with a status of 502 (Bad Gateway) @ http://media-explorer.talos00/viewer/media/thumbnail/metube/youtube.com/It's%20time%20to%20talk%20about%209%E2%A7%B811.mp4:0
[  286935ms] [ERROR] Failed to load resource: the server responded with a status of 502 (Bad Gateway) @ http://media-explorer.talos00/viewer:0
[  286953ms] [ERROR] Failed to load resource: the server responded with a status of 502 (Bad Gateway) @ http://media-explorer.talos00/favicon.ico:0
[  288565ms] [ERROR] Failed to load resource: the server responded with a status of 503 (Service Unavailable) @ http://media-explorer.talos00/viewer:0
[  288574ms] [ERROR] Failed to load resource: the server responded with a status of 503 (Service Unavailable) @ http://media-explorer.talos00/favicon.ico:0
[  290911ms] [ERROR] Failed to load resource: the server responded with a status of 503 (Service Unavailable) @ http://media-explorer.talos00/:0
[  290928ms] [ERROR] Failed to load resource: the server responded with a status of 503 (Service Unavailable) @ http://media-explorer.talos00/favicon.ico:0
[  344361ms] [ERROR] Failed to load resource: the server responded with a status of 404 (Not Found) @ http://media-explorer.talos00/:0
[  344374ms] [ERROR] Failed to load resource: the server responded with a status of 404 (Not Found) @ http://media-explorer.talos00/favicon.ico:0
[  354597ms] [ERROR] Failed to load resource: the server responded with a status of 502 (Bad Gateway) @ http://media-explorer.talos00/viewer/media/thumbnail/metube/youtube.com/4%E2%A7%B814%E2%A7%B826%20Full%20Show.mp4:0
[  354597ms] [ERROR] Failed to load resource: the server responded with a status of 502 (Bad Gateway) @ http://media-explorer.talos00/viewer/media/thumbnail/metube/youtube.com/5th%20Generation%20Warfare%EF%BC%9A%20History,%20Modern%20Context,%20and%20(Some)%20Solutions.mp4:0
[  354601ms] [ERROR] Failed to load resource: the server responded with a status of 502 (Bad Gateway) @ http://media-explorer.talos00/viewer/media/thumbnail/metube/youtube.com/Inside%20The%20AIPAC%20Pipeline.mp4:0
[  354601ms] [ERROR] Failed to load resource: the server responded with a status of 502 (Bad Gateway) @ http://media-explorer.talos00/viewer/media/thumbnail/metube/youtube.com/%E2%80%98What%20a%20CROCK%20of%20S%EF%BC%8A%EF%BC%8A%EF%BC%8A!%E2%80%99%20Piers%20Morgan%20vs%20Nick%20Fuentes%20%EF%BD%9C%20Full%20interview.mp4:0
[  354606ms] [ERROR] Failed to load resource: the server responded with a status of 502 (Bad Gateway) @ http://media-explorer.talos00/viewer/media/thumbnail/metube/youtube.com/4%E2%A7%B89%E2%A7%B826%20Full%20Show%20Video.mp4:0
[  354607ms] [ERROR] Failed to load resource: the server responded with a status of 502 (Bad Gateway) @ http://media-explorer.talos00/viewer/media/thumbnail/metube/youtube.com/3%E2%A7%B830%E2%A7%B826%20Full%20Show.mp4:0
[  354612ms] [ERROR] Failed to load resource: the server responded with a status of 502 (Bad Gateway) @ http://media-explorer.talos00/viewer/media/thumbnail/metube/youtube.com/Joe%20Rogan%20Experience%20#2284%20-%20Ian%20Carroll.mp4:0
[  354612ms] [ERROR] Failed to load resource: the server responded with a status of 502 (Bad Gateway) @ http://media-explorer.talos00/viewer/media/thumbnail/metube/youtube.com/Massive%20Arrest%20of%20Fraudsters%20PROVES%20Nick%20Shirley%20Was%20Right%20All%20Along.mp4:0
[  354612ms] [ERROR] Failed to load resource: the server responded with a status of 502 (Bad Gateway) @ http://media-explorer.talos00/viewer/media/thumbnail/metube/youtube.com/MASSIVE%20False%20Flag%20Signaled%20Coming%20to%20Los%20Angeles.mp4:0
[  354614ms] [ERROR] Failed to load resource: the server responded with a status of 502 (Bad Gateway) @ http://media-explorer.talos00/viewer/media/thumbnail/metube/youtube.com/Entire%20State%20Of%20Ohio%20Being%20BOUGHT%20UP%20By%20Epstein%20Benefactor%20Lex%20Wexner!%20w%E2%A7%B8%20Whitney%20Webb.mp4:0
[  354616ms] [ERROR] Failed to load resource: the server responded with a status of 502 (Bad Gateway) @ http://media-explorer.talos00/viewer/media/thumbnail/metube/youtube.com/Dan%20Bilzerian%20is%20Running%20for%20Congress%20-%20SNEAKO%20Interview.mp4:0
[  354619ms] [ERROR] Failed to load resource: the server responded with a status of 502 (Bad Gateway) @ http://media-explorer.talos00/viewer/media/thumbnail/metube/youtube.com/It's%20time%20to%20talk%20about%209%E2%A7%B811.mp4:0
[  354622ms] [ERROR] Failed to load resource: the server responded with a status of 502 (Bad Gateway) @ http://media-explorer.talos00/viewer/media/thumbnail/metube/youtube.com/Korean%20Pres%20FLAMES%20Israel%20As%20Asia%20SCREWED%20By%20Trump.mp4:0
[  354632ms] [ERROR] Failed to load resource: the server responded with a status of 502 (Bad Gateway) @ http://media-explorer.talos00/viewer/media/thumbnail/metube/youtube.com/Intel%20Update%20-%20April%2011%20-%20Dire%20Strait.mp4:0
[  354637ms] [ERROR] Failed to load resource: the server responded with a status of 502 (Bad Gateway) @ http://media-explorer.talos00/viewer/media/thumbnail/metube/youtube.com/Creating%20Israel%EF%BC%9A%20Terror%20in%20the%20Middle%20East.mp4:0
[  354637ms] [ERROR] Failed to load resource: the server responded with a status of 502 (Bad Gateway) @ http://media-explorer.talos00/viewer/media/thumbnail/metube/youtube.com/How%20is%20Lindsey%20Graham%20Getting%20Away%20With%20This%EF%BC%9F%20%F0%9F%A4%AF.mp4:0
[  354646ms] [ERROR] Failed to load resource: the server responded with a status of 502 (Bad Gateway) @ http://media-explorer.talos00/viewer/media/thumbnail/metube/youtube.com/JD%20Vance%E2%80%99s%20Peace%20Negotiations%20Have%20Officially%20FAILED..mp4:0
[  354649ms] [ERROR] Failed to load resource: the server responded with a status of 502 (Bad Gateway) @ http://media-explorer.talos00/viewer/media/thumbnail/metube/youtube.com/How%20Israel%20Built%20Nuclear%20Weapons%20(and%20lied%20about%20it).mp4:0
[  354649ms] [ERROR] Failed to load resource: the server responded with a status of 502 (Bad Gateway) @ http://media-explorer.talos00/viewer/media/thumbnail/metube/youtube.com/Otezla%20-%20SNL.mp4:0
[  354650ms] [ERROR] Failed to load resource: the server responded with a status of 502 (Bad Gateway) @ http://media-explorer.talos00/viewer/media/thumbnail/metube/youtube.com/Julian%20REACTS%20to%20Israeli%20National%20Arrested%20in%20Bio%20Lab%20Case%20(COVER%20UP!).mp4:0
[  354650ms] [ERROR] Failed to load resource: the server responded with a status of 502 (Bad Gateway) @ http://media-explorer.talos00/viewer/media/thumbnail/metube/youtube.com/Passing%20Notes%20-%20SNL.mp4:0
[  354650ms] [ERROR] Failed to load resource: the server responded with a status of 502 (Bad Gateway) @ http://media-explorer.talos00/viewer/media/thumbnail/metube/youtube.com/Rick%20Spence%EF%BC%9A%20CIA,%20KGB,%20Illuminati,%20Secret%20Societies,%20Cults%20&%20Conspiracies%20%EF%BD%9C%20Lex%20Fridman%20Podcast%20#451.mp4:0
[  354669ms] [ERROR] Failed to load resource: the server responded with a status of 502 (Bad Gateway) @ http://media-explorer.talos00/viewer/media/thumbnail/metube/youtube.com/The%20'Other'%20Professor%20Jiang%20EVERYONE%20is%20Ignoring%20%EF%BD%9C%20Kurt%20Meztger.mp4:0
[  354672ms] [ERROR] Failed to load resource: the server responded with a status of 502 (Bad Gateway) @ http://media-explorer.talos00/viewer/media/thumbnail/metube/youtube.com/Saagar%20X%20Joe%20Kent%EF%BC%9A%20RESIGNATION,%20Israeli%20NUKES,%20Epstein,%20Charlie%20Kirk,%20Mike%20Huckabee.mp4:0
[  354673ms] [ERROR] Failed to load resource: the server responded with a status of 502 (Bad Gateway) @ http://media-explorer.talos00/viewer/media/thumbnail/metube/youtube.com/The%20BAFTA's%20Showed%20Us%20Who%20People%20Really%20Are.mp4:0
[  354673ms] [ERROR] Failed to load resource: the server responded with a status of 502 (Bad Gateway) @ http://media-explorer.talos00/viewer/media/thumbnail/metube/youtube.com/Sarah%20Paine%20%E2%80%94%20The%20war%20for%20India%20(lecture%20&%20interview).mp4:0
[  354675ms] [ERROR] Failed to load resource: the server responded with a status of 502 (Bad Gateway) @ http://media-explorer.talos00/viewer/media/thumbnail/metube/youtube.com/The%20Moment%20Konstantin%20Kisin%20Realized%20How%20Foolish%20Alex%20O'Connor%20Really%20Is.mp4:0
[  354675ms] [ERROR] Failed to load resource: the server responded with a status of 502 (Bad Gateway) @ http://media-explorer.talos00/viewer/media/thumbnail/metube/youtube.com/Sarah%20Paine%20%E2%80%94%20Why%20Japan%20lost%20WWII%20(lecture%20&%20interview).mp4:0
[  354693ms] [ERROR] Failed to load resource: the server responded with a status of 502 (Bad Gateway) @ http://media-explorer.talos00/viewer/media/thumbnail/metube/youtube.com/This%20Needs%20to%20Be%20Aired%20Publicly.%20Tucker%20Explains..mp4:0
[  354695ms] [ERROR] Failed to load resource: the server responded with a status of 502 (Bad Gateway) @ http://media-explorer.talos00/viewer/media/thumbnail/metube/youtube.com/The%20New%20Epstein%20Files%20Change%20Everything.mp4:0
[  354699ms] [ERROR] Failed to load resource: the server responded with a status of 502 (Bad Gateway) @ http://media-explorer.talos00/viewer/media/thumbnail/metube/youtube.com/The%20Most%20Suppressed%20Books%20Explained%20in%2025%20Minutes.mp4:0
[  354706ms] [ERROR] Failed to load resource: the server responded with a status of 502 (Bad Gateway) @ http://media-explorer.talos00/viewer/media/thumbnail/metube/youtube.com/This%20State%20Has%20the%20MOST%20Cancer%20%F0%9F%98%B3.mp4:0
[  354708ms] [ERROR] Failed to load resource: the server responded with a status of 502 (Bad Gateway) @ http://media-explorer.talos00/viewer/media/thumbnail/metube/youtube.com/Trying%20to%20Understand%20the%20Strategy%20Behind%20the%20Iran%20Conflict.mp4:0
[  354708ms] [ERROR] Failed to load resource: the server responded with a status of 502 (Bad Gateway) @ http://media-explorer.talos00/viewer/media/thumbnail/metube/youtube.com/The%20Progressive%20Worldview%20EXPOSED....mp4:0
[  354713ms] [ERROR] Failed to load resource: the server responded with a status of 502 (Bad Gateway) @ http://media-explorer.talos00/viewer/media/thumbnail/metube/youtube.com/What%20if%EF%BC%9F%20Ron%20Paul%20Speech%20%EF%BD%9C%20The%20Greatest%20Speech%20We%20Never%20Paid%20Attention%20To.mp4:0
[  354717ms] [ERROR] Failed to load resource: the server responded with a status of 502 (Bad Gateway) @ http://media-explorer.talos00/viewer/media/thumbnail/metube/youtube.com/Vote%20These%20FREAKS%20Out%20of%20Office.mp4:0
[  358917ms] [ERROR] Failed to load resource: the server responded with a status of 503 (Service Unavailable) @ http://media-explorer.talos00/viewer/:0
[  362002ms] [ERROR] Failed to load resource: the server responded with a status of 503 (Service Unavailable) @ http://media-explorer.talos00/viewer:0
[  365125ms] [ERROR] Failed to load resource: the server responded with a status of 503 (Service Unavailable) @ http://media-explorer.talos00/viewer:0
[  367659ms] [ERROR] Failed to load resource: the server responded with a status of 503 (Service Unavailable) @ http://media-explorer.talos00/viewer/:0
[  378959ms] [ERROR] Failed to load resource: the server responded with a status of 503 (Service Unavailable) @ http://media-explorer.talos00/viewer/:0
[  419847ms] [ERROR] Failed to load resource: the server responded with a status of 502 (Bad Gateway) @ http://media-explorer.talos00/viewer/media/thumbnail/metube/youtube.com/5th%20Generation%20Warfare%EF%BC%9A%20History,%20Modern%20Context,%20and%20(Some)%20Solutions.mp4:0
[  419847ms] [ERROR] Failed to load resource: the server responded with a status of 502 (Bad Gateway) @ http://media-explorer.talos00/viewer/media/thumbnail/metube/youtube.com/4%E2%A7%B814%E2%A7%B826%20Full%20Show.mp4:0
[  419847ms] [ERROR] Failed to load resource: the server responded with a status of 502 (Bad Gateway) @ http://media-explorer.talos00/viewer/media/thumbnail/metube/youtube.com/4%E2%A7%B89%E2%A7%B826%20Full%20Show%20Video.mp4:0
[  419847ms] [ERROR] Failed to load resource: the server responded with a status of 502 (Bad Gateway) @ http://media-explorer.talos00/viewer/media/thumbnail/metube/youtube.com/Creating%20Israel%EF%BC%9A%20Terror%20in%20the%20Middle%20East.mp4:0
[  419847ms] [ERROR] Failed to load resource: the server responded with a status of 502 (Bad Gateway) @ http://media-explorer.talos00/viewer/media/thumbnail/metube/youtube.com/%E2%80%98What%20a%20CROCK%20of%20S%EF%BC%8A%EF%BC%8A%EF%BC%8A!%E2%80%99%20Piers%20Morgan%20vs%20Nick%20Fuentes%20%EF%BD%9C%20Full%20interview.mp4:0
[  419847ms] [ERROR] Failed to load resource: the server responded with a status of 502 (Bad Gateway) @ http://media-explorer.talos00/viewer/media/thumbnail/metube/youtube.com/3%E2%A7%B830%E2%A7%B826%20Full%20Show.mp4:0
[  419860ms] [ERROR] Failed to load resource: the server responded with a status of 502 (Bad Gateway) @ http://media-explorer.talos00/viewer/media/thumbnail/metube/youtube.com/Intel%20Update%20-%20April%2011%20-%20Dire%20Strait.mp4:0
[  419875ms] [ERROR] Failed to load resource: the server responded with a status of 502 (Bad Gateway) @ http://media-explorer.talos00/viewer/media/thumbnail/metube/youtube.com/How%20is%20Lindsey%20Graham%20Getting%20Away%20With%20This%EF%BC%9F%20%F0%9F%A4%AF.mp4:0
[  419875ms] [ERROR] Failed to load resource: the server responded with a status of 502 (Bad Gateway) @ http://media-explorer.talos00/viewer/media/thumbnail/metube/youtube.com/Dan%20Bilzerian%20is%20Running%20for%20Congress%20-%20SNEAKO%20Interview.mp4:0
[  419877ms] [ERROR] Failed to load resource: the server responded with a status of 502 (Bad Gateway) @ http://media-explorer.talos00/viewer/media/thumbnail/metube/youtube.com/How%20Israel%20Built%20Nuclear%20Weapons%20(and%20lied%20about%20it).mp4:0
[  419877ms] [ERROR] Failed to load resource: the server responded with a status of 502 (Bad Gateway) @ http://media-explorer.talos00/viewer/media/thumbnail/metube/youtube.com/Entire%20State%20Of%20Ohio%20Being%20BOUGHT%20UP%20By%20Epstein%20Benefactor%20Lex%20Wexner!%20w%E2%A7%B8%20Whitney%20Webb.mp4:0
[  419878ms] [ERROR] Failed to load resource: the server responded with a status of 502 (Bad Gateway) @ http://media-explorer.talos00/viewer/media/thumbnail/metube/youtube.com/Inside%20The%20AIPAC%20Pipeline.mp4:0
[  419878ms] [ERROR] Failed to load resource: the server responded with a status of 502 (Bad Gateway) @ http://media-explorer.talos00/viewer/media/thumbnail/metube/youtube.com/Joe%20Rogan%20Experience%20#2284%20-%20Ian%20Carroll.mp4:0
[  419887ms] [ERROR] Failed to load resource: the server responded with a status of 502 (Bad Gateway) @ http://media-explorer.talos00/viewer/media/thumbnail/metube/youtube.com/JD%20Vance%E2%80%99s%20Peace%20Negotiations%20Have%20Officially%20FAILED..mp4:0
[  419887ms] [ERROR] Failed to load resource: the server responded with a status of 502 (Bad Gateway) @ http://media-explorer.talos00/viewer/media/thumbnail/metube/youtube.com/It's%20time%20to%20talk%20about%209%E2%A7%B811.mp4:0
[  419896ms] [ERROR] Failed to load resource: the server responded with a status of 502 (Bad Gateway) @ http://media-explorer.talos00/viewer/media/thumbnail/metube/youtube.com/Massive%20Arrest%20of%20Fraudsters%20PROVES%20Nick%20Shirley%20Was%20Right%20All%20Along.mp4:0
[  419896ms] [ERROR] Failed to load resource: the server responded with a status of 502 (Bad Gateway) @ http://media-explorer.talos00/viewer/media/thumbnail/metube/youtube.com/MASSIVE%20False%20Flag%20Signaled%20Coming%20to%20Los%20Angeles.mp4:0
[  419896ms] [ERROR] Failed to load resource: the server responded with a status of 502 (Bad Gateway) @ http://media-explorer.talos00/viewer/media/thumbnail/metube/youtube.com/Korean%20Pres%20FLAMES%20Israel%20As%20Asia%20SCREWED%20By%20Trump.mp4:0
[  419896ms] [ERROR] Failed to load resource: the server responded with a status of 502 (Bad Gateway) @ http://media-explorer.talos00/viewer/media/thumbnail/metube/youtube.com/Otezla%20-%20SNL.mp4:0
[  419898ms] [ERROR] Failed to load resource: the server responded with a status of 502 (Bad Gateway) @ http://media-explorer.talos00/viewer/media/thumbnail/metube/youtube.com/Passing%20Notes%20-%20SNL.mp4:0
[  419914ms] [ERROR] Failed to load resource: the server responded with a status of 502 (Bad Gateway) @ http://media-explorer.talos00/viewer/media/thumbnail/metube/youtube.com/Julian%20REACTS%20to%20Israeli%20National%20Arrested%20in%20Bio%20Lab%20Case%20(COVER%20UP!).mp4:0
[  419914ms] [ERROR] Failed to load resource: the server responded with a status of 502 (Bad Gateway) @ http://media-explorer.talos00/viewer/media/thumbnail/metube/youtube.com/The%20'Other'%20Professor%20Jiang%20EVERYONE%20is%20Ignoring%20%EF%BD%9C%20Kurt%20Meztger.mp4:0
[  419914ms] [ERROR] Failed to load resource: the server responded with a status of 502 (Bad Gateway) @ http://media-explorer.talos00/viewer/media/thumbnail/metube/youtube.com/Rick%20Spence%EF%BC%9A%20CIA,%20KGB,%20Illuminati,%20Secret%20Societies,%20Cults%20&%20Conspiracies%20%EF%BD%9C%20Lex%20Fridman%20Podcast%20#451.mp4:0
[  419914ms] [ERROR] Failed to load resource: the server responded with a status of 502 (Bad Gateway) @ http://media-explorer.talos00/viewer/media/thumbnail/metube/youtube.com/Sarah%20Paine%20%E2%80%94%20Why%20Japan%20lost%20WWII%20(lecture%20&%20interview).mp4:0
[  419914ms] [ERROR] Failed to load resource: the server responded with a status of 502 (Bad Gateway) @ http://media-explorer.talos00/viewer/media/thumbnail/metube/youtube.com/Sarah%20Paine%20%E2%80%94%20The%20war%20for%20India%20(lecture%20&%20interview).mp4:0
[  419915ms] [ERROR] Failed to load resource: the server responded with a status of 502 (Bad Gateway) @ http://media-explorer.talos00/viewer/media/thumbnail/metube/youtube.com/Saagar%20X%20Joe%20Kent%EF%BC%9A%20RESIGNATION,%20Israeli%20NUKES,%20Epstein,%20Charlie%20Kirk,%20Mike%20Huckabee.mp4:0
[  419933ms] [ERROR] Failed to load resource: the server responded with a status of 502 (Bad Gateway) @ http://media-explorer.talos00/viewer/media/thumbnail/metube/youtube.com/The%20Progressive%20Worldview%20EXPOSED....mp4:0
[  419933ms] [ERROR] Failed to load resource: the server responded with a status of 502 (Bad Gateway) @ http://media-explorer.talos00/viewer/media/thumbnail/metube/youtube.com/The%20Moment%20Konstantin%20Kisin%20Realized%20How%20Foolish%20Alex%20O'Connor%20Really%20Is.mp4:0
[  419933ms] [ERROR] Failed to load resource: the server responded with a status of 502 (Bad Gateway) @ http://media-explorer.talos00/viewer/media/thumbnail/metube/youtube.com/This%20Needs%20to%20Be%20Aired%20Publicly.%20Tucker%20Explains..mp4:0
[  419934ms] [ERROR] Failed to load resource: the server responded with a status of 502 (Bad Gateway) @ http://media-explorer.talos00/viewer/media/thumbnail/metube/youtube.com/The%20Most%20Suppressed%20Books%20Explained%20in%2025%20Minutes.mp4:0
[  419934ms] [ERROR] Failed to load resource: the server responded with a status of 502 (Bad Gateway) @ http://media-explorer.talos00/viewer/media/thumbnail/metube/youtube.com/The%20BAFTA's%20Showed%20Us%20Who%20People%20Really%20Are.mp4:0
[  419934ms] [ERROR] Failed to load resource: the server responded with a status of 502 (Bad Gateway) @ http://media-explorer.talos00/viewer/media/thumbnail/metube/youtube.com/The%20New%20Epstein%20Files%20Change%20Everything.mp4:0
[  419944ms] [ERROR] Failed to load resource: the server responded with a status of 502 (Bad Gateway) @ http://media-explorer.talos00/viewer/media/thumbnail/metube/youtube.com/What%20if%EF%BC%9F%20Ron%20Paul%20Speech%20%EF%BD%9C%20The%20Greatest%20Speech%20We%20Never%20Paid%20Attention%20To.mp4:0
[  419956ms] [ERROR] Failed to load resource: the server responded with a status of 502 (Bad Gateway) @ http://media-explorer.talos00/viewer/media/thumbnail/metube/youtube.com/This%20State%20Has%20the%20MOST%20Cancer%20%F0%9F%98%B3.mp4:0
[  419959ms] [ERROR] Failed to load resource: the server responded with a status of 502 (Bad Gateway) @ http://media-explorer.talos00/viewer/media/thumbnail/metube/youtube.com/Trying%20to%20Understand%20the%20Strategy%20Behind%20the%20Iran%20Conflict.mp4:0
[  419959ms] [ERROR] Failed to load resource: the server responded with a status of 502 (Bad Gateway) @ http://media-explorer.talos00/viewer/media/thumbnail/metube/youtube.com/Vote%20These%20FREAKS%20Out%20of%20Office.mp4:0
[  425716ms] [ERROR] Failed to load resource: the server responded with a status of 503 (Service Unavailable) @ http://media-explorer.talos00/viewer/:0
[  425768ms] [ERROR] Failed to load resource: the server responded with a status of 503 (Service Unavailable) @ http://media-explorer.talos00/favicon.ico:0
[  427806ms] [ERROR] Failed to load resource: the server responded with a status of 503 (Service Unavailable) @ http://media-explorer.talos00/viewer/:0
[  427828ms] [ERROR] Failed to load resource: the server responded with a status of 503 (Service Unavailable) @ http://media-explorer.talos00/favicon.ico:0
[  430340ms] [ERROR] Failed to load resource: the server responded with a status of 503 (Service Unavailable) @ http://media-explorer.talos00/viewer:0
[  430355ms] [ERROR] Failed to load resource: the server responded with a status of 503 (Service Unavailable) @ http://media-explorer.talos00/favicon.ico:0
[  436445ms] [ERROR] Failed to load resource: the server responded with a status of 503 (Service Unavailable) @ http://media-explorer.talos00/viewer:0
[  436480ms] [ERROR] Failed to load resource: the server responded with a status of 503 (Service Unavailable) @ http://media-explorer.talos00/favicon.ico:0
[  437518ms] [ERROR] Failed to load resource: the server responded with a status of 503 (Service Unavailable) @ http://media-explorer.talos00/viewer:0
[  437529ms] [ERROR] Failed to load resource: the server responded with a status of 503 (Service Unavailable) @ http://media-explorer.talos00/favicon.ico:0
[  438339ms] [ERROR] Failed to load resource: the server responded with a status of 503 (Service Unavailable) @ http://media-explorer.talos00/viewer:0
[  438354ms] [ERROR] Failed to load resource: the server responded with a status of 503 (Service Unavailable) @ http://media-explorer.talos00/favicon.ico:0
[  742889ms] [ERROR] Failed to load resource: the server responded with a status of 404 (Not Found) @ http://media-explorer.talos00/viewer/media/thumbnail/metube/youtube.com/Joe%20Rogan%20Experience%20#2284%20-%20Ian%20Carroll.mp4:0
[  748214ms] [ERROR] Failed to load resource: the server responded with a status of 404 (Not Found) @ http://media-explorer.talos00/viewer/media/thumbnail/metube/youtube.com/Rick%20Spence%EF%BC%9A%20CIA,%20KGB,%20Illuminati,%20Secret%20Societies,%20Cults%20&%20Conspiracies%20%EF%BD%9C%20Lex%20Fridman%20Podcast%20#451.mp4:0
[  753517ms] [ERROR] Failed to load resource: the server responded with a status of 404 (Not Found) @ http://media-explorer.talos00/viewer/media/thumbnail/metube/youtube.com/Rick%20Spence%EF%BC%9A%20CIA,%20KGB,%20Illuminati,%20Secret%20Societies,%20Cults%20&%20Conspiracies%20%EF%BD%9C%20Lex%20Fridman%20Podcast%20#451.mp4:0
[  753518ms] [ERROR] Failed to load resource: the server responded with a status of 404 (Not Found) @ http://media-explorer.talos00/viewer/media/thumbnail/metube/youtube.com/Joe%20Rogan%20Experience%20#2284%20-%20Ian%20Carroll.mp4:0
[  766722ms] [ERROR] Failed to load resource: the server responded with a status of 404 (Not Found) @ http://media-explorer.talos00/viewer/media/thumbnail/metube/youtube.com/Joe%20Rogan%20Experience%20#2284%20-%20Ian%20Carroll.mp4:0
[  766725ms] [ERROR] Failed to load resource: the server responded with a status of 404 (Not Found) @ http://media-explorer.talos00/viewer/media/thumbnail/metube/youtube.com/Rick%20Spence%EF%BC%9A%20CIA,%20KGB,%20Illuminati,%20Secret%20Societies,%20Cults%20&%20Conspiracies%20%EF%BD%9C%20Lex%20Fridman%20Podcast%20#451.mp4:0
[  772481ms] [ERROR] Failed to load resource: the server responded with a status of 404 (Not Found) @ http://media-explorer.talos00/viewer/media/thumbnail/metube/youtube.com/Joe%20Rogan%20Experience%20#2284%20-%20Ian%20Carroll.mp4:0
[  772482ms] [ERROR] Failed to load resource: the server responded with a status of 404 (Not Found) @ http://media-explorer.talos00/viewer/media/thumbnail/metube/youtube.com/Rick%20Spence%EF%BC%9A%20CIA,%20KGB,%20Illuminati,%20Secret%20Societies,%20Cults%20&%20Conspiracies%20%EF%BD%9C%20Lex%20Fridman%20Podcast%20#451.mp4:0
[  779012ms] [ERROR] Failed to load resource: the server responded with a status of 404 (Not Found) @ http://media-explorer.talos00/viewer/media/thumbnail/metube/youtube.com/Rick%20Spence%EF%BC%9A%20CIA,%20KGB,%20Illuminati,%20Secret%20Societies,%20Cults%20&%20Conspiracies%20%EF%BD%9C%20Lex%20Fridman%20Podcast%20#451.mp4:0
[  779015ms] [ERROR] Failed to load resource: the server responded with a status of 404 (Not Found) @ http://media-explorer.talos00/viewer/media/thumbnail/metube/youtube.com/Joe%20Rogan%20Experience%20#2284%20-%20Ian%20Carroll.mp4:0
