[      56ms] [WARNING] @import rules are not allowed here. See https://github.com/WICG/construct-stylesheets/issues/119#issuecomment-588352418. @ https://auth.knowledgedump.space/static/dist/chunks/LABSFT3Z.js:0
[      59ms] [WARNING] @import rules are not allowed here. See https://github.com/WICG/construct-stylesheets/issues/119#issuecomment-588352418. @ https://auth.knowledgedump.space/static/dist/chunks/LABSFT3Z.js:0
[     230ms] [WARNING] @import rules are not allowed here. See https://github.com/WICG/construct-stylesheets/issues/119#issuecomment-588352418. @ https://auth.knowledgedump.space/static/dist/chunks/LABSFT3Z.js:0
[     341ms] [WARNING] @import rules are not allowed here. See https://github.com/WICG/construct-stylesheets/issues/119#issuecomment-588352418. @ https://auth.knowledgedump.space/static/dist/chunks/LABSFT3Z.js:0
[     347ms] [WARNING] @import rules are not allowed here. See https://github.com/WICG/construct-stylesheets/issues/119#issuecomment-588352418. @ https://auth.knowledgedump.space/static/dist/chunks/LABSFT3Z.js:0
[     348ms] [WARNING] @import rules are not allowed here. See https://github.com/WICG/construct-stylesheets/issues/119#issuecomment-588352418. @ https://auth.knowledgedump.space/static/dist/chunks/LABSFT3Z.js:0
[     348ms] [WARNING] @import rules are not allowed here. See https://github.com/WICG/construct-stylesheets/issues/119#issuecomment-588352418. @ https://auth.knowledgedump.space/static/dist/chunks/LABSFT3Z.js:0
[     348ms] [WARNING] @import rules are not allowed here. See https://github.com/WICG/construct-stylesheets/issues/119#issuecomment-588352418. @ https://auth.knowledgedump.space/static/dist/chunks/LABSFT3Z.js:0
[     348ms] [WARNING] @import rules are not allowed here. See https://github.com/WICG/construct-stylesheets/issues/119#issuecomment-588352418. @ https://auth.knowledgedump.space/static/dist/chunks/LABSFT3Z.js:0
[     349ms] [WARNING] @import rules are not allowed here. See https://github.com/WICG/construct-stylesheets/issues/119#issuecomment-588352418. @ https://auth.knowledgedump.space/static/dist/chunks/LABSFT3Z.js:0
[     349ms] [WARNING] @import rules are not allowed here. See https://github.com/WICG/construct-stylesheets/issues/119#issuecomment-588352418. @ https://auth.knowledgedump.space/static/dist/chunks/LABSFT3Z.js:0
[     349ms] [WARNING] @import rules are not allowed here. See https://github.com/WICG/construct-stylesheets/issues/119#issuecomment-588352418. @ https://auth.knowledgedump.space/static/dist/chunks/LABSFT3Z.js:0
[     349ms] [WARNING] @import rules are not allowed here. See https://github.com/WICG/construct-stylesheets/issues/119#issuecomment-588352418. @ https://auth.knowledgedump.space/static/dist/chunks/LABSFT3Z.js:0
[     349ms] [WARNING] @import rules are not allowed here. See https://github.com/WICG/construct-stylesheets/issues/119#issuecomment-588352418. @ https://auth.knowledgedump.space/static/dist/chunks/LABSFT3Z.js:0
[     350ms] [WARNING] @import rules are not allowed here. See https://github.com/WICG/construct-stylesheets/issues/119#issuecomment-588352418. @ https://auth.knowledgedump.space/static/dist/chunks/LABSFT3Z.js:0
[     350ms] [WARNING] @import rules are not allowed here. See https://github.com/WICG/construct-stylesheets/issues/119#issuecomment-588352418. @ https://auth.knowledgedump.space/static/dist/chunks/LABSFT3Z.js:0
[     350ms] [WARNING] @import rules are not allowed here. See https://github.com/WICG/construct-stylesheets/issues/119#issuecomment-588352418. @ https://auth.knowledgedump.space/static/dist/chunks/LABSFT3Z.js:0
[     350ms] [WARNING] @import rules are not allowed here. See https://github.com/WICG/construct-stylesheets/issues/119#issuecomment-588352418. @ https://auth.knowledgedump.space/static/dist/chunks/LABSFT3Z.js:0
[     351ms] [WARNING] @import rules are not allowed here. See https://github.com/WICG/construct-stylesheets/issues/119#issuecomment-588352418. @ https://auth.knowledgedump.space/static/dist/chunks/LABSFT3Z.js:0
[     351ms] [WARNING] @import rules are not allowed here. See https://github.com/WICG/construct-stylesheets/issues/119#issuecomment-588352418. @ https://auth.knowledgedump.space/static/dist/chunks/LABSFT3Z.js:0
[     351ms] [WARNING] @import rules are not allowed here. See https://github.com/WICG/construct-stylesheets/issues/119#issuecomment-588352418. @ https://auth.knowledgedump.space/static/dist/chunks/LABSFT3Z.js:0
[     351ms] [WARNING] @import rules are not allowed here. See https://github.com/WICG/construct-stylesheets/issues/119#issuecomment-588352418. @ https://auth.knowledgedump.space/static/dist/chunks/LABSFT3Z.js:0
[     352ms] [WARNING] @import rules are not allowed here. See https://github.com/WICG/construct-stylesheets/issues/119#issuecomment-588352418. @ https://auth.knowledgedump.space/static/dist/chunks/LABSFT3Z.js:0
[     352ms] [WARNING] @import rules are not allowed here. See https://github.com/WICG/construct-stylesheets/issues/119#issuecomment-588352418. @ https://auth.knowledgedump.space/static/dist/chunks/LABSFT3Z.js:0
[     352ms] [WARNING] @import rules are not allowed here. See https://github.com/WICG/construct-stylesheets/issues/119#issuecomment-588352418. @ https://auth.knowledgedump.space/static/dist/chunks/LABSFT3Z.js:0
[     352ms] [WARNING] @import rules are not allowed here. See https://github.com/WICG/construct-stylesheets/issues/119#issuecomment-588352418. @ https://auth.knowledgedump.space/static/dist/chunks/LABSFT3Z.js:0
[     352ms] [WARNING] @import rules are not allowed here. See https://github.com/WICG/construct-stylesheets/issues/119#issuecomment-588352418. @ https://auth.knowledgedump.space/static/dist/chunks/LABSFT3Z.js:0
[     353ms] [WARNING] @import rules are not allowed here. See https://github.com/WICG/construct-stylesheets/issues/119#issuecomment-588352418. @ https://auth.knowledgedump.space/static/dist/chunks/LABSFT3Z.js:0
[     353ms] [WARNING] @import rules are not allowed here. See https://github.com/WICG/construct-stylesheets/issues/119#issuecomment-588352418. @ https://auth.knowledgedump.space/static/dist/chunks/LABSFT3Z.js:0
[     354ms] [WARNING] @import rules are not allowed here. See https://github.com/WICG/construct-stylesheets/issues/119#issuecomment-588352418. @ https://auth.knowledgedump.space/static/dist/chunks/LABSFT3Z.js:0
[     354ms] [WARNING] @import rules are not allowed here. See https://github.com/WICG/construct-stylesheets/issues/119#issuecomment-588352418. @ https://auth.knowledgedump.space/static/dist/chunks/LABSFT3Z.js:0
[     354ms] [WARNING] @import rules are not allowed here. See https://github.com/WICG/construct-stylesheets/issues/119#issuecomment-588352418. @ https://auth.knowledgedump.space/static/dist/chunks/LABSFT3Z.js:0
[     354ms] [WARNING] @import rules are not allowed here. See https://github.com/WICG/construct-stylesheets/issues/119#issuecomment-588352418. @ https://auth.knowledgedump.space/static/dist/chunks/LABSFT3Z.js:0
[     354ms] [WARNING] @import rules are not allowed here. See https://github.com/WICG/construct-stylesheets/issues/119#issuecomment-588352418. @ https://auth.knowledgedump.space/static/dist/chunks/LABSFT3Z.js:0
[     355ms] [WARNING] @import rules are not allowed here. See https://github.com/WICG/construct-stylesheets/issues/119#issuecomment-588352418. @ https://auth.knowledgedump.space/static/dist/chunks/LABSFT3Z.js:0
[     384ms] [WARNING] @import rules are not allowed here. See https://github.com/WICG/construct-stylesheets/issues/119#issuecomment-588352418. @ https://auth.knowledgedump.space/static/dist/chunks/LABSFT3Z.js:0
[     385ms] [WARNING] @import rules are not allowed here. See https://github.com/WICG/construct-stylesheets/issues/119#issuecomment-588352418. @ https://auth.knowledgedump.space/static/dist/chunks/LABSFT3Z.js:0
[     385ms] [WARNING] @import rules are not allowed here. See https://github.com/WICG/construct-stylesheets/issues/119#issuecomment-588352418. @ https://auth.knowledgedump.space/static/dist/chunks/LABSFT3Z.js:0
[     385ms] [WARNING] @import rules are not allowed here. See https://github.com/WICG/construct-stylesheets/issues/119#issuecomment-588352418. @ https://auth.knowledgedump.space/static/dist/chunks/LABSFT3Z.js:0
[     386ms] [WARNING] @import rules are not allowed here. See https://github.com/WICG/construct-stylesheets/issues/119#issuecomment-588352418. @ https://auth.knowledgedump.space/static/dist/chunks/LABSFT3Z.js:0
[     386ms] [WARNING] @import rules are not allowed here. See https://github.com/WICG/construct-stylesheets/issues/119#issuecomment-588352418. @ https://auth.knowledgedump.space/static/dist/chunks/LABSFT3Z.js:0
[     389ms] [WARNING] @import rules are not allowed here. See https://github.com/WICG/construct-stylesheets/issues/119#issuecomment-588352418. @ https://auth.knowledgedump.space/static/dist/chunks/LABSFT3Z.js:0
[     390ms] [WARNING] @import rules are not allowed here. See https://github.com/WICG/construct-stylesheets/issues/119#issuecomment-588352418. @ https://auth.knowledgedump.space/static/dist/chunks/LABSFT3Z.js:0
[     390ms] [WARNING] @import rules are not allowed here. See https://github.com/WICG/construct-stylesheets/issues/119#issuecomment-588352418. @ https://auth.knowledgedump.space/static/dist/chunks/LABSFT3Z.js:0
[     390ms] [WARNING] @import rules are not allowed here. See https://github.com/WICG/construct-stylesheets/issues/119#issuecomment-588352418. @ https://auth.knowledgedump.space/static/dist/chunks/LABSFT3Z.js:0
[     390ms] [WARNING] @import rules are not allowed here. See https://github.com/WICG/construct-stylesheets/issues/119#issuecomment-588352418. @ https://auth.knowledgedump.space/static/dist/chunks/LABSFT3Z.js:0
[     390ms] [WARNING] @import rules are not allowed here. See https://github.com/WICG/construct-stylesheets/issues/119#issuecomment-588352418. @ https://auth.knowledgedump.space/static/dist/chunks/LABSFT3Z.js:0
[     391ms] [WARNING] @import rules are not allowed here. See https://github.com/WICG/construct-stylesheets/issues/119#issuecomment-588352418. @ https://auth.knowledgedump.space/static/dist/chunks/LABSFT3Z.js:0
[     391ms] [WARNING] @import rules are not allowed here. See https://github.com/WICG/construct-stylesheets/issues/119#issuecomment-588352418. @ https://auth.knowledgedump.space/static/dist/chunks/LABSFT3Z.js:0
[     391ms] [WARNING] @import rules are not allowed here. See https://github.com/WICG/construct-stylesheets/issues/119#issuecomment-588352418. @ https://auth.knowledgedump.space/static/dist/chunks/LABSFT3Z.js:0
[     391ms] [WARNING] @import rules are not allowed here. See https://github.com/WICG/construct-stylesheets/issues/119#issuecomment-588352418. @ https://auth.knowledgedump.space/static/dist/chunks/LABSFT3Z.js:0
[     391ms] [WARNING] @import rules are not allowed here. See https://github.com/WICG/construct-stylesheets/issues/119#issuecomment-588352418. @ https://auth.knowledgedump.space/static/dist/chunks/LABSFT3Z.js:0
[     396ms] [WARNING] @import rules are not allowed here. See https://github.com/WICG/construct-stylesheets/issues/119#issuecomment-588352418. @ https://auth.knowledgedump.space/static/dist/chunks/LABSFT3Z.js:0
[     396ms] [WARNING] @import rules are not allowed here. See https://github.com/WICG/construct-stylesheets/issues/119#issuecomment-588352418. @ https://auth.knowledgedump.space/static/dist/chunks/LABSFT3Z.js:0
[     396ms] [WARNING] @import rules are not allowed here. See https://github.com/WICG/construct-stylesheets/issues/119#issuecomment-588352418. @ https://auth.knowledgedump.space/static/dist/chunks/LABSFT3Z.js:0
[     397ms] [WARNING] @import rules are not allowed here. See https://github.com/WICG/construct-stylesheets/issues/119#issuecomment-588352418. @ https://auth.knowledgedump.space/static/dist/chunks/LABSFT3Z.js:0
[     397ms] [WARNING] @import rules are not allowed here. See https://github.com/WICG/construct-stylesheets/issues/119#issuecomment-588352418. @ https://auth.knowledgedump.space/static/dist/chunks/LABSFT3Z.js:0
[     397ms] [WARNING] @import rules are not allowed here. See https://github.com/WICG/construct-stylesheets/issues/119#issuecomment-588352418. @ https://auth.knowledgedump.space/static/dist/chunks/LABSFT3Z.js:0
[     397ms] [WARNING] @import rules are not allowed here. See https://github.com/WICG/construct-stylesheets/issues/119#issuecomment-588352418. @ https://auth.knowledgedump.space/static/dist/chunks/LABSFT3Z.js:0
[     397ms] [WARNING] @import rules are not allowed here. See https://github.com/WICG/construct-stylesheets/issues/119#issuecomment-588352418. @ https://auth.knowledgedump.space/static/dist/chunks/LABSFT3Z.js:0
[     398ms] [WARNING] @import rules are not allowed here. See https://github.com/WICG/construct-stylesheets/issues/119#issuecomment-588352418. @ https://auth.knowledgedump.space/static/dist/chunks/LABSFT3Z.js:0
[     398ms] [WARNING] @import rules are not allowed here. See https://github.com/WICG/construct-stylesheets/issues/119#issuecomment-588352418. @ https://auth.knowledgedump.space/static/dist/chunks/LABSFT3Z.js:0
[     398ms] [WARNING] @import rules are not allowed here. See https://github.com/WICG/construct-stylesheets/issues/119#issuecomment-588352418. @ https://auth.knowledgedump.space/static/dist/chunks/LABSFT3Z.js:0
[     402ms] [WARNING] @import rules are not allowed here. See https://github.com/WICG/construct-stylesheets/issues/119#issuecomment-588352418. @ https://auth.knowledgedump.space/static/dist/chunks/LABSFT3Z.js:0
[     402ms] [WARNING] @import rules are not allowed here. See https://github.com/WICG/construct-stylesheets/issues/119#issuecomment-588352418. @ https://auth.knowledgedump.space/static/dist/chunks/LABSFT3Z.js:0
[     402ms] [WARNING] @import rules are not allowed here. See https://github.com/WICG/construct-stylesheets/issues/119#issuecomment-588352418. @ https://auth.knowledgedump.space/static/dist/chunks/LABSFT3Z.js:0
[     402ms] [WARNING] @import rules are not allowed here. See https://github.com/WICG/construct-stylesheets/issues/119#issuecomment-588352418. @ https://auth.knowledgedump.space/static/dist/chunks/LABSFT3Z.js:0
[     403ms] [WARNING] @import rules are not allowed here. See https://github.com/WICG/construct-stylesheets/issues/119#issuecomment-588352418. @ https://auth.knowledgedump.space/static/dist/chunks/LABSFT3Z.js:0
[     403ms] [WARNING] @import rules are not allowed here. See https://github.com/WICG/construct-stylesheets/issues/119#issuecomment-588352418. @ https://auth.knowledgedump.space/static/dist/chunks/LABSFT3Z.js:0
[     405ms] [WARNING] @import rules are not allowed here. See https://github.com/WICG/construct-stylesheets/issues/119#issuecomment-588352418. @ https://auth.knowledgedump.space/static/dist/chunks/LABSFT3Z.js:0
[     405ms] [WARNING] @import rules are not allowed here. See https://github.com/WICG/construct-stylesheets/issues/119#issuecomment-588352418. @ https://auth.knowledgedump.space/static/dist/chunks/LABSFT3Z.js:0
[     405ms] [WARNING] @import rules are not allowed here. See https://github.com/WICG/construct-stylesheets/issues/119#issuecomment-588352418. @ https://auth.knowledgedump.space/static/dist/chunks/LABSFT3Z.js:0
[     405ms] [WARNING] @import rules are not allowed here. See https://github.com/WICG/construct-stylesheets/issues/119#issuecomment-588352418. @ https://auth.knowledgedump.space/static/dist/chunks/LABSFT3Z.js:0
[     405ms] [WARNING] @import rules are not allowed here. See https://github.com/WICG/construct-stylesheets/issues/119#issuecomment-588352418. @ https://auth.knowledgedump.space/static/dist/chunks/LABSFT3Z.js:0
[     408ms] [WARNING] @import rules are not allowed here. See https://github.com/WICG/construct-stylesheets/issues/119#issuecomment-588352418. @ https://auth.knowledgedump.space/static/dist/chunks/LABSFT3Z.js:0
[     408ms] [WARNING] @import rules are not allowed here. See https://github.com/WICG/construct-stylesheets/issues/119#issuecomment-588352418. @ https://auth.knowledgedump.space/static/dist/chunks/LABSFT3Z.js:0
[     408ms] [WARNING] @import rules are not allowed here. See https://github.com/WICG/construct-stylesheets/issues/119#issuecomment-588352418. @ https://auth.knowledgedump.space/static/dist/chunks/LABSFT3Z.js:0
[     409ms] [WARNING] @import rules are not allowed here. See https://github.com/WICG/construct-stylesheets/issues/119#issuecomment-588352418. @ https://auth.knowledgedump.space/static/dist/chunks/LABSFT3Z.js:0
[     409ms] [WARNING] @import rules are not allowed here. See https://github.com/WICG/construct-stylesheets/issues/119#issuecomment-588352418. @ https://auth.knowledgedump.space/static/dist/chunks/LABSFT3Z.js:0
[     409ms] [WARNING] @import rules are not allowed here. See https://github.com/WICG/construct-stylesheets/issues/119#issuecomment-588352418. @ https://auth.knowledgedump.space/static/dist/chunks/LABSFT3Z.js:0
[     411ms] [WARNING] @import rules are not allowed here. See https://github.com/WICG/construct-stylesheets/issues/119#issuecomment-588352418. @ https://auth.knowledgedump.space/static/dist/chunks/LABSFT3Z.js:0
[     411ms] [WARNING] @import rules are not allowed here. See https://github.com/WICG/construct-stylesheets/issues/119#issuecomment-588352418. @ https://auth.knowledgedump.space/static/dist/chunks/LABSFT3Z.js:0
[     411ms] [WARNING] @import rules are not allowed here. See https://github.com/WICG/construct-stylesheets/issues/119#issuecomment-588352418. @ https://auth.knowledgedump.space/static/dist/chunks/LABSFT3Z.js:0
[     412ms] [WARNING] @import rules are not allowed here. See https://github.com/WICG/construct-stylesheets/issues/119#issuecomment-588352418. @ https://auth.knowledgedump.space/static/dist/chunks/LABSFT3Z.js:0
[     412ms] [WARNING] @import rules are not allowed here. See https://github.com/WICG/construct-stylesheets/issues/119#issuecomment-588352418. @ https://auth.knowledgedump.space/static/dist/chunks/LABSFT3Z.js:0
[     412ms] [WARNING] @import rules are not allowed here. See https://github.com/WICG/construct-stylesheets/issues/119#issuecomment-588352418. @ https://auth.knowledgedump.space/static/dist/chunks/LABSFT3Z.js:0
[     414ms] [WARNING] @import rules are not allowed here. See https://github.com/WICG/construct-stylesheets/issues/119#issuecomment-588352418. @ https://auth.knowledgedump.space/static/dist/chunks/LABSFT3Z.js:0
[     415ms] [WARNING] @import rules are not allowed here. See https://github.com/WICG/construct-stylesheets/issues/119#issuecomment-588352418. @ https://auth.knowledgedump.space/static/dist/chunks/LABSFT3Z.js:0
[     415ms] [WARNING] @import rules are not allowed here. See https://github.com/WICG/construct-stylesheets/issues/119#issuecomment-588352418. @ https://auth.knowledgedump.space/static/dist/chunks/LABSFT3Z.js:0
[     415ms] [WARNING] @import rules are not allowed here. See https://github.com/WICG/construct-stylesheets/issues/119#issuecomment-588352418. @ https://auth.knowledgedump.space/static/dist/chunks/LABSFT3Z.js:0
[     415ms] [WARNING] @import rules are not allowed here. See https://github.com/WICG/construct-stylesheets/issues/119#issuecomment-588352418. @ https://auth.knowledgedump.space/static/dist/chunks/LABSFT3Z.js:0
[     415ms] [WARNING] @import rules are not allowed here. See https://github.com/WICG/construct-stylesheets/issues/119#issuecomment-588352418. @ https://auth.knowledgedump.space/static/dist/chunks/LABSFT3Z.js:0
[     418ms] [WARNING] @import rules are not allowed here. See https://github.com/WICG/construct-stylesheets/issues/119#issuecomment-588352418. @ https://auth.knowledgedump.space/static/dist/chunks/LABSFT3Z.js:0
[     418ms] [WARNING] @import rules are not allowed here. See https://github.com/WICG/construct-stylesheets/issues/119#issuecomment-588352418. @ https://auth.knowledgedump.space/static/dist/chunks/LABSFT3Z.js:0
[     418ms] [WARNING] @import rules are not allowed here. See https://github.com/WICG/construct-stylesheets/issues/119#issuecomment-588352418. @ https://auth.knowledgedump.space/static/dist/chunks/LABSFT3Z.js:0
[     418ms] [WARNING] @import rules are not allowed here. See https://github.com/WICG/construct-stylesheets/issues/119#issuecomment-588352418. @ https://auth.knowledgedump.space/static/dist/chunks/LABSFT3Z.js:0
[     419ms] [WARNING] @import rules are not allowed here. See https://github.com/WICG/construct-stylesheets/issues/119#issuecomment-588352418. @ https://auth.knowledgedump.space/static/dist/chunks/LABSFT3Z.js:0
[     419ms] [WARNING] @import rules are not allowed here. See https://github.com/WICG/construct-stylesheets/issues/119#issuecomment-588352418. @ https://auth.knowledgedump.space/static/dist/chunks/LABSFT3Z.js:0
[     421ms] [WARNING] @import rules are not allowed here. See https://github.com/WICG/construct-stylesheets/issues/119#issuecomment-588352418. @ https://auth.knowledgedump.space/static/dist/chunks/LABSFT3Z.js:0
[     422ms] [WARNING] @import rules are not allowed here. See https://github.com/WICG/construct-stylesheets/issues/119#issuecomment-588352418. @ https://auth.knowledgedump.space/static/dist/chunks/LABSFT3Z.js:0
[     422ms] [WARNING] @import rules are not allowed here. See https://github.com/WICG/construct-stylesheets/issues/119#issuecomment-588352418. @ https://auth.knowledgedump.space/static/dist/chunks/LABSFT3Z.js:0
[     422ms] [WARNING] @import rules are not allowed here. See https://github.com/WICG/construct-stylesheets/issues/119#issuecomment-588352418. @ https://auth.knowledgedump.space/static/dist/chunks/LABSFT3Z.js:0
[     422ms] [WARNING] @import rules are not allowed here. See https://github.com/WICG/construct-stylesheets/issues/119#issuecomment-588352418. @ https://auth.knowledgedump.space/static/dist/chunks/LABSFT3Z.js:0
[     422ms] [WARNING] @import rules are not allowed here. See https://github.com/WICG/construct-stylesheets/issues/119#issuecomment-588352418. @ https://auth.knowledgedump.space/static/dist/chunks/LABSFT3Z.js:0
[     425ms] [WARNING] @import rules are not allowed here. See https://github.com/WICG/construct-stylesheets/issues/119#issuecomment-588352418. @ https://auth.knowledgedump.space/static/dist/chunks/LABSFT3Z.js:0
[     425ms] [WARNING] @import rules are not allowed here. See https://github.com/WICG/construct-stylesheets/issues/119#issuecomment-588352418. @ https://auth.knowledgedump.space/static/dist/chunks/LABSFT3Z.js:0
[     426ms] [WARNING] @import rules are not allowed here. See https://github.com/WICG/construct-stylesheets/issues/119#issuecomment-588352418. @ https://auth.knowledgedump.space/static/dist/chunks/LABSFT3Z.js:0
[     426ms] [WARNING] @import rules are not allowed here. See https://github.com/WICG/construct-stylesheets/issues/119#issuecomment-588352418. @ https://auth.knowledgedump.space/static/dist/chunks/LABSFT3Z.js:0
[     426ms] [WARNING] @import rules are not allowed here. See https://github.com/WICG/construct-stylesheets/issues/119#issuecomment-588352418. @ https://auth.knowledgedump.space/static/dist/chunks/LABSFT3Z.js:0
[     426ms] [WARNING] @import rules are not allowed here. See https://github.com/WICG/construct-stylesheets/issues/119#issuecomment-588352418. @ https://auth.knowledgedump.space/static/dist/chunks/LABSFT3Z.js:0
[     426ms] [WARNING] @import rules are not allowed here. See https://github.com/WICG/construct-stylesheets/issues/119#issuecomment-588352418. @ https://auth.knowledgedump.space/static/dist/chunks/LABSFT3Z.js:0
[     429ms] [WARNING] @import rules are not allowed here. See https://github.com/WICG/construct-stylesheets/issues/119#issuecomment-588352418. @ https://auth.knowledgedump.space/static/dist/chunks/LABSFT3Z.js:0
[     429ms] [WARNING] @import rules are not allowed here. See https://github.com/WICG/construct-stylesheets/issues/119#issuecomment-588352418. @ https://auth.knowledgedump.space/static/dist/chunks/LABSFT3Z.js:0
[     429ms] [WARNING] @import rules are not allowed here. See https://github.com/WICG/construct-stylesheets/issues/119#issuecomment-588352418. @ https://auth.knowledgedump.space/static/dist/chunks/LABSFT3Z.js:0
[     429ms] [WARNING] @import rules are not allowed here. See https://github.com/WICG/construct-stylesheets/issues/119#issuecomment-588352418. @ https://auth.knowledgedump.space/static/dist/chunks/LABSFT3Z.js:0
[     430ms] [WARNING] @import rules are not allowed here. See https://github.com/WICG/construct-stylesheets/issues/119#issuecomment-588352418. @ https://auth.knowledgedump.space/static/dist/chunks/LABSFT3Z.js:0
[     430ms] [WARNING] @import rules are not allowed here. See https://github.com/WICG/construct-stylesheets/issues/119#issuecomment-588352418. @ https://auth.knowledgedump.space/static/dist/chunks/LABSFT3Z.js:0
[     430ms] [WARNING] @import rules are not allowed here. See https://github.com/WICG/construct-stylesheets/issues/119#issuecomment-588352418. @ https://auth.knowledgedump.space/static/dist/chunks/LABSFT3Z.js:0
[     433ms] [WARNING] @import rules are not allowed here. See https://github.com/WICG/construct-stylesheets/issues/119#issuecomment-588352418. @ https://auth.knowledgedump.space/static/dist/chunks/LABSFT3Z.js:0
[     433ms] [WARNING] @import rules are not allowed here. See https://github.com/WICG/construct-stylesheets/issues/119#issuecomment-588352418. @ https://auth.knowledgedump.space/static/dist/chunks/LABSFT3Z.js:0
[     433ms] [WARNING] @import rules are not allowed here. See https://github.com/WICG/construct-stylesheets/issues/119#issuecomment-588352418. @ https://auth.knowledgedump.space/static/dist/chunks/LABSFT3Z.js:0
[     433ms] [WARNING] @import rules are not allowed here. See https://github.com/WICG/construct-stylesheets/issues/119#issuecomment-588352418. @ https://auth.knowledgedump.space/static/dist/chunks/LABSFT3Z.js:0
[     433ms] [WARNING] @import rules are not allowed here. See https://github.com/WICG/construct-stylesheets/issues/119#issuecomment-588352418. @ https://auth.knowledgedump.space/static/dist/chunks/LABSFT3Z.js:0
[     434ms] [WARNING] @import rules are not allowed here. See https://github.com/WICG/construct-stylesheets/issues/119#issuecomment-588352418. @ https://auth.knowledgedump.space/static/dist/chunks/LABSFT3Z.js:0
[     435ms] [WARNING] @import rules are not allowed here. See https://github.com/WICG/construct-stylesheets/issues/119#issuecomment-588352418. @ https://auth.knowledgedump.space/static/dist/chunks/LABSFT3Z.js:0
[     438ms] [WARNING] @import rules are not allowed here. See https://github.com/WICG/construct-stylesheets/issues/119#issuecomment-588352418. @ https://auth.knowledgedump.space/static/dist/chunks/LABSFT3Z.js:0
[     442ms] [WARNING] @import rules are not allowed here. See https://github.com/WICG/construct-stylesheets/issues/119#issuecomment-588352418. @ https://auth.knowledgedump.space/static/dist/chunks/LABSFT3Z.js:0
[     445ms] [WARNING] @import rules are not allowed here. See https://github.com/WICG/construct-stylesheets/issues/119#issuecomment-588352418. @ https://auth.knowledgedump.space/static/dist/chunks/LABSFT3Z.js:0
[     447ms] [WARNING] @import rules are not allowed here. See https://github.com/WICG/construct-stylesheets/issues/119#issuecomment-588352418. @ https://auth.knowledgedump.space/static/dist/chunks/LABSFT3Z.js:0
[     449ms] [WARNING] @import rules are not allowed here. See https://github.com/WICG/construct-stylesheets/issues/119#issuecomment-588352418. @ https://auth.knowledgedump.space/static/dist/chunks/LABSFT3Z.js:0
[     452ms] [WARNING] @import rules are not allowed here. See https://github.com/WICG/construct-stylesheets/issues/119#issuecomment-588352418. @ https://auth.knowledgedump.space/static/dist/chunks/LABSFT3Z.js:0
[     455ms] [WARNING] @import rules are not allowed here. See https://github.com/WICG/construct-stylesheets/issues/119#issuecomment-588352418. @ https://auth.knowledgedump.space/static/dist/chunks/LABSFT3Z.js:0
[     457ms] [WARNING] @import rules are not allowed here. See https://github.com/WICG/construct-stylesheets/issues/119#issuecomment-588352418. @ https://auth.knowledgedump.space/static/dist/chunks/LABSFT3Z.js:0
[     459ms] [WARNING] @import rules are not allowed here. See https://github.com/WICG/construct-stylesheets/issues/119#issuecomment-588352418. @ https://auth.knowledgedump.space/static/dist/chunks/LABSFT3Z.js:0
[     462ms] [WARNING] @import rules are not allowed here. See https://github.com/WICG/construct-stylesheets/issues/119#issuecomment-588352418. @ https://auth.knowledgedump.space/static/dist/chunks/LABSFT3Z.js:0
[     464ms] [WARNING] @import rules are not allowed here. See https://github.com/WICG/construct-stylesheets/issues/119#issuecomment-588352418. @ https://auth.knowledgedump.space/static/dist/chunks/LABSFT3Z.js:0
[     465ms] [WARNING] @import rules are not allowed here. See https://github.com/WICG/construct-stylesheets/issues/119#issuecomment-588352418. @ https://auth.knowledgedump.space/static/dist/chunks/LABSFT3Z.js:0
[     467ms] [WARNING] @import rules are not allowed here. See https://github.com/WICG/construct-stylesheets/issues/119#issuecomment-588352418. @ https://auth.knowledgedump.space/static/dist/chunks/LABSFT3Z.js:0
[     470ms] [WARNING] @import rules are not allowed here. See https://github.com/WICG/construct-stylesheets/issues/119#issuecomment-588352418. @ https://auth.knowledgedump.space/static/dist/chunks/LABSFT3Z.js:0
[     472ms] [WARNING] @import rules are not allowed here. See https://github.com/WICG/construct-stylesheets/issues/119#issuecomment-588352418. @ https://auth.knowledgedump.space/static/dist/chunks/LABSFT3Z.js:0
[     472ms] [WARNING] @import rules are not allowed here. See https://github.com/WICG/construct-stylesheets/issues/119#issuecomment-588352418. @ https://auth.knowledgedump.space/static/dist/chunks/LABSFT3Z.js:0
[     472ms] [WARNING] @import rules are not allowed here. See https://github.com/WICG/construct-stylesheets/issues/119#issuecomment-588352418. @ https://auth.knowledgedump.space/static/dist/chunks/LABSFT3Z.js:0
[     473ms] [WARNING] @import rules are not allowed here. See https://github.com/WICG/construct-stylesheets/issues/119#issuecomment-588352418. @ https://auth.knowledgedump.space/static/dist/chunks/LABSFT3Z.js:0
[     473ms] [WARNING] @import rules are not allowed here. See https://github.com/WICG/construct-stylesheets/issues/119#issuecomment-588352418. @ https://auth.knowledgedump.space/static/dist/chunks/LABSFT3Z.js:0
[     473ms] [WARNING] @import rules are not allowed here. See https://github.com/WICG/construct-stylesheets/issues/119#issuecomment-588352418. @ https://auth.knowledgedump.space/static/dist/chunks/LABSFT3Z.js:0
[     473ms] [WARNING] @import rules are not allowed here. See https://github.com/WICG/construct-stylesheets/issues/119#issuecomment-588352418. @ https://auth.knowledgedump.space/static/dist/chunks/LABSFT3Z.js:0
[     473ms] [WARNING] @import rules are not allowed here. See https://github.com/WICG/construct-stylesheets/issues/119#issuecomment-588352418. @ https://auth.knowledgedump.space/static/dist/chunks/LABSFT3Z.js:0
[     473ms] [WARNING] @import rules are not allowed here. See https://github.com/WICG/construct-stylesheets/issues/119#issuecomment-588352418. @ https://auth.knowledgedump.space/static/dist/chunks/LABSFT3Z.js:0
[     478ms] [WARNING] @import rules are not allowed here. See https://github.com/WICG/construct-stylesheets/issues/119#issuecomment-588352418. @ https://auth.knowledgedump.space/static/dist/chunks/LABSFT3Z.js:0
[     486ms] [WARNING] @import rules are not allowed here. See https://github.com/WICG/construct-stylesheets/issues/119#issuecomment-588352418. @ https://auth.knowledgedump.space/static/dist/chunks/LABSFT3Z.js:0
[     490ms] [WARNING] @import rules are not allowed here. See https://github.com/WICG/construct-stylesheets/issues/119#issuecomment-588352418. @ https://auth.knowledgedump.space/static/dist/chunks/LABSFT3Z.js:0
[     490ms] [WARNING] @import rules are not allowed here. See https://github.com/WICG/construct-stylesheets/issues/119#issuecomment-588352418. @ https://auth.knowledgedump.space/static/dist/chunks/LABSFT3Z.js:0
[     494ms] [WARNING] @import rules are not allowed here. See https://github.com/WICG/construct-stylesheets/issues/119#issuecomment-588352418. @ https://auth.knowledgedump.space/static/dist/chunks/LABSFT3Z.js:0
[     652ms] [WARNING] @import rules are not allowed here. See https://github.com/WICG/construct-stylesheets/issues/119#issuecomment-588352418. @ https://auth.knowledgedump.space/static/dist/chunks/LABSFT3Z.js:0
[     716ms] [WARNING] @import rules are not allowed here. See https://github.com/WICG/construct-stylesheets/issues/119#issuecomment-588352418. @ https://auth.knowledgedump.space/static/dist/chunks/LABSFT3Z.js:0
[     869ms] [WARNING] @import rules are not allowed here. See https://github.com/WICG/construct-stylesheets/issues/119#issuecomment-588352418. @ https://auth.knowledgedump.space/static/dist/chunks/LABSFT3Z.js:0
[     871ms] [WARNING] @import rules are not allowed here. See https://github.com/WICG/construct-stylesheets/issues/119#issuecomment-588352418. @ https://auth.knowledgedump.space/static/dist/chunks/LABSFT3Z.js:0
[    3001ms] [WARNING] @import rules are not allowed here. See https://github.com/WICG/construct-stylesheets/issues/119#issuecomment-588352418. @ https://auth.knowledgedump.space/static/dist/chunks/LABSFT3Z.js:0
[    3005ms] [WARNING] @import rules are not allowed here. See https://github.com/WICG/construct-stylesheets/issues/119#issuecomment-588352418. @ https://auth.knowledgedump.space/static/dist/chunks/LABSFT3Z.js:0
[   12970ms] [WARNING] @import rules are not allowed here. See https://github.com/WICG/construct-stylesheets/issues/119#issuecomment-588352418. @ https://auth.knowledgedump.space/static/dist/chunks/LABSFT3Z.js:0
[   12973ms] [WARNING] @import rules are not allowed here. See https://github.com/WICG/construct-stylesheets/issues/119#issuecomment-588352418. @ https://auth.knowledgedump.space/static/dist/chunks/LABSFT3Z.js:0
[   12975ms] [WARNING] @import rules are not allowed here. See https://github.com/WICG/construct-stylesheets/issues/119#issuecomment-588352418. @ https://auth.knowledgedump.space/static/dist/chunks/LABSFT3Z.js:0
[   12978ms] [WARNING] @import rules are not allowed here. See https://github.com/WICG/construct-stylesheets/issues/119#issuecomment-588352418. @ https://auth.knowledgedump.space/static/dist/chunks/LABSFT3Z.js:0
[   12978ms] [WARNING] @import rules are not allowed here. See https://github.com/WICG/construct-stylesheets/issues/119#issuecomment-588352418. @ https://auth.knowledgedump.space/static/dist/chunks/LABSFT3Z.js:0
[   12982ms] [WARNING] @import rules are not allowed here. See https://github.com/WICG/construct-stylesheets/issues/119#issuecomment-588352418. @ https://auth.knowledgedump.space/static/dist/chunks/LABSFT3Z.js:0
[   13138ms] [WARNING] @import rules are not allowed here. See https://github.com/WICG/construct-stylesheets/issues/119#issuecomment-588352418. @ https://auth.knowledgedump.space/static/dist/chunks/LABSFT3Z.js:0
[   13142ms] [WARNING] @import rules are not allowed here. See https://github.com/WICG/construct-stylesheets/issues/119#issuecomment-588352418. @ https://auth.knowledgedump.space/static/dist/chunks/LABSFT3Z.js:0
[   13142ms] [WARNING] @import rules are not allowed here. See https://github.com/WICG/construct-stylesheets/issues/119#issuecomment-588352418. @ https://auth.knowledgedump.space/static/dist/chunks/LABSFT3Z.js:0
[   13142ms] [WARNING] @import rules are not allowed here. See https://github.com/WICG/construct-stylesheets/issues/119#issuecomment-588352418. @ https://auth.knowledgedump.space/static/dist/chunks/LABSFT3Z.js:0
[  173107ms] [WARNING] %c[WARN]%c (ws):%c font-weight: 700; color: light-dark(#F1C21B, #F1C21B); font-weight: 600; color: CanvasText;  Connection closed CloseEvent @ https://auth.knowledgedump.space/static/dist/chunks/E5VKHKDN.js:0
