[     989ms] [ERROR] Failed to load resource: the server responded with a status of 404 (Not Found) @ http://data-hub.talos00/api/kubernetes/status/minio/minio-console?:0
[    1061ms] [ERROR] Failed to load resource: the server responded with a status of 404 (Not Found) @ http://data-hub.talos00/api/kubernetes/status/infra-control/headlamp?:0
[    1158ms] [ERROR] Failed to load resource: the server responded with a status of 404 (Not Found) @ http://data-hub.talos00/api/kubernetes/status/infra-control/goldilocks?:0
[    1162ms] [ERROR] Failed to load resource: the server responded with a status of 404 (Not Found) @ http://data-hub.talos00/api/kubernetes/status/infra-control/kube-ops-view?:0
[    1498ms] [ERROR] Failed to load resource: the server responded with a status of 404 (Not Found) @ http://data-hub.talos00/api/kubernetes/status/tdarr/tdarr?:0
[    1623ms] [ERROR] Failed to load resource: the server responded with a status of 404 (Not Found) @ http://data-hub.talos00/api/kubernetes/status/monitoring/grafana?:0
[    1643ms] [ERROR] Failed to load resource: the server responded with a status of 404 (Not Found) @ http://data-hub.talos00/api/kubernetes/status/monitoring/alloy-otlp?:0
[    1874ms] [ERROR] Failed to load resource: the server responded with a status of 500 (Internal Server Error) @ http://data-hub.talos00/api/services/proxy?group=Home+%26+Tools&service=Home+Assistant&index=0&query=%7B%22refreshInterval%22%3A60000%7D:0
[    2512ms] [ERROR] Failed to load resource: the server responded with a status of 401 (Unauthorized) @ http://data-hub.talos00/api/services/proxy?group=Media&service=Sonarr&index=0&endpoint=wanted%2Fmissing:0
[    2671ms] [ERROR] Failed to load resource: the server responded with a status of 401 (Unauthorized) @ http://data-hub.talos00/api/services/proxy?group=Media&service=Sonarr&index=0&endpoint=series:0
[    2671ms] [ERROR] Failed to load resource: the server responded with a status of 401 (Unauthorized) @ http://data-hub.talos00/api/services/proxy?group=Media&service=Sonarr&index=0&endpoint=queue:0
[    3079ms] [ERROR] Failed to load resource: the server responded with a status of 401 (Unauthorized) @ http://data-hub.talos00/api/services/proxy?group=Media&service=Plex&index=0&endpoint=unified&query=%7B%22refreshInterval%22%3A5000%7D:0
[    3116ms] [ERROR] Failed to load resource: the server responded with a status of 401 (Unauthorized) @ http://data-hub.talos00/api/services/proxy?group=Media&service=Sonarr&index=0&endpoint=queue%2Fdetails:0
[    3166ms] [ERROR] Failed to load resource: the server responded with a status of 401 (Unauthorized) @ http://data-hub.talos00/api/services/proxy?group=Media&service=Jellyfin&index=0&endpoint=Sessions&query=%7B%22refreshInterval%22%3A5000%7D:0
[    3385ms] [ERROR] Failed to load resource: the server responded with a status of 401 (Unauthorized) @ http://data-hub.talos00/api/services/proxy?group=Media&service=Jellyfin&index=0&endpoint=Count&query=%7B%22refreshInterval%22%3A60000%7D:0
[    3456ms] [ERROR] Failed to load resource: the server responded with a status of 401 (Unauthorized) @ http://data-hub.talos00/api/services/proxy?group=Media&service=Radarr&index=0&endpoint=movie:0
[    3493ms] [ERROR] Failed to load resource: the server responded with a status of 401 (Unauthorized) @ http://data-hub.talos00/api/services/proxy?group=Media&service=Radarr&index=0&endpoint=queue%2Fstatus:0
[    3505ms] [ERROR] Failed to load resource: the server responded with a status of 401 (Unauthorized) @ http://data-hub.talos00/api/services/proxy?group=Media&service=Radarr&index=0&endpoint=queue%2Fdetails:0
[    3714ms] [ERROR] Failed to load resource: the server responded with a status of 401 (Unauthorized) @ http://data-hub.talos00/api/services/proxy?group=Media&service=Prowlarr&index=0&endpoint=indexerstats:0
[    3760ms] [ERROR] Failed to load resource: the server responded with a status of 403 (Forbidden) @ http://data-hub.talos00/api/services/proxy?group=Media&service=Overseerr&index=0&endpoint=request%2Fcount:0
[    3957ms] [ERROR] Failed to load resource: the server responded with a status of 401 (Unauthorized) @ http://data-hub.talos00/api/services/proxy?group=Media&service=qBittorrent&index=0&endpoint=torrents:0
[    4204ms] [ERROR] Failed to load resource: the server responded with a status of 400 (Bad Request) @ http://data-hub.talos00/api/services/proxy?group=Media&service=Tautulli&index=0&endpoint=get_activity&query=%7B%22refreshInterval%22%3A5000%7D:0
[    4256ms] [ERROR] Failed to load resource: the server responded with a status of 403 (Forbidden) @ http://data-hub.talos00/api/services/proxy?group=Media&service=SABnzbd&index=0&endpoint=queue:0
[    4343ms] [ERROR] Failed to load resource: the server responded with a status of 403 (Forbidden) @ http://data-hub.talos00/api/services/proxy?group=Monitoring&service=Grafana&index=0&endpoint=stats:0
[    4616ms] [ERROR] Failed to load resource: the server responded with a status of 404 (Not Found) @ http://data-hub.talos00/api/services/proxy?group=Monitoring&service=Grafana&index=0&endpoint=alerts:0
[    6969ms] [ERROR] Failed to load resource: the server responded with a status of 401 (Unauthorized) @ http://data-hub.talos00/api/services/proxy?group=Media&service=Plex&index=0&endpoint=unified&query=%7B%22refreshInterval%22%3A5000%7D:0
[    8713ms] [ERROR] Failed to load resource: the server responded with a status of 400 (Bad Request) @ http://data-hub.talos00/api/services/proxy?group=Media&service=Tautulli&index=0&endpoint=get_activity&query=%7B%22refreshInterval%22%3A5000%7D:0
[    9225ms] [ERROR] Failed to load resource: the server responded with a status of 401 (Unauthorized) @ http://data-hub.talos00/api/services/proxy?group=Media&service=qBittorrent&index=0&endpoint=torrents:0
[   12500ms] [ERROR] Failed to load resource: the server responded with a status of 401 (Unauthorized) @ http://data-hub.talos00/api/services/proxy?group=Media&service=Plex&index=0&endpoint=unified&query=%7B%22refreshInterval%22%3A5000%7D:0
[   13388ms] [ERROR] Failed to load resource: the server responded with a status of 401 (Unauthorized) @ http://data-hub.talos00/api/services/proxy?group=Media&service=Jellyfin&index=0&endpoint=Sessions&query=%7B%22refreshInterval%22%3A5000%7D:0
[   13520ms] [ERROR] Failed to load resource: the server responded with a status of 401 (Unauthorized) @ http://data-hub.talos00/api/services/proxy?group=Media&service=Jellyfin&index=0&endpoint=Count&query=%7B%22refreshInterval%22%3A60000%7D:0
[   13934ms] [ERROR] Failed to load resource: the server responded with a status of 400 (Bad Request) @ http://data-hub.talos00/api/services/proxy?group=Media&service=Tautulli&index=0&endpoint=get_activity&query=%7B%22refreshInterval%22%3A5000%7D:0
[   17636ms] [ERROR] Failed to load resource: the server responded with a status of 401 (Unauthorized) @ http://data-hub.talos00/api/services/proxy?group=Media&service=Plex&index=0&endpoint=unified&query=%7B%22refreshInterval%22%3A5000%7D:0
[   19155ms] [ERROR] Failed to load resource: the server responded with a status of 400 (Bad Request) @ http://data-hub.talos00/api/services/proxy?group=Media&service=Tautulli&index=0&endpoint=get_activity&query=%7B%22refreshInterval%22%3A5000%7D:0
[   23222ms] [ERROR] Failed to load resource: the server responded with a status of 401 (Unauthorized) @ http://data-hub.talos00/api/services/proxy?group=Media&service=Plex&index=0&endpoint=unified&query=%7B%22refreshInterval%22%3A5000%7D:0
[   24417ms] [ERROR] Failed to load resource: the server responded with a status of 400 (Bad Request) @ http://data-hub.talos00/api/services/proxy?group=Media&service=Tautulli&index=0&endpoint=get_activity&query=%7B%22refreshInterval%22%3A5000%7D:0
[   28397ms] [ERROR] Failed to load resource: the server responded with a status of 401 (Unauthorized) @ http://data-hub.talos00/api/services/proxy?group=Media&service=Plex&index=0&endpoint=unified&query=%7B%22refreshInterval%22%3A5000%7D:0
[   28579ms] [ERROR] Failed to load resource: the server responded with a status of 401 (Unauthorized) @ http://data-hub.talos00/api/services/proxy?group=Media&service=Jellyfin&index=0&endpoint=Sessions&query=%7B%22refreshInterval%22%3A5000%7D:0
[   29398ms] [ERROR] Failed to load resource: the server responded with a status of 401 (Unauthorized) @ http://data-hub.talos00/api/services/proxy?group=Media&service=qBittorrent&index=0&endpoint=torrents:0
[   29596ms] [ERROR] Failed to load resource: the server responded with a status of 400 (Bad Request) @ http://data-hub.talos00/api/services/proxy?group=Media&service=Tautulli&index=0&endpoint=get_activity&query=%7B%22refreshInterval%22%3A5000%7D:0
[   34004ms] [ERROR] Failed to load resource: the server responded with a status of 401 (Unauthorized) @ http://data-hub.talos00/api/services/proxy?group=Media&service=Plex&index=0&endpoint=unified&query=%7B%22refreshInterval%22%3A5000%7D:0
[   34837ms] [ERROR] Failed to load resource: the server responded with a status of 400 (Bad Request) @ http://data-hub.talos00/api/services/proxy?group=Media&service=Tautulli&index=0&endpoint=get_activity&query=%7B%22refreshInterval%22%3A5000%7D:0
[   38716ms] [ERROR] Failed to load resource: the server responded with a status of 401 (Unauthorized) @ http://data-hub.talos00/api/services/proxy?group=Media&service=Jellyfin&index=0&endpoint=Count&query=%7B%22refreshInterval%22%3A60000%7D:0
[   39226ms] [ERROR] Failed to load resource: the server responded with a status of 401 (Unauthorized) @ http://data-hub.talos00/api/services/proxy?group=Media&service=Plex&index=0&endpoint=unified&query=%7B%22refreshInterval%22%3A5000%7D:0
[   40661ms] [ERROR] Failed to load resource: the server responded with a status of 400 (Bad Request) @ http://data-hub.talos00/api/services/proxy?group=Media&service=Tautulli&index=0&endpoint=get_activity&query=%7B%22refreshInterval%22%3A5000%7D:0
[   44858ms] [ERROR] Failed to load resource: the server responded with a status of 401 (Unauthorized) @ http://data-hub.talos00/api/services/proxy?group=Media&service=Plex&index=0&endpoint=unified&query=%7B%22refreshInterval%22%3A5000%7D:0
[   45849ms] [ERROR] Failed to load resource: the server responded with a status of 400 (Bad Request) @ http://data-hub.talos00/api/services/proxy?group=Media&service=Tautulli&index=0&endpoint=get_activity&query=%7B%22refreshInterval%22%3A5000%7D:0
[   50080ms] [ERROR] Failed to load resource: the server responded with a status of 401 (Unauthorized) @ http://data-hub.talos00/api/services/proxy?group=Media&service=Plex&index=0&endpoint=unified&query=%7B%22refreshInterval%22%3A5000%7D:0
[   51124ms] [ERROR] Failed to load resource: the server responded with a status of 400 (Bad Request) @ http://data-hub.talos00/api/services/proxy?group=Media&service=Tautulli&index=0&endpoint=get_activity&query=%7B%22refreshInterval%22%3A5000%7D:0
[   55557ms] [ERROR] Failed to load resource: the server responded with a status of 401 (Unauthorized) @ http://data-hub.talos00/api/services/proxy?group=Media&service=Plex&index=0&endpoint=unified&query=%7B%22refreshInterval%22%3A5000%7D:0
[   56430ms] [ERROR] Failed to load resource: the server responded with a status of 400 (Bad Request) @ http://data-hub.talos00/api/services/proxy?group=Media&service=Tautulli&index=0&endpoint=get_activity&query=%7B%22refreshInterval%22%3A5000%7D:0
