[     494ms] [WARNING] @import rules are not allowed here. See https://github.com/WICG/construct-stylesheets/issues/119#issuecomment-588352418. @ https://auth.knowledgedump.space/static/dist/chunks/LABSFT3Z.js:0
[     502ms] [WARNING] @import rules are not allowed here. See https://github.com/WICG/construct-stylesheets/issues/119#issuecomment-588352418. @ https://auth.knowledgedump.space/static/dist/chunks/LABSFT3Z.js:0
[     547ms] [WARNING] @import rules are not allowed here. See https://github.com/WICG/construct-stylesheets/issues/119#issuecomment-588352418. @ https://auth.knowledgedump.space/static/dist/chunks/LABSFT3Z.js:0
[     661ms] [ERROR] Failed to load resource: the server responded with a status of 403 () @ https://auth.knowledgedump.space/api/v3/core/users/me/:0
[     662ms] [WARNING] %c[WARN]%c (api):%c font-weight: 700; color: light-dark(#F1C21B, #F1C21B); font-weight: 600; color: CanvasText;  403 GET /api/v3/core/users/me/ @ https://auth.knowledgedump.space/static/dist/chunks/4NB7U2YR.js:0
[     987ms] [WARNING] @import rules are not allowed here. See https://github.com/WICG/construct-stylesheets/issues/119#issuecomment-588352418. @ https://auth.knowledgedump.space/static/dist/chunks/LABSFT3Z.js:0
[     997ms] [WARNING] @import rules are not allowed here. See https://github.com/WICG/construct-stylesheets/issues/119#issuecomment-588352418. @ https://auth.knowledgedump.space/static/dist/chunks/LABSFT3Z.js:0
[    1000ms] [WARNING] @import rules are not allowed here. See https://github.com/WICG/construct-stylesheets/issues/119#issuecomment-588352418. @ https://auth.knowledgedump.space/static/dist/chunks/LABSFT3Z.js:0
[    1002ms] [WARNING] @import rules are not allowed here. See https://github.com/WICG/construct-stylesheets/issues/119#issuecomment-588352418. @ https://auth.knowledgedump.space/static/dist/chunks/LABSFT3Z.js:0
[    3910ms] [WARNING] @import rules are not allowed here. See https://github.com/WICG/construct-stylesheets/issues/119#issuecomment-588352418. @ https://auth.knowledgedump.space/static/dist/chunks/LABSFT3Z.js:0
[    3912ms] [WARNING] @import rules are not allowed here. See https://github.com/WICG/construct-stylesheets/issues/119#issuecomment-588352418. @ https://auth.knowledgedump.space/static/dist/chunks/LABSFT3Z.js:0
[    3912ms] [WARNING] @import rules are not allowed here. See https://github.com/WICG/construct-stylesheets/issues/119#issuecomment-588352418. @ https://auth.knowledgedump.space/static/dist/chunks/LABSFT3Z.js:0
[    3931ms] [WARNING] @import rules are not allowed here. See https://github.com/WICG/construct-stylesheets/issues/119#issuecomment-588352418. @ https://auth.knowledgedump.space/static/dist/chunks/LABSFT3Z.js:0
[    3933ms] [WARNING] @import rules are not allowed here. See https://github.com/WICG/construct-stylesheets/issues/119#issuecomment-588352418. @ https://auth.knowledgedump.space/static/dist/chunks/LABSFT3Z.js:0
[   14503ms] [WARNING] @import rules are not allowed here. See https://github.com/WICG/construct-stylesheets/issues/119#issuecomment-588352418. @ https://auth.knowledgedump.space/static/dist/chunks/LABSFT3Z.js:0
[   14503ms] [WARNING] @import rules are not allowed here. See https://github.com/WICG/construct-stylesheets/issues/119#issuecomment-588352418. @ https://auth.knowledgedump.space/static/dist/chunks/LABSFT3Z.js:0
[   14503ms] [WARNING] @import rules are not allowed here. See https://github.com/WICG/construct-stylesheets/issues/119#issuecomment-588352418. @ https://auth.knowledgedump.space/static/dist/chunks/LABSFT3Z.js:0
[   15065ms] [WARNING] @import rules are not allowed here. See https://github.com/WICG/construct-stylesheets/issues/119#issuecomment-588352418. @ https://auth.knowledgedump.space/static/dist/chunks/LABSFT3Z.js:0
[   15067ms] [WARNING] @import rules are not allowed here. See https://github.com/WICG/construct-stylesheets/issues/119#issuecomment-588352418. @ https://auth.knowledgedump.space/static/dist/chunks/LABSFT3Z.js:0
[   15067ms] [WARNING] @import rules are not allowed here. See https://github.com/WICG/construct-stylesheets/issues/119#issuecomment-588352418. @ https://auth.knowledgedump.space/static/dist/chunks/LABSFT3Z.js:0
[   15068ms] [WARNING] @import rules are not allowed here. See https://github.com/WICG/construct-stylesheets/issues/119#issuecomment-588352418. @ https://auth.knowledgedump.space/static/dist/chunks/LABSFT3Z.js:0
[   20625ms] [WARNING] @import rules are not allowed here. See https://github.com/WICG/construct-stylesheets/issues/119#issuecomment-588352418. @ https://auth.knowledgedump.space/static/dist/chunks/LABSFT3Z.js:0
[   20625ms] [WARNING] @import rules are not allowed here. See https://github.com/WICG/construct-stylesheets/issues/119#issuecomment-588352418. @ https://auth.knowledgedump.space/static/dist/chunks/LABSFT3Z.js:0
[   20626ms] [WARNING] @import rules are not allowed here. See https://github.com/WICG/construct-stylesheets/issues/119#issuecomment-588352418. @ https://auth.knowledgedump.space/static/dist/chunks/LABSFT3Z.js:0
[   21378ms] [WARNING] @import rules are not allowed here. See https://github.com/WICG/construct-stylesheets/issues/119#issuecomment-588352418. @ https://auth.knowledgedump.space/static/dist/chunks/LABSFT3Z.js:0
[   21380ms] [WARNING] @import rules are not allowed here. See https://github.com/WICG/construct-stylesheets/issues/119#issuecomment-588352418. @ https://auth.knowledgedump.space/static/dist/chunks/LABSFT3Z.js:0
[   21380ms] [WARNING] @import rules are not allowed here. See https://github.com/WICG/construct-stylesheets/issues/119#issuecomment-588352418. @ https://auth.knowledgedump.space/static/dist/chunks/LABSFT3Z.js:0
[   21381ms] [WARNING] @import rules are not allowed here. See https://github.com/WICG/construct-stylesheets/issues/119#issuecomment-588352418. @ https://auth.knowledgedump.space/static/dist/chunks/LABSFT3Z.js:0
[   21687ms] [WARNING] @import rules are not allowed here. See https://github.com/WICG/construct-stylesheets/issues/119#issuecomment-588352418. @ https://auth.knowledgedump.space/static/dist/chunks/LABSFT3Z.js:0
[   21694ms] [WARNING] @import rules are not allowed here. See https://github.com/WICG/construct-stylesheets/issues/119#issuecomment-588352418. @ https://auth.knowledgedump.space/static/dist/chunks/LABSFT3Z.js:0
[   21738ms] [WARNING] @import rules are not allowed here. See https://github.com/WICG/construct-stylesheets/issues/119#issuecomment-588352418. @ https://auth.knowledgedump.space/static/dist/chunks/LABSFT3Z.js:0
[   22115ms] [WARNING] @import rules are not allowed here. See https://github.com/WICG/construct-stylesheets/issues/119#issuecomment-588352418. @ https://auth.knowledgedump.space/static/dist/chunks/LABSFT3Z.js:0
[   22115ms] [WARNING] @import rules are not allowed here. See https://github.com/WICG/construct-stylesheets/issues/119#issuecomment-588352418. @ https://auth.knowledgedump.space/static/dist/chunks/LABSFT3Z.js:0
[   22115ms] [WARNING] @import rules are not allowed here. See https://github.com/WICG/construct-stylesheets/issues/119#issuecomment-588352418. @ https://auth.knowledgedump.space/static/dist/chunks/LABSFT3Z.js:0
[   22115ms] [WARNING] @import rules are not allowed here. See https://github.com/WICG/construct-stylesheets/issues/119#issuecomment-588352418. @ https://auth.knowledgedump.space/static/dist/chunks/LABSFT3Z.js:0
[   22115ms] [WARNING] @import rules are not allowed here. See https://github.com/WICG/construct-stylesheets/issues/119#issuecomment-588352418. @ https://auth.knowledgedump.space/static/dist/chunks/LABSFT3Z.js:0
[   22116ms] [WARNING] @import rules are not allowed here. See https://github.com/WICG/construct-stylesheets/issues/119#issuecomment-588352418. @ https://auth.knowledgedump.space/static/dist/chunks/LABSFT3Z.js:0
[   22116ms] [WARNING] @import rules are not allowed here. See https://github.com/WICG/construct-stylesheets/issues/119#issuecomment-588352418. @ https://auth.knowledgedump.space/static/dist/chunks/LABSFT3Z.js:0
[   22116ms] [WARNING] @import rules are not allowed here. See https://github.com/WICG/construct-stylesheets/issues/119#issuecomment-588352418. @ https://auth.knowledgedump.space/static/dist/chunks/LABSFT3Z.js:0
[   22116ms] [WARNING] @import rules are not allowed here. See https://github.com/WICG/construct-stylesheets/issues/119#issuecomment-588352418. @ https://auth.knowledgedump.space/static/dist/chunks/LABSFT3Z.js:0
[   22117ms] [WARNING] @import rules are not allowed here. See https://github.com/WICG/construct-stylesheets/issues/119#issuecomment-588352418. @ https://auth.knowledgedump.space/static/dist/chunks/LABSFT3Z.js:0
[   22117ms] [WARNING] @import rules are not allowed here. See https://github.com/WICG/construct-stylesheets/issues/119#issuecomment-588352418. @ https://auth.knowledgedump.space/static/dist/chunks/LABSFT3Z.js:0
[   22117ms] [WARNING] @import rules are not allowed here. See https://github.com/WICG/construct-stylesheets/issues/119#issuecomment-588352418. @ https://auth.knowledgedump.space/static/dist/chunks/LABSFT3Z.js:0
[   22117ms] [WARNING] @import rules are not allowed here. See https://github.com/WICG/construct-stylesheets/issues/119#issuecomment-588352418. @ https://auth.knowledgedump.space/static/dist/chunks/LABSFT3Z.js:0
[   22117ms] [WARNING] @import rules are not allowed here. See https://github.com/WICG/construct-stylesheets/issues/119#issuecomment-588352418. @ https://auth.knowledgedump.space/static/dist/chunks/LABSFT3Z.js:0
[   22117ms] [WARNING] @import rules are not allowed here. See https://github.com/WICG/construct-stylesheets/issues/119#issuecomment-588352418. @ https://auth.knowledgedump.space/static/dist/chunks/LABSFT3Z.js:0
[   22117ms] [WARNING] @import rules are not allowed here. See https://github.com/WICG/construct-stylesheets/issues/119#issuecomment-588352418. @ https://auth.knowledgedump.space/static/dist/chunks/LABSFT3Z.js:0
[   22117ms] [WARNING] @import rules are not allowed here. See https://github.com/WICG/construct-stylesheets/issues/119#issuecomment-588352418. @ https://auth.knowledgedump.space/static/dist/chunks/LABSFT3Z.js:0
[   22117ms] [WARNING] @import rules are not allowed here. See https://github.com/WICG/construct-stylesheets/issues/119#issuecomment-588352418. @ https://auth.knowledgedump.space/static/dist/chunks/LABSFT3Z.js:0
[   22118ms] [WARNING] @import rules are not allowed here. See https://github.com/WICG/construct-stylesheets/issues/119#issuecomment-588352418. @ https://auth.knowledgedump.space/static/dist/chunks/LABSFT3Z.js:0
[   22118ms] [WARNING] @import rules are not allowed here. See https://github.com/WICG/construct-stylesheets/issues/119#issuecomment-588352418. @ https://auth.knowledgedump.space/static/dist/chunks/LABSFT3Z.js:0
[   22118ms] [WARNING] @import rules are not allowed here. See https://github.com/WICG/construct-stylesheets/issues/119#issuecomment-588352418. @ https://auth.knowledgedump.space/static/dist/chunks/LABSFT3Z.js:0
[   22118ms] [WARNING] @import rules are not allowed here. See https://github.com/WICG/construct-stylesheets/issues/119#issuecomment-588352418. @ https://auth.knowledgedump.space/static/dist/chunks/LABSFT3Z.js:0
[   22118ms] [WARNING] @import rules are not allowed here. See https://github.com/WICG/construct-stylesheets/issues/119#issuecomment-588352418. @ https://auth.knowledgedump.space/static/dist/chunks/LABSFT3Z.js:0
[   22118ms] [WARNING] @import rules are not allowed here. See https://github.com/WICG/construct-stylesheets/issues/119#issuecomment-588352418. @ https://auth.knowledgedump.space/static/dist/chunks/LABSFT3Z.js:0
[   22118ms] [WARNING] @import rules are not allowed here. See https://github.com/WICG/construct-stylesheets/issues/119#issuecomment-588352418. @ https://auth.knowledgedump.space/static/dist/chunks/LABSFT3Z.js:0
[   22118ms] [WARNING] @import rules are not allowed here. See https://github.com/WICG/construct-stylesheets/issues/119#issuecomment-588352418. @ https://auth.knowledgedump.space/static/dist/chunks/LABSFT3Z.js:0
[   22118ms] [WARNING] @import rules are not allowed here. See https://github.com/WICG/construct-stylesheets/issues/119#issuecomment-588352418. @ https://auth.knowledgedump.space/static/dist/chunks/LABSFT3Z.js:0
[   22118ms] [WARNING] @import rules are not allowed here. See https://github.com/WICG/construct-stylesheets/issues/119#issuecomment-588352418. @ https://auth.knowledgedump.space/static/dist/chunks/LABSFT3Z.js:0
[   22119ms] [WARNING] @import rules are not allowed here. See https://github.com/WICG/construct-stylesheets/issues/119#issuecomment-588352418. @ https://auth.knowledgedump.space/static/dist/chunks/LABSFT3Z.js:0
[   22119ms] [WARNING] @import rules are not allowed here. See https://github.com/WICG/construct-stylesheets/issues/119#issuecomment-588352418. @ https://auth.knowledgedump.space/static/dist/chunks/LABSFT3Z.js:0
[   22119ms] [WARNING] @import rules are not allowed here. See https://github.com/WICG/construct-stylesheets/issues/119#issuecomment-588352418. @ https://auth.knowledgedump.space/static/dist/chunks/LABSFT3Z.js:0
[   22119ms] [WARNING] @import rules are not allowed here. See https://github.com/WICG/construct-stylesheets/issues/119#issuecomment-588352418. @ https://auth.knowledgedump.space/static/dist/chunks/LABSFT3Z.js:0
[   22119ms] [WARNING] @import rules are not allowed here. See https://github.com/WICG/construct-stylesheets/issues/119#issuecomment-588352418. @ https://auth.knowledgedump.space/static/dist/chunks/LABSFT3Z.js:0
[   22119ms] [WARNING] @import rules are not allowed here. See https://github.com/WICG/construct-stylesheets/issues/119#issuecomment-588352418. @ https://auth.knowledgedump.space/static/dist/chunks/LABSFT3Z.js:0
[   22119ms] [WARNING] @import rules are not allowed here. See https://github.com/WICG/construct-stylesheets/issues/119#issuecomment-588352418. @ https://auth.knowledgedump.space/static/dist/chunks/LABSFT3Z.js:0
[   22119ms] [WARNING] @import rules are not allowed here. See https://github.com/WICG/construct-stylesheets/issues/119#issuecomment-588352418. @ https://auth.knowledgedump.space/static/dist/chunks/LABSFT3Z.js:0
[   22119ms] [WARNING] @import rules are not allowed here. See https://github.com/WICG/construct-stylesheets/issues/119#issuecomment-588352418. @ https://auth.knowledgedump.space/static/dist/chunks/LABSFT3Z.js:0
[   22119ms] [WARNING] @import rules are not allowed here. See https://github.com/WICG/construct-stylesheets/issues/119#issuecomment-588352418. @ https://auth.knowledgedump.space/static/dist/chunks/LABSFT3Z.js:0
[   22120ms] [WARNING] @import rules are not allowed here. See https://github.com/WICG/construct-stylesheets/issues/119#issuecomment-588352418. @ https://auth.knowledgedump.space/static/dist/chunks/LABSFT3Z.js:0
[   22120ms] [WARNING] @import rules are not allowed here. See https://github.com/WICG/construct-stylesheets/issues/119#issuecomment-588352418. @ https://auth.knowledgedump.space/static/dist/chunks/LABSFT3Z.js:0
[   22120ms] [WARNING] @import rules are not allowed here. See https://github.com/WICG/construct-stylesheets/issues/119#issuecomment-588352418. @ https://auth.knowledgedump.space/static/dist/chunks/LABSFT3Z.js:0
[   22120ms] [WARNING] @import rules are not allowed here. See https://github.com/WICG/construct-stylesheets/issues/119#issuecomment-588352418. @ https://auth.knowledgedump.space/static/dist/chunks/LABSFT3Z.js:0
[   22120ms] [WARNING] @import rules are not allowed here. See https://github.com/WICG/construct-stylesheets/issues/119#issuecomment-588352418. @ https://auth.knowledgedump.space/static/dist/chunks/LABSFT3Z.js:0
[   22120ms] [WARNING] @import rules are not allowed here. See https://github.com/WICG/construct-stylesheets/issues/119#issuecomment-588352418. @ https://auth.knowledgedump.space/static/dist/chunks/LABSFT3Z.js:0
[   22120ms] [WARNING] @import rules are not allowed here. See https://github.com/WICG/construct-stylesheets/issues/119#issuecomment-588352418. @ https://auth.knowledgedump.space/static/dist/chunks/LABSFT3Z.js:0
[   22120ms] [WARNING] @import rules are not allowed here. See https://github.com/WICG/construct-stylesheets/issues/119#issuecomment-588352418. @ https://auth.knowledgedump.space/static/dist/chunks/LABSFT3Z.js:0
[   22120ms] [WARNING] @import rules are not allowed here. See https://github.com/WICG/construct-stylesheets/issues/119#issuecomment-588352418. @ https://auth.knowledgedump.space/static/dist/chunks/LABSFT3Z.js:0
[   22120ms] [WARNING] @import rules are not allowed here. See https://github.com/WICG/construct-stylesheets/issues/119#issuecomment-588352418. @ https://auth.knowledgedump.space/static/dist/chunks/LABSFT3Z.js:0
[   22121ms] [WARNING] @import rules are not allowed here. See https://github.com/WICG/construct-stylesheets/issues/119#issuecomment-588352418. @ https://auth.knowledgedump.space/static/dist/chunks/LABSFT3Z.js:0
[   22121ms] [WARNING] @import rules are not allowed here. See https://github.com/WICG/construct-stylesheets/issues/119#issuecomment-588352418. @ https://auth.knowledgedump.space/static/dist/chunks/LABSFT3Z.js:0
[   22128ms] [WARNING] @import rules are not allowed here. See https://github.com/WICG/construct-stylesheets/issues/119#issuecomment-588352418. @ https://auth.knowledgedump.space/static/dist/chunks/LABSFT3Z.js:0
[   22130ms] [WARNING] @import rules are not allowed here. See https://github.com/WICG/construct-stylesheets/issues/119#issuecomment-588352418. @ https://auth.knowledgedump.space/static/dist/chunks/LABSFT3Z.js:0
[   22134ms] [WARNING] @import rules are not allowed here. See https://github.com/WICG/construct-stylesheets/issues/119#issuecomment-588352418. @ https://auth.knowledgedump.space/static/dist/chunks/LABSFT3Z.js:0
[   22143ms] [WARNING] @import rules are not allowed here. See https://github.com/WICG/construct-stylesheets/issues/119#issuecomment-588352418. @ https://auth.knowledgedump.space/static/dist/chunks/LABSFT3Z.js:0
[   22150ms] [WARNING] @import rules are not allowed here. See https://github.com/WICG/construct-stylesheets/issues/119#issuecomment-588352418. @ https://auth.knowledgedump.space/static/dist/chunks/LABSFT3Z.js:0
[   22150ms] [WARNING] @import rules are not allowed here. See https://github.com/WICG/construct-stylesheets/issues/119#issuecomment-588352418. @ https://auth.knowledgedump.space/static/dist/chunks/LABSFT3Z.js:0
[   22152ms] [WARNING] @import rules are not allowed here. See https://github.com/WICG/construct-stylesheets/issues/119#issuecomment-588352418. @ https://auth.knowledgedump.space/static/dist/chunks/LABSFT3Z.js:0
[   22153ms] [WARNING] @import rules are not allowed here. See https://github.com/WICG/construct-stylesheets/issues/119#issuecomment-588352418. @ https://auth.knowledgedump.space/static/dist/chunks/LABSFT3Z.js:0
[   22153ms] [WARNING] @import rules are not allowed here. See https://github.com/WICG/construct-stylesheets/issues/119#issuecomment-588352418. @ https://auth.knowledgedump.space/static/dist/chunks/LABSFT3Z.js:0
[   22153ms] [WARNING] @import rules are not allowed here. See https://github.com/WICG/construct-stylesheets/issues/119#issuecomment-588352418. @ https://auth.knowledgedump.space/static/dist/chunks/LABSFT3Z.js:0
[   22153ms] [WARNING] @import rules are not allowed here. See https://github.com/WICG/construct-stylesheets/issues/119#issuecomment-588352418. @ https://auth.knowledgedump.space/static/dist/chunks/LABSFT3Z.js:0
[   22153ms] [WARNING] @import rules are not allowed here. See https://github.com/WICG/construct-stylesheets/issues/119#issuecomment-588352418. @ https://auth.knowledgedump.space/static/dist/chunks/LABSFT3Z.js:0
[   22154ms] [WARNING] @import rules are not allowed here. See https://github.com/WICG/construct-stylesheets/issues/119#issuecomment-588352418. @ https://auth.knowledgedump.space/static/dist/chunks/LABSFT3Z.js:0
[   22154ms] [WARNING] @import rules are not allowed here. See https://github.com/WICG/construct-stylesheets/issues/119#issuecomment-588352418. @ https://auth.knowledgedump.space/static/dist/chunks/LABSFT3Z.js:0
[   22154ms] [WARNING] @import rules are not allowed here. See https://github.com/WICG/construct-stylesheets/issues/119#issuecomment-588352418. @ https://auth.knowledgedump.space/static/dist/chunks/LABSFT3Z.js:0
[   22154ms] [WARNING] @import rules are not allowed here. See https://github.com/WICG/construct-stylesheets/issues/119#issuecomment-588352418. @ https://auth.knowledgedump.space/static/dist/chunks/LABSFT3Z.js:0
[   22154ms] [WARNING] @import rules are not allowed here. See https://github.com/WICG/construct-stylesheets/issues/119#issuecomment-588352418. @ https://auth.knowledgedump.space/static/dist/chunks/LABSFT3Z.js:0
[   22154ms] [WARNING] @import rules are not allowed here. See https://github.com/WICG/construct-stylesheets/issues/119#issuecomment-588352418. @ https://auth.knowledgedump.space/static/dist/chunks/LABSFT3Z.js:0
[   22155ms] [WARNING] @import rules are not allowed here. See https://github.com/WICG/construct-stylesheets/issues/119#issuecomment-588352418. @ https://auth.knowledgedump.space/static/dist/chunks/LABSFT3Z.js:0
[   22155ms] [WARNING] @import rules are not allowed here. See https://github.com/WICG/construct-stylesheets/issues/119#issuecomment-588352418. @ https://auth.knowledgedump.space/static/dist/chunks/LABSFT3Z.js:0
[   22159ms] [WARNING] @import rules are not allowed here. See https://github.com/WICG/construct-stylesheets/issues/119#issuecomment-588352418. @ https://auth.knowledgedump.space/static/dist/chunks/LABSFT3Z.js:0
[   22159ms] [WARNING] @import rules are not allowed here. See https://github.com/WICG/construct-stylesheets/issues/119#issuecomment-588352418. @ https://auth.knowledgedump.space/static/dist/chunks/LABSFT3Z.js:0
[   22160ms] [WARNING] @import rules are not allowed here. See https://github.com/WICG/construct-stylesheets/issues/119#issuecomment-588352418. @ https://auth.knowledgedump.space/static/dist/chunks/LABSFT3Z.js:0
[   22160ms] [WARNING] @import rules are not allowed here. See https://github.com/WICG/construct-stylesheets/issues/119#issuecomment-588352418. @ https://auth.knowledgedump.space/static/dist/chunks/LABSFT3Z.js:0
[   22160ms] [WARNING] @import rules are not allowed here. See https://github.com/WICG/construct-stylesheets/issues/119#issuecomment-588352418. @ https://auth.knowledgedump.space/static/dist/chunks/LABSFT3Z.js:0
[   22160ms] [WARNING] @import rules are not allowed here. See https://github.com/WICG/construct-stylesheets/issues/119#issuecomment-588352418. @ https://auth.knowledgedump.space/static/dist/chunks/LABSFT3Z.js:0
[   22165ms] [WARNING] @import rules are not allowed here. See https://github.com/WICG/construct-stylesheets/issues/119#issuecomment-588352418. @ https://auth.knowledgedump.space/static/dist/chunks/LABSFT3Z.js:0
[   22166ms] [WARNING] @import rules are not allowed here. See https://github.com/WICG/construct-stylesheets/issues/119#issuecomment-588352418. @ https://auth.knowledgedump.space/static/dist/chunks/LABSFT3Z.js:0
[   22166ms] [WARNING] @import rules are not allowed here. See https://github.com/WICG/construct-stylesheets/issues/119#issuecomment-588352418. @ https://auth.knowledgedump.space/static/dist/chunks/LABSFT3Z.js:0
[   22166ms] [WARNING] @import rules are not allowed here. See https://github.com/WICG/construct-stylesheets/issues/119#issuecomment-588352418. @ https://auth.knowledgedump.space/static/dist/chunks/LABSFT3Z.js:0
[   22167ms] [WARNING] @import rules are not allowed here. See https://github.com/WICG/construct-stylesheets/issues/119#issuecomment-588352418. @ https://auth.knowledgedump.space/static/dist/chunks/LABSFT3Z.js:0
[   22168ms] [WARNING] @import rules are not allowed here. See https://github.com/WICG/construct-stylesheets/issues/119#issuecomment-588352418. @ https://auth.knowledgedump.space/static/dist/chunks/LABSFT3Z.js:0
[   22168ms] [WARNING] @import rules are not allowed here. See https://github.com/WICG/construct-stylesheets/issues/119#issuecomment-588352418. @ https://auth.knowledgedump.space/static/dist/chunks/LABSFT3Z.js:0
[   22169ms] [WARNING] @import rules are not allowed here. See https://github.com/WICG/construct-stylesheets/issues/119#issuecomment-588352418. @ https://auth.knowledgedump.space/static/dist/chunks/LABSFT3Z.js:0
[   22174ms] [WARNING] @import rules are not allowed here. See https://github.com/WICG/construct-stylesheets/issues/119#issuecomment-588352418. @ https://auth.knowledgedump.space/static/dist/chunks/LABSFT3Z.js:0
[   22174ms] [WARNING] @import rules are not allowed here. See https://github.com/WICG/construct-stylesheets/issues/119#issuecomment-588352418. @ https://auth.knowledgedump.space/static/dist/chunks/LABSFT3Z.js:0
[   22183ms] [WARNING] @import rules are not allowed here. See https://github.com/WICG/construct-stylesheets/issues/119#issuecomment-588352418. @ https://auth.knowledgedump.space/static/dist/chunks/LABSFT3Z.js:0
[   22186ms] [WARNING] @import rules are not allowed here. See https://github.com/WICG/construct-stylesheets/issues/119#issuecomment-588352418. @ https://auth.knowledgedump.space/static/dist/chunks/LABSFT3Z.js:0
[   22186ms] [WARNING] @import rules are not allowed here. See https://github.com/WICG/construct-stylesheets/issues/119#issuecomment-588352418. @ https://auth.knowledgedump.space/static/dist/chunks/LABSFT3Z.js:0
[   22188ms] [WARNING] @import rules are not allowed here. See https://github.com/WICG/construct-stylesheets/issues/119#issuecomment-588352418. @ https://auth.knowledgedump.space/static/dist/chunks/LABSFT3Z.js:0
[   22466ms] [WARNING] @import rules are not allowed here. See https://github.com/WICG/construct-stylesheets/issues/119#issuecomment-588352418. @ https://auth.knowledgedump.space/static/dist/chunks/LABSFT3Z.js:0
[   22499ms] [WARNING] @import rules are not allowed here. See https://github.com/WICG/construct-stylesheets/issues/119#issuecomment-588352418. @ https://auth.knowledgedump.space/static/dist/chunks/LABSFT3Z.js:0
[   22501ms] [WARNING] @import rules are not allowed here. See https://github.com/WICG/construct-stylesheets/issues/119#issuecomment-588352418. @ https://auth.knowledgedump.space/static/dist/chunks/LABSFT3Z.js:0
[   22575ms] [WARNING] @import rules are not allowed here. See https://github.com/WICG/construct-stylesheets/issues/119#issuecomment-588352418. @ https://auth.knowledgedump.space/static/dist/chunks/LABSFT3Z.js:0
[   22580ms] [WARNING] @import rules are not allowed here. See https://github.com/WICG/construct-stylesheets/issues/119#issuecomment-588352418. @ https://auth.knowledgedump.space/static/dist/chunks/LABSFT3Z.js:0
[   22607ms] [WARNING] @import rules are not allowed here. See https://github.com/WICG/construct-stylesheets/issues/119#issuecomment-588352418. @ https://auth.knowledgedump.space/static/dist/chunks/LABSFT3Z.js:0
[   22610ms] [WARNING] @import rules are not allowed here. See https://github.com/WICG/construct-stylesheets/issues/119#issuecomment-588352418. @ https://auth.knowledgedump.space/static/dist/chunks/LABSFT3Z.js:0
[   22647ms] [WARNING] @import rules are not allowed here. See https://github.com/WICG/construct-stylesheets/issues/119#issuecomment-588352418. @ https://auth.knowledgedump.space/static/dist/chunks/LABSFT3Z.js:0
[   22648ms] [WARNING] @import rules are not allowed here. See https://github.com/WICG/construct-stylesheets/issues/119#issuecomment-588352418. @ https://auth.knowledgedump.space/static/dist/chunks/LABSFT3Z.js:0
[   22672ms] [WARNING] @import rules are not allowed here. See https://github.com/WICG/construct-stylesheets/issues/119#issuecomment-588352418. @ https://auth.knowledgedump.space/static/dist/chunks/LABSFT3Z.js:0
[   22677ms] [WARNING] @import rules are not allowed here. See https://github.com/WICG/construct-stylesheets/issues/119#issuecomment-588352418. @ https://auth.knowledgedump.space/static/dist/chunks/LABSFT3Z.js:0
[   22682ms] [WARNING] @import rules are not allowed here. See https://github.com/WICG/construct-stylesheets/issues/119#issuecomment-588352418. @ https://auth.knowledgedump.space/static/dist/chunks/LABSFT3Z.js:0
[   22682ms] [WARNING] @import rules are not allowed here. See https://github.com/WICG/construct-stylesheets/issues/119#issuecomment-588352418. @ https://auth.knowledgedump.space/static/dist/chunks/LABSFT3Z.js:0
[   22682ms] [WARNING] @import rules are not allowed here. See https://github.com/WICG/construct-stylesheets/issues/119#issuecomment-588352418. @ https://auth.knowledgedump.space/static/dist/chunks/LABSFT3Z.js:0
[   22682ms] [WARNING] @import rules are not allowed here. See https://github.com/WICG/construct-stylesheets/issues/119#issuecomment-588352418. @ https://auth.knowledgedump.space/static/dist/chunks/LABSFT3Z.js:0
[   22683ms] [WARNING] @import rules are not allowed here. See https://github.com/WICG/construct-stylesheets/issues/119#issuecomment-588352418. @ https://auth.knowledgedump.space/static/dist/chunks/LABSFT3Z.js:0
[   22683ms] [WARNING] @import rules are not allowed here. See https://github.com/WICG/construct-stylesheets/issues/119#issuecomment-588352418. @ https://auth.knowledgedump.space/static/dist/chunks/LABSFT3Z.js:0
[   22721ms] [WARNING] @import rules are not allowed here. See https://github.com/WICG/construct-stylesheets/issues/119#issuecomment-588352418. @ https://auth.knowledgedump.space/static/dist/chunks/LABSFT3Z.js:0
[   22750ms] [WARNING] @import rules are not allowed here. See https://github.com/WICG/construct-stylesheets/issues/119#issuecomment-588352418. @ https://auth.knowledgedump.space/static/dist/chunks/LABSFT3Z.js:0
[   22792ms] [WARNING] @import rules are not allowed here. See https://github.com/WICG/construct-stylesheets/issues/119#issuecomment-588352418. @ https://auth.knowledgedump.space/static/dist/chunks/LABSFT3Z.js:0
[   22809ms] [WARNING] @import rules are not allowed here. See https://github.com/WICG/construct-stylesheets/issues/119#issuecomment-588352418. @ https://auth.knowledgedump.space/static/dist/chunks/LABSFT3Z.js:0
[   22877ms] [WARNING] @import rules are not allowed here. See https://github.com/WICG/construct-stylesheets/issues/119#issuecomment-588352418. @ https://auth.knowledgedump.space/static/dist/chunks/LABSFT3Z.js:0
[   22948ms] [WARNING] @import rules are not allowed here. See https://github.com/WICG/construct-stylesheets/issues/119#issuecomment-588352418. @ https://auth.knowledgedump.space/static/dist/chunks/LABSFT3Z.js:0
[  104989ms] [WARNING] @import rules are not allowed here. See https://github.com/WICG/construct-stylesheets/issues/119#issuecomment-588352418. @ https://auth.knowledgedump.space/static/dist/chunks/LABSFT3Z.js:0
[  104992ms] [WARNING] @import rules are not allowed here. See https://github.com/WICG/construct-stylesheets/issues/119#issuecomment-588352418. @ https://auth.knowledgedump.space/static/dist/chunks/LABSFT3Z.js:0
[  105285ms] [WARNING] @import rules are not allowed here. See https://github.com/WICG/construct-stylesheets/issues/119#issuecomment-588352418. @ https://auth.knowledgedump.space/static/dist/chunks/LABSFT3Z.js:0
[  105290ms] [WARNING] @import rules are not allowed here. See https://github.com/WICG/construct-stylesheets/issues/119#issuecomment-588352418. @ https://auth.knowledgedump.space/static/dist/chunks/LABSFT3Z.js:0
[  105291ms] [WARNING] @import rules are not allowed here. See https://github.com/WICG/construct-stylesheets/issues/119#issuecomment-588352418. @ https://auth.knowledgedump.space/static/dist/chunks/LABSFT3Z.js:0
[  105291ms] [WARNING] @import rules are not allowed here. See https://github.com/WICG/construct-stylesheets/issues/119#issuecomment-588352418. @ https://auth.knowledgedump.space/static/dist/chunks/LABSFT3Z.js:0
[  105291ms] [WARNING] @import rules are not allowed here. See https://github.com/WICG/construct-stylesheets/issues/119#issuecomment-588352418. @ https://auth.knowledgedump.space/static/dist/chunks/LABSFT3Z.js:0
[  105291ms] [WARNING] @import rules are not allowed here. See https://github.com/WICG/construct-stylesheets/issues/119#issuecomment-588352418. @ https://auth.knowledgedump.space/static/dist/chunks/LABSFT3Z.js:0
[  105292ms] [WARNING] @import rules are not allowed here. See https://github.com/WICG/construct-stylesheets/issues/119#issuecomment-588352418. @ https://auth.knowledgedump.space/static/dist/chunks/LABSFT3Z.js:0
[  105292ms] [WARNING] @import rules are not allowed here. See https://github.com/WICG/construct-stylesheets/issues/119#issuecomment-588352418. @ https://auth.knowledgedump.space/static/dist/chunks/LABSFT3Z.js:0
[  105292ms] [WARNING] @import rules are not allowed here. See https://github.com/WICG/construct-stylesheets/issues/119#issuecomment-588352418. @ https://auth.knowledgedump.space/static/dist/chunks/LABSFT3Z.js:0
[  105295ms] [WARNING] @import rules are not allowed here. See https://github.com/WICG/construct-stylesheets/issues/119#issuecomment-588352418. @ https://auth.knowledgedump.space/static/dist/chunks/LABSFT3Z.js:0
[  105296ms] [WARNING] @import rules are not allowed here. See https://github.com/WICG/construct-stylesheets/issues/119#issuecomment-588352418. @ https://auth.knowledgedump.space/static/dist/chunks/LABSFT3Z.js:0
[  105302ms] [WARNING] @import rules are not allowed here. See https://github.com/WICG/construct-stylesheets/issues/119#issuecomment-588352418. @ https://auth.knowledgedump.space/static/dist/chunks/LABSFT3Z.js:0
[  105309ms] [WARNING] @import rules are not allowed here. See https://github.com/WICG/construct-stylesheets/issues/119#issuecomment-588352418. @ https://auth.knowledgedump.space/static/dist/chunks/LABSFT3Z.js:0
[  105309ms] [WARNING] @import rules are not allowed here. See https://github.com/WICG/construct-stylesheets/issues/119#issuecomment-588352418. @ https://auth.knowledgedump.space/static/dist/chunks/LABSFT3Z.js:0
[  105311ms] [WARNING] @import rules are not allowed here. See https://github.com/WICG/construct-stylesheets/issues/119#issuecomment-588352418. @ https://auth.knowledgedump.space/static/dist/chunks/LABSFT3Z.js:0
[  105311ms] [WARNING] @import rules are not allowed here. See https://github.com/WICG/construct-stylesheets/issues/119#issuecomment-588352418. @ https://auth.knowledgedump.space/static/dist/chunks/LABSFT3Z.js:0
[  105313ms] [WARNING] @import rules are not allowed here. See https://github.com/WICG/construct-stylesheets/issues/119#issuecomment-588352418. @ https://auth.knowledgedump.space/static/dist/chunks/LABSFT3Z.js:0
[  105313ms] [WARNING] @import rules are not allowed here. See https://github.com/WICG/construct-stylesheets/issues/119#issuecomment-588352418. @ https://auth.knowledgedump.space/static/dist/chunks/LABSFT3Z.js:0
[  105316ms] [WARNING] @import rules are not allowed here. See https://github.com/WICG/construct-stylesheets/issues/119#issuecomment-588352418. @ https://auth.knowledgedump.space/static/dist/chunks/LABSFT3Z.js:0
[  105440ms] [WARNING] @import rules are not allowed here. See https://github.com/WICG/construct-stylesheets/issues/119#issuecomment-588352418. @ https://auth.knowledgedump.space/static/dist/chunks/LABSFT3Z.js:0
[  105442ms] [WARNING] @import rules are not allowed here. See https://github.com/WICG/construct-stylesheets/issues/119#issuecomment-588352418. @ https://auth.knowledgedump.space/static/dist/chunks/LABSFT3Z.js:0
[  105442ms] [WARNING] @import rules are not allowed here. See https://github.com/WICG/construct-stylesheets/issues/119#issuecomment-588352418. @ https://auth.knowledgedump.space/static/dist/chunks/LABSFT3Z.js:0
[  105443ms] [WARNING] @import rules are not allowed here. See https://github.com/WICG/construct-stylesheets/issues/119#issuecomment-588352418. @ https://auth.knowledgedump.space/static/dist/chunks/LABSFT3Z.js:0
[  105443ms] [WARNING] @import rules are not allowed here. See https://github.com/WICG/construct-stylesheets/issues/119#issuecomment-588352418. @ https://auth.knowledgedump.space/static/dist/chunks/LABSFT3Z.js:0
[  105443ms] [WARNING] @import rules are not allowed here. See https://github.com/WICG/construct-stylesheets/issues/119#issuecomment-588352418. @ https://auth.knowledgedump.space/static/dist/chunks/LABSFT3Z.js:0
[  105443ms] [WARNING] @import rules are not allowed here. See https://github.com/WICG/construct-stylesheets/issues/119#issuecomment-588352418. @ https://auth.knowledgedump.space/static/dist/chunks/LABSFT3Z.js:0
[  105443ms] [WARNING] @import rules are not allowed here. See https://github.com/WICG/construct-stylesheets/issues/119#issuecomment-588352418. @ https://auth.knowledgedump.space/static/dist/chunks/LABSFT3Z.js:0
[  105443ms] [WARNING] @import rules are not allowed here. See https://github.com/WICG/construct-stylesheets/issues/119#issuecomment-588352418. @ https://auth.knowledgedump.space/static/dist/chunks/LABSFT3Z.js:0
[  105443ms] [WARNING] @import rules are not allowed here. See https://github.com/WICG/construct-stylesheets/issues/119#issuecomment-588352418. @ https://auth.knowledgedump.space/static/dist/chunks/LABSFT3Z.js:0
[  105444ms] [WARNING] @import rules are not allowed here. See https://github.com/WICG/construct-stylesheets/issues/119#issuecomment-588352418. @ https://auth.knowledgedump.space/static/dist/chunks/LABSFT3Z.js:0
[  105444ms] [WARNING] @import rules are not allowed here. See https://github.com/WICG/construct-stylesheets/issues/119#issuecomment-588352418. @ https://auth.knowledgedump.space/static/dist/chunks/LABSFT3Z.js:0
[  105444ms] [WARNING] @import rules are not allowed here. See https://github.com/WICG/construct-stylesheets/issues/119#issuecomment-588352418. @ https://auth.knowledgedump.space/static/dist/chunks/LABSFT3Z.js:0
[  105444ms] [WARNING] @import rules are not allowed here. See https://github.com/WICG/construct-stylesheets/issues/119#issuecomment-588352418. @ https://auth.knowledgedump.space/static/dist/chunks/LABSFT3Z.js:0
[  105444ms] [WARNING] @import rules are not allowed here. See https://github.com/WICG/construct-stylesheets/issues/119#issuecomment-588352418. @ https://auth.knowledgedump.space/static/dist/chunks/LABSFT3Z.js:0
[  105444ms] [WARNING] @import rules are not allowed here. See https://github.com/WICG/construct-stylesheets/issues/119#issuecomment-588352418. @ https://auth.knowledgedump.space/static/dist/chunks/LABSFT3Z.js:0
[  105444ms] [WARNING] @import rules are not allowed here. See https://github.com/WICG/construct-stylesheets/issues/119#issuecomment-588352418. @ https://auth.knowledgedump.space/static/dist/chunks/LABSFT3Z.js:0
[  105444ms] [WARNING] @import rules are not allowed here. See https://github.com/WICG/construct-stylesheets/issues/119#issuecomment-588352418. @ https://auth.knowledgedump.space/static/dist/chunks/LABSFT3Z.js:0
[  105444ms] [WARNING] @import rules are not allowed here. See https://github.com/WICG/construct-stylesheets/issues/119#issuecomment-588352418. @ https://auth.knowledgedump.space/static/dist/chunks/LABSFT3Z.js:0
[  105445ms] [WARNING] @import rules are not allowed here. See https://github.com/WICG/construct-stylesheets/issues/119#issuecomment-588352418. @ https://auth.knowledgedump.space/static/dist/chunks/LABSFT3Z.js:0
[  105445ms] [WARNING] @import rules are not allowed here. See https://github.com/WICG/construct-stylesheets/issues/119#issuecomment-588352418. @ https://auth.knowledgedump.space/static/dist/chunks/LABSFT3Z.js:0
[  105445ms] [WARNING] @import rules are not allowed here. See https://github.com/WICG/construct-stylesheets/issues/119#issuecomment-588352418. @ https://auth.knowledgedump.space/static/dist/chunks/LABSFT3Z.js:0
[  105445ms] [WARNING] @import rules are not allowed here. See https://github.com/WICG/construct-stylesheets/issues/119#issuecomment-588352418. @ https://auth.knowledgedump.space/static/dist/chunks/LABSFT3Z.js:0
[  105445ms] [WARNING] @import rules are not allowed here. See https://github.com/WICG/construct-stylesheets/issues/119#issuecomment-588352418. @ https://auth.knowledgedump.space/static/dist/chunks/LABSFT3Z.js:0
[  105446ms] [WARNING] @import rules are not allowed here. See https://github.com/WICG/construct-stylesheets/issues/119#issuecomment-588352418. @ https://auth.knowledgedump.space/static/dist/chunks/LABSFT3Z.js:0
[  105446ms] [WARNING] @import rules are not allowed here. See https://github.com/WICG/construct-stylesheets/issues/119#issuecomment-588352418. @ https://auth.knowledgedump.space/static/dist/chunks/LABSFT3Z.js:0
[  105448ms] [WARNING] @import rules are not allowed here. See https://github.com/WICG/construct-stylesheets/issues/119#issuecomment-588352418. @ https://auth.knowledgedump.space/static/dist/chunks/LABSFT3Z.js:0
[  105448ms] [WARNING] @import rules are not allowed here. See https://github.com/WICG/construct-stylesheets/issues/119#issuecomment-588352418. @ https://auth.knowledgedump.space/static/dist/chunks/LABSFT3Z.js:0
[  105449ms] [WARNING] @import rules are not allowed here. See https://github.com/WICG/construct-stylesheets/issues/119#issuecomment-588352418. @ https://auth.knowledgedump.space/static/dist/chunks/LABSFT3Z.js:0
[  105632ms] [WARNING] @import rules are not allowed here. See https://github.com/WICG/construct-stylesheets/issues/119#issuecomment-588352418. @ https://auth.knowledgedump.space/static/dist/chunks/LABSFT3Z.js:0
[  105633ms] [WARNING] @import rules are not allowed here. See https://github.com/WICG/construct-stylesheets/issues/119#issuecomment-588352418. @ https://auth.knowledgedump.space/static/dist/chunks/LABSFT3Z.js:0
[  105633ms] [WARNING] @import rules are not allowed here. See https://github.com/WICG/construct-stylesheets/issues/119#issuecomment-588352418. @ https://auth.knowledgedump.space/static/dist/chunks/LABSFT3Z.js:0
[  105633ms] [WARNING] @import rules are not allowed here. See https://github.com/WICG/construct-stylesheets/issues/119#issuecomment-588352418. @ https://auth.knowledgedump.space/static/dist/chunks/LABSFT3Z.js:0
[  105633ms] [WARNING] @import rules are not allowed here. See https://github.com/WICG/construct-stylesheets/issues/119#issuecomment-588352418. @ https://auth.knowledgedump.space/static/dist/chunks/LABSFT3Z.js:0
[  105633ms] [WARNING] @import rules are not allowed here. See https://github.com/WICG/construct-stylesheets/issues/119#issuecomment-588352418. @ https://auth.knowledgedump.space/static/dist/chunks/LABSFT3Z.js:0
[  105633ms] [WARNING] @import rules are not allowed here. See https://github.com/WICG/construct-stylesheets/issues/119#issuecomment-588352418. @ https://auth.knowledgedump.space/static/dist/chunks/LABSFT3Z.js:0
[  105633ms] [WARNING] @import rules are not allowed here. See https://github.com/WICG/construct-stylesheets/issues/119#issuecomment-588352418. @ https://auth.knowledgedump.space/static/dist/chunks/LABSFT3Z.js:0
[  105634ms] [WARNING] @import rules are not allowed here. See https://github.com/WICG/construct-stylesheets/issues/119#issuecomment-588352418. @ https://auth.knowledgedump.space/static/dist/chunks/LABSFT3Z.js:0
[  105634ms] [WARNING] @import rules are not allowed here. See https://github.com/WICG/construct-stylesheets/issues/119#issuecomment-588352418. @ https://auth.knowledgedump.space/static/dist/chunks/LABSFT3Z.js:0
[  105634ms] [WARNING] @import rules are not allowed here. See https://github.com/WICG/construct-stylesheets/issues/119#issuecomment-588352418. @ https://auth.knowledgedump.space/static/dist/chunks/LABSFT3Z.js:0
[  105634ms] [WARNING] @import rules are not allowed here. See https://github.com/WICG/construct-stylesheets/issues/119#issuecomment-588352418. @ https://auth.knowledgedump.space/static/dist/chunks/LABSFT3Z.js:0
[  105634ms] [WARNING] @import rules are not allowed here. See https://github.com/WICG/construct-stylesheets/issues/119#issuecomment-588352418. @ https://auth.knowledgedump.space/static/dist/chunks/LABSFT3Z.js:0
[  105634ms] [WARNING] @import rules are not allowed here. See https://github.com/WICG/construct-stylesheets/issues/119#issuecomment-588352418. @ https://auth.knowledgedump.space/static/dist/chunks/LABSFT3Z.js:0
[  105634ms] [WARNING] @import rules are not allowed here. See https://github.com/WICG/construct-stylesheets/issues/119#issuecomment-588352418. @ https://auth.knowledgedump.space/static/dist/chunks/LABSFT3Z.js:0
[  105634ms] [WARNING] @import rules are not allowed here. See https://github.com/WICG/construct-stylesheets/issues/119#issuecomment-588352418. @ https://auth.knowledgedump.space/static/dist/chunks/LABSFT3Z.js:0
[  105634ms] [WARNING] @import rules are not allowed here. See https://github.com/WICG/construct-stylesheets/issues/119#issuecomment-588352418. @ https://auth.knowledgedump.space/static/dist/chunks/LABSFT3Z.js:0
[  105634ms] [WARNING] @import rules are not allowed here. See https://github.com/WICG/construct-stylesheets/issues/119#issuecomment-588352418. @ https://auth.knowledgedump.space/static/dist/chunks/LABSFT3Z.js:0
[  105634ms] [WARNING] @import rules are not allowed here. See https://github.com/WICG/construct-stylesheets/issues/119#issuecomment-588352418. @ https://auth.knowledgedump.space/static/dist/chunks/LABSFT3Z.js:0
[  105635ms] [WARNING] @import rules are not allowed here. See https://github.com/WICG/construct-stylesheets/issues/119#issuecomment-588352418. @ https://auth.knowledgedump.space/static/dist/chunks/LABSFT3Z.js:0
[  105635ms] [WARNING] @import rules are not allowed here. See https://github.com/WICG/construct-stylesheets/issues/119#issuecomment-588352418. @ https://auth.knowledgedump.space/static/dist/chunks/LABSFT3Z.js:0
[  105635ms] [WARNING] @import rules are not allowed here. See https://github.com/WICG/construct-stylesheets/issues/119#issuecomment-588352418. @ https://auth.knowledgedump.space/static/dist/chunks/LABSFT3Z.js:0
[  105635ms] [WARNING] @import rules are not allowed here. See https://github.com/WICG/construct-stylesheets/issues/119#issuecomment-588352418. @ https://auth.knowledgedump.space/static/dist/chunks/LABSFT3Z.js:0
[  105635ms] [WARNING] @import rules are not allowed here. See https://github.com/WICG/construct-stylesheets/issues/119#issuecomment-588352418. @ https://auth.knowledgedump.space/static/dist/chunks/LABSFT3Z.js:0
[  105635ms] [WARNING] @import rules are not allowed here. See https://github.com/WICG/construct-stylesheets/issues/119#issuecomment-588352418. @ https://auth.knowledgedump.space/static/dist/chunks/LABSFT3Z.js:0
[  105636ms] [WARNING] @import rules are not allowed here. See https://github.com/WICG/construct-stylesheets/issues/119#issuecomment-588352418. @ https://auth.knowledgedump.space/static/dist/chunks/LABSFT3Z.js:0
[  105656ms] [WARNING] @import rules are not allowed here. See https://github.com/WICG/construct-stylesheets/issues/119#issuecomment-588352418. @ https://auth.knowledgedump.space/static/dist/chunks/LABSFT3Z.js:0
[  105659ms] [WARNING] @import rules are not allowed here. See https://github.com/WICG/construct-stylesheets/issues/119#issuecomment-588352418. @ https://auth.knowledgedump.space/static/dist/chunks/LABSFT3Z.js:0
[  105659ms] [WARNING] @import rules are not allowed here. See https://github.com/WICG/construct-stylesheets/issues/119#issuecomment-588352418. @ https://auth.knowledgedump.space/static/dist/chunks/LABSFT3Z.js:0
[  105659ms] [WARNING] @import rules are not allowed here. See https://github.com/WICG/construct-stylesheets/issues/119#issuecomment-588352418. @ https://auth.knowledgedump.space/static/dist/chunks/LABSFT3Z.js:0
[  105660ms] [WARNING] @import rules are not allowed here. See https://github.com/WICG/construct-stylesheets/issues/119#issuecomment-588352418. @ https://auth.knowledgedump.space/static/dist/chunks/LABSFT3Z.js:0
[  105660ms] [WARNING] @import rules are not allowed here. See https://github.com/WICG/construct-stylesheets/issues/119#issuecomment-588352418. @ https://auth.knowledgedump.space/static/dist/chunks/LABSFT3Z.js:0
[  105660ms] [WARNING] @import rules are not allowed here. See https://github.com/WICG/construct-stylesheets/issues/119#issuecomment-588352418. @ https://auth.knowledgedump.space/static/dist/chunks/LABSFT3Z.js:0
[  105660ms] [WARNING] @import rules are not allowed here. See https://github.com/WICG/construct-stylesheets/issues/119#issuecomment-588352418. @ https://auth.knowledgedump.space/static/dist/chunks/LABSFT3Z.js:0
[  105660ms] [WARNING] @import rules are not allowed here. See https://github.com/WICG/construct-stylesheets/issues/119#issuecomment-588352418. @ https://auth.knowledgedump.space/static/dist/chunks/LABSFT3Z.js:0
[  111754ms] [WARNING] @import rules are not allowed here. See https://github.com/WICG/construct-stylesheets/issues/119#issuecomment-588352418. @ https://auth.knowledgedump.space/static/dist/chunks/LABSFT3Z.js:0
[  111756ms] [WARNING] @import rules are not allowed here. See https://github.com/WICG/construct-stylesheets/issues/119#issuecomment-588352418. @ https://auth.knowledgedump.space/static/dist/chunks/LABSFT3Z.js:0
[  111965ms] [WARNING] @import rules are not allowed here. See https://github.com/WICG/construct-stylesheets/issues/119#issuecomment-588352418. @ https://auth.knowledgedump.space/static/dist/chunks/LABSFT3Z.js:0
[  111967ms] [WARNING] @import rules are not allowed here. See https://github.com/WICG/construct-stylesheets/issues/119#issuecomment-588352418. @ https://auth.knowledgedump.space/static/dist/chunks/LABSFT3Z.js:0
[  111968ms] [WARNING] @import rules are not allowed here. See https://github.com/WICG/construct-stylesheets/issues/119#issuecomment-588352418. @ https://auth.knowledgedump.space/static/dist/chunks/LABSFT3Z.js:0
[  112129ms] [WARNING] @import rules are not allowed here. See https://github.com/WICG/construct-stylesheets/issues/119#issuecomment-588352418. @ https://auth.knowledgedump.space/static/dist/chunks/LABSFT3Z.js:0
[  112130ms] [WARNING] @import rules are not allowed here. See https://github.com/WICG/construct-stylesheets/issues/119#issuecomment-588352418. @ https://auth.knowledgedump.space/static/dist/chunks/LABSFT3Z.js:0
[  112281ms] [WARNING] @import rules are not allowed here. See https://github.com/WICG/construct-stylesheets/issues/119#issuecomment-588352418. @ https://auth.knowledgedump.space/static/dist/chunks/LABSFT3Z.js:0
[  112283ms] [WARNING] @import rules are not allowed here. See https://github.com/WICG/construct-stylesheets/issues/119#issuecomment-588352418. @ https://auth.knowledgedump.space/static/dist/chunks/LABSFT3Z.js:0
[  112283ms] [WARNING] @import rules are not allowed here. See https://github.com/WICG/construct-stylesheets/issues/119#issuecomment-588352418. @ https://auth.knowledgedump.space/static/dist/chunks/LABSFT3Z.js:0
[  112283ms] [WARNING] @import rules are not allowed here. See https://github.com/WICG/construct-stylesheets/issues/119#issuecomment-588352418. @ https://auth.knowledgedump.space/static/dist/chunks/LABSFT3Z.js:0
[  112284ms] [WARNING] @import rules are not allowed here. See https://github.com/WICG/construct-stylesheets/issues/119#issuecomment-588352418. @ https://auth.knowledgedump.space/static/dist/chunks/LABSFT3Z.js:0
[  112284ms] [WARNING] @import rules are not allowed here. See https://github.com/WICG/construct-stylesheets/issues/119#issuecomment-588352418. @ https://auth.knowledgedump.space/static/dist/chunks/LABSFT3Z.js:0
[  112284ms] [WARNING] @import rules are not allowed here. See https://github.com/WICG/construct-stylesheets/issues/119#issuecomment-588352418. @ https://auth.knowledgedump.space/static/dist/chunks/LABSFT3Z.js:0
[  112284ms] [WARNING] @import rules are not allowed here. See https://github.com/WICG/construct-stylesheets/issues/119#issuecomment-588352418. @ https://auth.knowledgedump.space/static/dist/chunks/LABSFT3Z.js:0
[  112284ms] [WARNING] @import rules are not allowed here. See https://github.com/WICG/construct-stylesheets/issues/119#issuecomment-588352418. @ https://auth.knowledgedump.space/static/dist/chunks/LABSFT3Z.js:0
[  112285ms] [WARNING] @import rules are not allowed here. See https://github.com/WICG/construct-stylesheets/issues/119#issuecomment-588352418. @ https://auth.knowledgedump.space/static/dist/chunks/LABSFT3Z.js:0
[  112285ms] [WARNING] @import rules are not allowed here. See https://github.com/WICG/construct-stylesheets/issues/119#issuecomment-588352418. @ https://auth.knowledgedump.space/static/dist/chunks/LABSFT3Z.js:0
[  112300ms] [WARNING] @import rules are not allowed here. See https://github.com/WICG/construct-stylesheets/issues/119#issuecomment-588352418. @ https://auth.knowledgedump.space/static/dist/chunks/LABSFT3Z.js:0
[  112300ms] [WARNING] @import rules are not allowed here. See https://github.com/WICG/construct-stylesheets/issues/119#issuecomment-588352418. @ https://auth.knowledgedump.space/static/dist/chunks/LABSFT3Z.js:0
[  112300ms] [WARNING] @import rules are not allowed here. See https://github.com/WICG/construct-stylesheets/issues/119#issuecomment-588352418. @ https://auth.knowledgedump.space/static/dist/chunks/LABSFT3Z.js:0
[  112301ms] [WARNING] @import rules are not allowed here. See https://github.com/WICG/construct-stylesheets/issues/119#issuecomment-588352418. @ https://auth.knowledgedump.space/static/dist/chunks/LABSFT3Z.js:0
[  112301ms] [WARNING] @import rules are not allowed here. See https://github.com/WICG/construct-stylesheets/issues/119#issuecomment-588352418. @ https://auth.knowledgedump.space/static/dist/chunks/LABSFT3Z.js:0
[  112301ms] [WARNING] @import rules are not allowed here. See https://github.com/WICG/construct-stylesheets/issues/119#issuecomment-588352418. @ https://auth.knowledgedump.space/static/dist/chunks/LABSFT3Z.js:0
[  112302ms] [WARNING] @import rules are not allowed here. See https://github.com/WICG/construct-stylesheets/issues/119#issuecomment-588352418. @ https://auth.knowledgedump.space/static/dist/chunks/LABSFT3Z.js:0
[  112302ms] [WARNING] @import rules are not allowed here. See https://github.com/WICG/construct-stylesheets/issues/119#issuecomment-588352418. @ https://auth.knowledgedump.space/static/dist/chunks/LABSFT3Z.js:0
[  112303ms] [WARNING] @import rules are not allowed here. See https://github.com/WICG/construct-stylesheets/issues/119#issuecomment-588352418. @ https://auth.knowledgedump.space/static/dist/chunks/LABSFT3Z.js:0
[  112303ms] [WARNING] @import rules are not allowed here. See https://github.com/WICG/construct-stylesheets/issues/119#issuecomment-588352418. @ https://auth.knowledgedump.space/static/dist/chunks/LABSFT3Z.js:0
[  112303ms] [WARNING] @import rules are not allowed here. See https://github.com/WICG/construct-stylesheets/issues/119#issuecomment-588352418. @ https://auth.knowledgedump.space/static/dist/chunks/LABSFT3Z.js:0
[  112303ms] [WARNING] @import rules are not allowed here. See https://github.com/WICG/construct-stylesheets/issues/119#issuecomment-588352418. @ https://auth.knowledgedump.space/static/dist/chunks/LABSFT3Z.js:0
[  112303ms] [WARNING] @import rules are not allowed here. See https://github.com/WICG/construct-stylesheets/issues/119#issuecomment-588352418. @ https://auth.knowledgedump.space/static/dist/chunks/LABSFT3Z.js:0
[  112303ms] [WARNING] @import rules are not allowed here. See https://github.com/WICG/construct-stylesheets/issues/119#issuecomment-588352418. @ https://auth.knowledgedump.space/static/dist/chunks/LABSFT3Z.js:0
[  112308ms] [WARNING] @import rules are not allowed here. See https://github.com/WICG/construct-stylesheets/issues/119#issuecomment-588352418. @ https://auth.knowledgedump.space/static/dist/chunks/LABSFT3Z.js:0
[  112310ms] [WARNING] @import rules are not allowed here. See https://github.com/WICG/construct-stylesheets/issues/119#issuecomment-588352418. @ https://auth.knowledgedump.space/static/dist/chunks/LABSFT3Z.js:0
[  112312ms] [WARNING] @import rules are not allowed here. See https://github.com/WICG/construct-stylesheets/issues/119#issuecomment-588352418. @ https://auth.knowledgedump.space/static/dist/chunks/LABSFT3Z.js:0
[  112312ms] [WARNING] @import rules are not allowed here. See https://github.com/WICG/construct-stylesheets/issues/119#issuecomment-588352418. @ https://auth.knowledgedump.space/static/dist/chunks/LABSFT3Z.js:0
[  112312ms] [WARNING] @import rules are not allowed here. See https://github.com/WICG/construct-stylesheets/issues/119#issuecomment-588352418. @ https://auth.knowledgedump.space/static/dist/chunks/LABSFT3Z.js:0
[  112312ms] [WARNING] @import rules are not allowed here. See https://github.com/WICG/construct-stylesheets/issues/119#issuecomment-588352418. @ https://auth.knowledgedump.space/static/dist/chunks/LABSFT3Z.js:0
[  112312ms] [WARNING] @import rules are not allowed here. See https://github.com/WICG/construct-stylesheets/issues/119#issuecomment-588352418. @ https://auth.knowledgedump.space/static/dist/chunks/LABSFT3Z.js:0
[  112313ms] [WARNING] @import rules are not allowed here. See https://github.com/WICG/construct-stylesheets/issues/119#issuecomment-588352418. @ https://auth.knowledgedump.space/static/dist/chunks/LABSFT3Z.js:0
[  112313ms] [WARNING] @import rules are not allowed here. See https://github.com/WICG/construct-stylesheets/issues/119#issuecomment-588352418. @ https://auth.knowledgedump.space/static/dist/chunks/LABSFT3Z.js:0
[  112313ms] [WARNING] @import rules are not allowed here. See https://github.com/WICG/construct-stylesheets/issues/119#issuecomment-588352418. @ https://auth.knowledgedump.space/static/dist/chunks/LABSFT3Z.js:0
[  112313ms] [WARNING] @import rules are not allowed here. See https://github.com/WICG/construct-stylesheets/issues/119#issuecomment-588352418. @ https://auth.knowledgedump.space/static/dist/chunks/LABSFT3Z.js:0
[  112316ms] [WARNING] @import rules are not allowed here. See https://github.com/WICG/construct-stylesheets/issues/119#issuecomment-588352418. @ https://auth.knowledgedump.space/static/dist/chunks/LABSFT3Z.js:0
[  112322ms] [WARNING] @import rules are not allowed here. See https://github.com/WICG/construct-stylesheets/issues/119#issuecomment-588352418. @ https://auth.knowledgedump.space/static/dist/chunks/LABSFT3Z.js:0
[  112324ms] [WARNING] @import rules are not allowed here. See https://github.com/WICG/construct-stylesheets/issues/119#issuecomment-588352418. @ https://auth.knowledgedump.space/static/dist/chunks/LABSFT3Z.js:0
[  112325ms] [WARNING] @import rules are not allowed here. See https://github.com/WICG/construct-stylesheets/issues/119#issuecomment-588352418. @ https://auth.knowledgedump.space/static/dist/chunks/LABSFT3Z.js:0
[  112327ms] [WARNING] @import rules are not allowed here. See https://github.com/WICG/construct-stylesheets/issues/119#issuecomment-588352418. @ https://auth.knowledgedump.space/static/dist/chunks/LABSFT3Z.js:0
[  112435ms] [WARNING] @import rules are not allowed here. See https://github.com/WICG/construct-stylesheets/issues/119#issuecomment-588352418. @ https://auth.knowledgedump.space/static/dist/chunks/LABSFT3Z.js:0
[  112436ms] [WARNING] @import rules are not allowed here. See https://github.com/WICG/construct-stylesheets/issues/119#issuecomment-588352418. @ https://auth.knowledgedump.space/static/dist/chunks/LABSFT3Z.js:0
[  112436ms] [WARNING] @import rules are not allowed here. See https://github.com/WICG/construct-stylesheets/issues/119#issuecomment-588352418. @ https://auth.knowledgedump.space/static/dist/chunks/LABSFT3Z.js:0
[  112463ms] [WARNING] @import rules are not allowed here. See https://github.com/WICG/construct-stylesheets/issues/119#issuecomment-588352418. @ https://auth.knowledgedump.space/static/dist/chunks/LABSFT3Z.js:0
[  112522ms] [WARNING] @import rules are not allowed here. See https://github.com/WICG/construct-stylesheets/issues/119#issuecomment-588352418. @ https://auth.knowledgedump.space/static/dist/chunks/LABSFT3Z.js:0
[  112525ms] [WARNING] @import rules are not allowed here. See https://github.com/WICG/construct-stylesheets/issues/119#issuecomment-588352418. @ https://auth.knowledgedump.space/static/dist/chunks/LABSFT3Z.js:0
[  112731ms] [WARNING] @import rules are not allowed here. See https://github.com/WICG/construct-stylesheets/issues/119#issuecomment-588352418. @ https://auth.knowledgedump.space/static/dist/chunks/LABSFT3Z.js:0
[  112734ms] [WARNING] @import rules are not allowed here. See https://github.com/WICG/construct-stylesheets/issues/119#issuecomment-588352418. @ https://auth.knowledgedump.space/static/dist/chunks/LABSFT3Z.js:0
[  112735ms] [WARNING] @import rules are not allowed here. See https://github.com/WICG/construct-stylesheets/issues/119#issuecomment-588352418. @ https://auth.knowledgedump.space/static/dist/chunks/LABSFT3Z.js:0
[  121360ms] [WARNING] @import rules are not allowed here. See https://github.com/WICG/construct-stylesheets/issues/119#issuecomment-588352418. @ https://auth.knowledgedump.space/static/dist/chunks/LABSFT3Z.js:0
[  121360ms] [WARNING] @import rules are not allowed here. See https://github.com/WICG/construct-stylesheets/issues/119#issuecomment-588352418. @ https://auth.knowledgedump.space/static/dist/chunks/LABSFT3Z.js:0
[  121480ms] [WARNING] @import rules are not allowed here. See https://github.com/WICG/construct-stylesheets/issues/119#issuecomment-588352418. @ https://auth.knowledgedump.space/static/dist/chunks/LABSFT3Z.js:0
[  121483ms] [WARNING] @import rules are not allowed here. See https://github.com/WICG/construct-stylesheets/issues/119#issuecomment-588352418. @ https://auth.knowledgedump.space/static/dist/chunks/LABSFT3Z.js:0
[  121483ms] [WARNING] @import rules are not allowed here. See https://github.com/WICG/construct-stylesheets/issues/119#issuecomment-588352418. @ https://auth.knowledgedump.space/static/dist/chunks/LABSFT3Z.js:0
[  121484ms] [WARNING] @import rules are not allowed here. See https://github.com/WICG/construct-stylesheets/issues/119#issuecomment-588352418. @ https://auth.knowledgedump.space/static/dist/chunks/LABSFT3Z.js:0
[  121484ms] [WARNING] @import rules are not allowed here. See https://github.com/WICG/construct-stylesheets/issues/119#issuecomment-588352418. @ https://auth.knowledgedump.space/static/dist/chunks/LABSFT3Z.js:0
[  121484ms] [WARNING] @import rules are not allowed here. See https://github.com/WICG/construct-stylesheets/issues/119#issuecomment-588352418. @ https://auth.knowledgedump.space/static/dist/chunks/LABSFT3Z.js:0
[  121484ms] [WARNING] @import rules are not allowed here. See https://github.com/WICG/construct-stylesheets/issues/119#issuecomment-588352418. @ https://auth.knowledgedump.space/static/dist/chunks/LABSFT3Z.js:0
[  121484ms] [WARNING] @import rules are not allowed here. See https://github.com/WICG/construct-stylesheets/issues/119#issuecomment-588352418. @ https://auth.knowledgedump.space/static/dist/chunks/LABSFT3Z.js:0
[  121484ms] [WARNING] @import rules are not allowed here. See https://github.com/WICG/construct-stylesheets/issues/119#issuecomment-588352418. @ https://auth.knowledgedump.space/static/dist/chunks/LABSFT3Z.js:0
[  121484ms] [WARNING] @import rules are not allowed here. See https://github.com/WICG/construct-stylesheets/issues/119#issuecomment-588352418. @ https://auth.knowledgedump.space/static/dist/chunks/LABSFT3Z.js:0
[  121485ms] [WARNING] @import rules are not allowed here. See https://github.com/WICG/construct-stylesheets/issues/119#issuecomment-588352418. @ https://auth.knowledgedump.space/static/dist/chunks/LABSFT3Z.js:0
[  121485ms] [WARNING] @import rules are not allowed here. See https://github.com/WICG/construct-stylesheets/issues/119#issuecomment-588352418. @ https://auth.knowledgedump.space/static/dist/chunks/LABSFT3Z.js:0
[  121485ms] [WARNING] @import rules are not allowed here. See https://github.com/WICG/construct-stylesheets/issues/119#issuecomment-588352418. @ https://auth.knowledgedump.space/static/dist/chunks/LABSFT3Z.js:0
[  121485ms] [WARNING] @import rules are not allowed here. See https://github.com/WICG/construct-stylesheets/issues/119#issuecomment-588352418. @ https://auth.knowledgedump.space/static/dist/chunks/LABSFT3Z.js:0
[  121485ms] [WARNING] @import rules are not allowed here. See https://github.com/WICG/construct-stylesheets/issues/119#issuecomment-588352418. @ https://auth.knowledgedump.space/static/dist/chunks/LABSFT3Z.js:0
[  121485ms] [WARNING] @import rules are not allowed here. See https://github.com/WICG/construct-stylesheets/issues/119#issuecomment-588352418. @ https://auth.knowledgedump.space/static/dist/chunks/LABSFT3Z.js:0
[  121485ms] [WARNING] @import rules are not allowed here. See https://github.com/WICG/construct-stylesheets/issues/119#issuecomment-588352418. @ https://auth.knowledgedump.space/static/dist/chunks/LABSFT3Z.js:0
[  121485ms] [WARNING] @import rules are not allowed here. See https://github.com/WICG/construct-stylesheets/issues/119#issuecomment-588352418. @ https://auth.knowledgedump.space/static/dist/chunks/LABSFT3Z.js:0
[  121485ms] [WARNING] @import rules are not allowed here. See https://github.com/WICG/construct-stylesheets/issues/119#issuecomment-588352418. @ https://auth.knowledgedump.space/static/dist/chunks/LABSFT3Z.js:0
[  121485ms] [WARNING] @import rules are not allowed here. See https://github.com/WICG/construct-stylesheets/issues/119#issuecomment-588352418. @ https://auth.knowledgedump.space/static/dist/chunks/LABSFT3Z.js:0
[  121485ms] [WARNING] @import rules are not allowed here. See https://github.com/WICG/construct-stylesheets/issues/119#issuecomment-588352418. @ https://auth.knowledgedump.space/static/dist/chunks/LABSFT3Z.js:0
[  121486ms] [WARNING] @import rules are not allowed here. See https://github.com/WICG/construct-stylesheets/issues/119#issuecomment-588352418. @ https://auth.knowledgedump.space/static/dist/chunks/LABSFT3Z.js:0
[  121486ms] [WARNING] @import rules are not allowed here. See https://github.com/WICG/construct-stylesheets/issues/119#issuecomment-588352418. @ https://auth.knowledgedump.space/static/dist/chunks/LABSFT3Z.js:0
[  121486ms] [WARNING] @import rules are not allowed here. See https://github.com/WICG/construct-stylesheets/issues/119#issuecomment-588352418. @ https://auth.knowledgedump.space/static/dist/chunks/LABSFT3Z.js:0
[  121486ms] [WARNING] @import rules are not allowed here. See https://github.com/WICG/construct-stylesheets/issues/119#issuecomment-588352418. @ https://auth.knowledgedump.space/static/dist/chunks/LABSFT3Z.js:0
[  121486ms] [WARNING] @import rules are not allowed here. See https://github.com/WICG/construct-stylesheets/issues/119#issuecomment-588352418. @ https://auth.knowledgedump.space/static/dist/chunks/LABSFT3Z.js:0
[  121486ms] [WARNING] @import rules are not allowed here. See https://github.com/WICG/construct-stylesheets/issues/119#issuecomment-588352418. @ https://auth.knowledgedump.space/static/dist/chunks/LABSFT3Z.js:0
[  121486ms] [WARNING] @import rules are not allowed here. See https://github.com/WICG/construct-stylesheets/issues/119#issuecomment-588352418. @ https://auth.knowledgedump.space/static/dist/chunks/LABSFT3Z.js:0
[  121486ms] [WARNING] @import rules are not allowed here. See https://github.com/WICG/construct-stylesheets/issues/119#issuecomment-588352418. @ https://auth.knowledgedump.space/static/dist/chunks/LABSFT3Z.js:0
[  121487ms] [WARNING] @import rules are not allowed here. See https://github.com/WICG/construct-stylesheets/issues/119#issuecomment-588352418. @ https://auth.knowledgedump.space/static/dist/chunks/LABSFT3Z.js:0
[  121487ms] [WARNING] @import rules are not allowed here. See https://github.com/WICG/construct-stylesheets/issues/119#issuecomment-588352418. @ https://auth.knowledgedump.space/static/dist/chunks/LABSFT3Z.js:0
[  121487ms] [WARNING] @import rules are not allowed here. See https://github.com/WICG/construct-stylesheets/issues/119#issuecomment-588352418. @ https://auth.knowledgedump.space/static/dist/chunks/LABSFT3Z.js:0
[  121487ms] [WARNING] @import rules are not allowed here. See https://github.com/WICG/construct-stylesheets/issues/119#issuecomment-588352418. @ https://auth.knowledgedump.space/static/dist/chunks/LABSFT3Z.js:0
[  121487ms] [WARNING] @import rules are not allowed here. See https://github.com/WICG/construct-stylesheets/issues/119#issuecomment-588352418. @ https://auth.knowledgedump.space/static/dist/chunks/LABSFT3Z.js:0
[  121487ms] [WARNING] @import rules are not allowed here. See https://github.com/WICG/construct-stylesheets/issues/119#issuecomment-588352418. @ https://auth.knowledgedump.space/static/dist/chunks/LABSFT3Z.js:0
[  121490ms] [WARNING] @import rules are not allowed here. See https://github.com/WICG/construct-stylesheets/issues/119#issuecomment-588352418. @ https://auth.knowledgedump.space/static/dist/chunks/LABSFT3Z.js:0
[  121491ms] [WARNING] @import rules are not allowed here. See https://github.com/WICG/construct-stylesheets/issues/119#issuecomment-588352418. @ https://auth.knowledgedump.space/static/dist/chunks/LABSFT3Z.js:0
[  121491ms] [WARNING] @import rules are not allowed here. See https://github.com/WICG/construct-stylesheets/issues/119#issuecomment-588352418. @ https://auth.knowledgedump.space/static/dist/chunks/LABSFT3Z.js:0
[  121492ms] [WARNING] @import rules are not allowed here. See https://github.com/WICG/construct-stylesheets/issues/119#issuecomment-588352418. @ https://auth.knowledgedump.space/static/dist/chunks/LABSFT3Z.js:0
[  121493ms] [WARNING] @import rules are not allowed here. See https://github.com/WICG/construct-stylesheets/issues/119#issuecomment-588352418. @ https://auth.knowledgedump.space/static/dist/chunks/LABSFT3Z.js:0
[  121493ms] [WARNING] @import rules are not allowed here. See https://github.com/WICG/construct-stylesheets/issues/119#issuecomment-588352418. @ https://auth.knowledgedump.space/static/dist/chunks/LABSFT3Z.js:0
[  121493ms] [WARNING] @import rules are not allowed here. See https://github.com/WICG/construct-stylesheets/issues/119#issuecomment-588352418. @ https://auth.knowledgedump.space/static/dist/chunks/LABSFT3Z.js:0
[  121494ms] [WARNING] @import rules are not allowed here. See https://github.com/WICG/construct-stylesheets/issues/119#issuecomment-588352418. @ https://auth.knowledgedump.space/static/dist/chunks/LABSFT3Z.js:0
[  121494ms] [WARNING] @import rules are not allowed here. See https://github.com/WICG/construct-stylesheets/issues/119#issuecomment-588352418. @ https://auth.knowledgedump.space/static/dist/chunks/LABSFT3Z.js:0
[  121495ms] [WARNING] @import rules are not allowed here. See https://github.com/WICG/construct-stylesheets/issues/119#issuecomment-588352418. @ https://auth.knowledgedump.space/static/dist/chunks/LABSFT3Z.js:0
[  121495ms] [WARNING] @import rules are not allowed here. See https://github.com/WICG/construct-stylesheets/issues/119#issuecomment-588352418. @ https://auth.knowledgedump.space/static/dist/chunks/LABSFT3Z.js:0
[  121496ms] [WARNING] @import rules are not allowed here. See https://github.com/WICG/construct-stylesheets/issues/119#issuecomment-588352418. @ https://auth.knowledgedump.space/static/dist/chunks/LABSFT3Z.js:0
[  121496ms] [WARNING] @import rules are not allowed here. See https://github.com/WICG/construct-stylesheets/issues/119#issuecomment-588352418. @ https://auth.knowledgedump.space/static/dist/chunks/LABSFT3Z.js:0
[  121496ms] [WARNING] @import rules are not allowed here. See https://github.com/WICG/construct-stylesheets/issues/119#issuecomment-588352418. @ https://auth.knowledgedump.space/static/dist/chunks/LABSFT3Z.js:0
[  121496ms] [WARNING] @import rules are not allowed here. See https://github.com/WICG/construct-stylesheets/issues/119#issuecomment-588352418. @ https://auth.knowledgedump.space/static/dist/chunks/LABSFT3Z.js:0
[  121497ms] [WARNING] @import rules are not allowed here. See https://github.com/WICG/construct-stylesheets/issues/119#issuecomment-588352418. @ https://auth.knowledgedump.space/static/dist/chunks/LABSFT3Z.js:0
[  121497ms] [WARNING] @import rules are not allowed here. See https://github.com/WICG/construct-stylesheets/issues/119#issuecomment-588352418. @ https://auth.knowledgedump.space/static/dist/chunks/LABSFT3Z.js:0
[  121497ms] [WARNING] @import rules are not allowed here. See https://github.com/WICG/construct-stylesheets/issues/119#issuecomment-588352418. @ https://auth.knowledgedump.space/static/dist/chunks/LABSFT3Z.js:0
[  121497ms] [WARNING] @import rules are not allowed here. See https://github.com/WICG/construct-stylesheets/issues/119#issuecomment-588352418. @ https://auth.knowledgedump.space/static/dist/chunks/LABSFT3Z.js:0
[  121497ms] [WARNING] @import rules are not allowed here. See https://github.com/WICG/construct-stylesheets/issues/119#issuecomment-588352418. @ https://auth.knowledgedump.space/static/dist/chunks/LABSFT3Z.js:0
[  121498ms] [WARNING] @import rules are not allowed here. See https://github.com/WICG/construct-stylesheets/issues/119#issuecomment-588352418. @ https://auth.knowledgedump.space/static/dist/chunks/LABSFT3Z.js:0
[  121498ms] [WARNING] @import rules are not allowed here. See https://github.com/WICG/construct-stylesheets/issues/119#issuecomment-588352418. @ https://auth.knowledgedump.space/static/dist/chunks/LABSFT3Z.js:0
[  121498ms] [WARNING] @import rules are not allowed here. See https://github.com/WICG/construct-stylesheets/issues/119#issuecomment-588352418. @ https://auth.knowledgedump.space/static/dist/chunks/LABSFT3Z.js:0
[  121498ms] [WARNING] @import rules are not allowed here. See https://github.com/WICG/construct-stylesheets/issues/119#issuecomment-588352418. @ https://auth.knowledgedump.space/static/dist/chunks/LABSFT3Z.js:0
[  121499ms] [WARNING] @import rules are not allowed here. See https://github.com/WICG/construct-stylesheets/issues/119#issuecomment-588352418. @ https://auth.knowledgedump.space/static/dist/chunks/LABSFT3Z.js:0
[  121499ms] [WARNING] @import rules are not allowed here. See https://github.com/WICG/construct-stylesheets/issues/119#issuecomment-588352418. @ https://auth.knowledgedump.space/static/dist/chunks/LABSFT3Z.js:0
[  121499ms] [WARNING] @import rules are not allowed here. See https://github.com/WICG/construct-stylesheets/issues/119#issuecomment-588352418. @ https://auth.knowledgedump.space/static/dist/chunks/LABSFT3Z.js:0
[  121499ms] [WARNING] @import rules are not allowed here. See https://github.com/WICG/construct-stylesheets/issues/119#issuecomment-588352418. @ https://auth.knowledgedump.space/static/dist/chunks/LABSFT3Z.js:0
[  121499ms] [WARNING] @import rules are not allowed here. See https://github.com/WICG/construct-stylesheets/issues/119#issuecomment-588352418. @ https://auth.knowledgedump.space/static/dist/chunks/LABSFT3Z.js:0
[  121500ms] [WARNING] @import rules are not allowed here. See https://github.com/WICG/construct-stylesheets/issues/119#issuecomment-588352418. @ https://auth.knowledgedump.space/static/dist/chunks/LABSFT3Z.js:0
[  121501ms] [WARNING] @import rules are not allowed here. See https://github.com/WICG/construct-stylesheets/issues/119#issuecomment-588352418. @ https://auth.knowledgedump.space/static/dist/chunks/LABSFT3Z.js:0
[  121501ms] [WARNING] @import rules are not allowed here. See https://github.com/WICG/construct-stylesheets/issues/119#issuecomment-588352418. @ https://auth.knowledgedump.space/static/dist/chunks/LABSFT3Z.js:0
[  121501ms] [WARNING] @import rules are not allowed here. See https://github.com/WICG/construct-stylesheets/issues/119#issuecomment-588352418. @ https://auth.knowledgedump.space/static/dist/chunks/LABSFT3Z.js:0
[  121502ms] [WARNING] @import rules are not allowed here. See https://github.com/WICG/construct-stylesheets/issues/119#issuecomment-588352418. @ https://auth.knowledgedump.space/static/dist/chunks/LABSFT3Z.js:0
[  121502ms] [WARNING] @import rules are not allowed here. See https://github.com/WICG/construct-stylesheets/issues/119#issuecomment-588352418. @ https://auth.knowledgedump.space/static/dist/chunks/LABSFT3Z.js:0
[  121502ms] [WARNING] @import rules are not allowed here. See https://github.com/WICG/construct-stylesheets/issues/119#issuecomment-588352418. @ https://auth.knowledgedump.space/static/dist/chunks/LABSFT3Z.js:0
[  121502ms] [WARNING] @import rules are not allowed here. See https://github.com/WICG/construct-stylesheets/issues/119#issuecomment-588352418. @ https://auth.knowledgedump.space/static/dist/chunks/LABSFT3Z.js:0
[  121502ms] [WARNING] @import rules are not allowed here. See https://github.com/WICG/construct-stylesheets/issues/119#issuecomment-588352418. @ https://auth.knowledgedump.space/static/dist/chunks/LABSFT3Z.js:0
[  121503ms] [WARNING] @import rules are not allowed here. See https://github.com/WICG/construct-stylesheets/issues/119#issuecomment-588352418. @ https://auth.knowledgedump.space/static/dist/chunks/LABSFT3Z.js:0
[  121504ms] [WARNING] @import rules are not allowed here. See https://github.com/WICG/construct-stylesheets/issues/119#issuecomment-588352418. @ https://auth.knowledgedump.space/static/dist/chunks/LABSFT3Z.js:0
[  121504ms] [WARNING] @import rules are not allowed here. See https://github.com/WICG/construct-stylesheets/issues/119#issuecomment-588352418. @ https://auth.knowledgedump.space/static/dist/chunks/LABSFT3Z.js:0
[  121504ms] [WARNING] @import rules are not allowed here. See https://github.com/WICG/construct-stylesheets/issues/119#issuecomment-588352418. @ https://auth.knowledgedump.space/static/dist/chunks/LABSFT3Z.js:0
[  121504ms] [WARNING] @import rules are not allowed here. See https://github.com/WICG/construct-stylesheets/issues/119#issuecomment-588352418. @ https://auth.knowledgedump.space/static/dist/chunks/LABSFT3Z.js:0
[  121504ms] [WARNING] @import rules are not allowed here. See https://github.com/WICG/construct-stylesheets/issues/119#issuecomment-588352418. @ https://auth.knowledgedump.space/static/dist/chunks/LABSFT3Z.js:0
[  121504ms] [WARNING] @import rules are not allowed here. See https://github.com/WICG/construct-stylesheets/issues/119#issuecomment-588352418. @ https://auth.knowledgedump.space/static/dist/chunks/LABSFT3Z.js:0
[  121505ms] [WARNING] @import rules are not allowed here. See https://github.com/WICG/construct-stylesheets/issues/119#issuecomment-588352418. @ https://auth.knowledgedump.space/static/dist/chunks/LABSFT3Z.js:0
[  121505ms] [WARNING] @import rules are not allowed here. See https://github.com/WICG/construct-stylesheets/issues/119#issuecomment-588352418. @ https://auth.knowledgedump.space/static/dist/chunks/LABSFT3Z.js:0
[  121505ms] [WARNING] @import rules are not allowed here. See https://github.com/WICG/construct-stylesheets/issues/119#issuecomment-588352418. @ https://auth.knowledgedump.space/static/dist/chunks/LABSFT3Z.js:0
[  121505ms] [WARNING] @import rules are not allowed here. See https://github.com/WICG/construct-stylesheets/issues/119#issuecomment-588352418. @ https://auth.knowledgedump.space/static/dist/chunks/LABSFT3Z.js:0
[  121682ms] [WARNING] @import rules are not allowed here. See https://github.com/WICG/construct-stylesheets/issues/119#issuecomment-588352418. @ https://auth.knowledgedump.space/static/dist/chunks/LABSFT3Z.js:0
[  121775ms] [WARNING] @import rules are not allowed here. See https://github.com/WICG/construct-stylesheets/issues/119#issuecomment-588352418. @ https://auth.knowledgedump.space/static/dist/chunks/LABSFT3Z.js:0
[  121809ms] [WARNING] @import rules are not allowed here. See https://github.com/WICG/construct-stylesheets/issues/119#issuecomment-588352418. @ https://auth.knowledgedump.space/static/dist/chunks/LABSFT3Z.js:0
[  121813ms] [WARNING] @import rules are not allowed here. See https://github.com/WICG/construct-stylesheets/issues/119#issuecomment-588352418. @ https://auth.knowledgedump.space/static/dist/chunks/LABSFT3Z.js:0
[  121813ms] [WARNING] @import rules are not allowed here. See https://github.com/WICG/construct-stylesheets/issues/119#issuecomment-588352418. @ https://auth.knowledgedump.space/static/dist/chunks/LABSFT3Z.js:0
[  122040ms] [WARNING] @import rules are not allowed here. See https://github.com/WICG/construct-stylesheets/issues/119#issuecomment-588352418. @ https://auth.knowledgedump.space/static/dist/chunks/LABSFT3Z.js:0
[  122061ms] [WARNING] @import rules are not allowed here. See https://github.com/WICG/construct-stylesheets/issues/119#issuecomment-588352418. @ https://auth.knowledgedump.space/static/dist/chunks/LABSFT3Z.js:0
[  122082ms] [WARNING] @import rules are not allowed here. See https://github.com/WICG/construct-stylesheets/issues/119#issuecomment-588352418. @ https://auth.knowledgedump.space/static/dist/chunks/LABSFT3Z.js:0
[  122101ms] [WARNING] @import rules are not allowed here. See https://github.com/WICG/construct-stylesheets/issues/119#issuecomment-588352418. @ https://auth.knowledgedump.space/static/dist/chunks/LABSFT3Z.js:0
[  122105ms] [WARNING] @import rules are not allowed here. See https://github.com/WICG/construct-stylesheets/issues/119#issuecomment-588352418. @ https://auth.knowledgedump.space/static/dist/chunks/LABSFT3Z.js:0
[  122105ms] [WARNING] @import rules are not allowed here. See https://github.com/WICG/construct-stylesheets/issues/119#issuecomment-588352418. @ https://auth.knowledgedump.space/static/dist/chunks/LABSFT3Z.js:0
[  122159ms] [WARNING] @import rules are not allowed here. See https://github.com/WICG/construct-stylesheets/issues/119#issuecomment-588352418. @ https://auth.knowledgedump.space/static/dist/chunks/LABSFT3Z.js:0
[  122170ms] [WARNING] @import rules are not allowed here. See https://github.com/WICG/construct-stylesheets/issues/119#issuecomment-588352418. @ https://auth.knowledgedump.space/static/dist/chunks/LABSFT3Z.js:0
[  124006ms] [WARNING] @import rules are not allowed here. See https://github.com/WICG/construct-stylesheets/issues/119#issuecomment-588352418. @ https://auth.knowledgedump.space/static/dist/chunks/LABSFT3Z.js:0
[  124010ms] [WARNING] @import rules are not allowed here. See https://github.com/WICG/construct-stylesheets/issues/119#issuecomment-588352418. @ https://auth.knowledgedump.space/static/dist/chunks/LABSFT3Z.js:0
[  124010ms] [WARNING] @import rules are not allowed here. See https://github.com/WICG/construct-stylesheets/issues/119#issuecomment-588352418. @ https://auth.knowledgedump.space/static/dist/chunks/LABSFT3Z.js:0
[  125322ms] [WARNING] @import rules are not allowed here. See https://github.com/WICG/construct-stylesheets/issues/119#issuecomment-588352418. @ https://auth.knowledgedump.space/static/dist/chunks/LABSFT3Z.js:0
[  125336ms] [WARNING] @import rules are not allowed here. See https://github.com/WICG/construct-stylesheets/issues/119#issuecomment-588352418. @ https://auth.knowledgedump.space/static/dist/chunks/LABSFT3Z.js:0
[  125337ms] [WARNING] @import rules are not allowed here. See https://github.com/WICG/construct-stylesheets/issues/119#issuecomment-588352418. @ https://auth.knowledgedump.space/static/dist/chunks/LABSFT3Z.js:0
[  125523ms] [WARNING] @import rules are not allowed here. See https://github.com/WICG/construct-stylesheets/issues/119#issuecomment-588352418. @ https://auth.knowledgedump.space/static/dist/chunks/LABSFT3Z.js:0
[  125526ms] [WARNING] @import rules are not allowed here. See https://github.com/WICG/construct-stylesheets/issues/119#issuecomment-588352418. @ https://auth.knowledgedump.space/static/dist/chunks/LABSFT3Z.js:0
[  125526ms] [WARNING] @import rules are not allowed here. See https://github.com/WICG/construct-stylesheets/issues/119#issuecomment-588352418. @ https://auth.knowledgedump.space/static/dist/chunks/LABSFT3Z.js:0
[  142159ms] [WARNING] @import rules are not allowed here. See https://github.com/WICG/construct-stylesheets/issues/119#issuecomment-588352418. @ https://auth.knowledgedump.space/static/dist/chunks/LABSFT3Z.js:0
[  142164ms] [WARNING] @import rules are not allowed here. See https://github.com/WICG/construct-stylesheets/issues/119#issuecomment-588352418. @ https://auth.knowledgedump.space/static/dist/chunks/LABSFT3Z.js:0
[  142284ms] [WARNING] @import rules are not allowed here. See https://github.com/WICG/construct-stylesheets/issues/119#issuecomment-588352418. @ https://auth.knowledgedump.space/static/dist/chunks/LABSFT3Z.js:0
