[    1179ms] [ERROR] Failed to load resource: the server responded with a status of 404 (Not Found) @ http://homepage.talos00/api/kubernetes/status/tdarr/tdarr?:0
[    1179ms] [ERROR] Failed to load resource: the server responded with a status of 404 (Not Found) @ http://homepage.talos00/api/kubernetes/stats/tdarr/tdarr?:0
[    1321ms] [ERROR] Failed to load resource: the server responded with a status of 404 (Not Found) @ http://homepage.talos00/api/kubernetes/status/minio/minio-console?:0
[    1328ms] [ERROR] Failed to load resource: the server responded with a status of 404 (Not Found) @ http://homepage.talos00/api/kubernetes/stats/minio/minio-console?:0
[    1382ms] [ERROR] Failed to load resource: the server responded with a status of 404 (Not Found) @ http://homepage.talos00/api/kubernetes/status/monitoring/grafana?:0
[    1453ms] [ERROR] Failed to load resource: the server responded with a status of 404 (Not Found) @ http://homepage.talos00/api/kubernetes/stats/monitoring/grafana?:0
[    1453ms] [ERROR] Failed to load resource: the server responded with a status of 404 (Not Found) @ http://homepage.talos00/api/kubernetes/status/monitoring/alloy-otlp?:0
[    1471ms] [ERROR] Failed to load resource: the server responded with a status of 404 (Not Found) @ http://homepage.talos00/api/kubernetes/stats/monitoring/alloy-otlp?:0
[    1569ms] [ERROR] Failed to load resource: the server responded with a status of 404 (Not Found) @ http://homepage.talos00/api/kubernetes/status/infra-control/headlamp?:0
[    1677ms] [ERROR] Failed to load resource: the server responded with a status of 404 (Not Found) @ http://homepage.talos00/api/kubernetes/stats/infra-control/headlamp?:0
[    1706ms] [ERROR] Failed to load resource: the server responded with a status of 404 (Not Found) @ http://homepage.talos00/api/kubernetes/status/infra-control/goldilocks?:0
[    1706ms] [ERROR] Failed to load resource: the server responded with a status of 404 (Not Found) @ http://homepage.talos00/api/kubernetes/stats/infra-control/goldilocks?:0
[    1729ms] [ERROR] Failed to load resource: the server responded with a status of 404 (Not Found) @ http://homepage.talos00/api/kubernetes/stats/infra-control/kube-ops-view?:0
[    1735ms] [ERROR] Failed to load resource: the server responded with a status of 404 (Not Found) @ http://homepage.talos00/api/kubernetes/status/infra-control/kube-ops-view?:0
[    3624ms] [ERROR] Failed to load resource: the server responded with a status of 400 (Bad Request) @ http://homepage.talos00/api/services/proxy?group=Media&service=Tautulli&index=0&endpoint=get_activity&query=%7B%22refreshInterval%22%3A5000%7D:0
[    3966ms] [ERROR] Failed to load resource: the server responded with a status of 401 (Unauthorized) @ http://homepage.talos00/api/services/proxy?group=Media&service=qBittorrent&index=0&endpoint=torrents:0
[    4170ms] [ERROR] Failed to load resource: the server responded with a status of 403 (Forbidden) @ http://homepage.talos00/api/services/proxy?group=Infrastructure&service=Authentik&index=0&endpoint=users:0
[    4172ms] [ERROR] Failed to load resource: the server responded with a status of 403 (Forbidden) @ http://homepage.talos00/api/services/proxy?group=Infrastructure&service=Authentik&index=0&endpoint=login:0
[    4208ms] [ERROR] Failed to load resource: the server responded with a status of 403 (Forbidden) @ http://homepage.talos00/api/services/proxy?group=Infrastructure&service=Authentik&index=0&endpoint=login_failed:0
[    4211ms] [ERROR] TypeError: Cannot read properties of undefined (reading 'count')
    at u (http://homepage.talos00/_next/static/chunks/8183.85e693c7d48c334a.js:1:1400)
    at af (http://homepage.talos00/_next/static/chunks/framework-ca2f8fe4a887959b.js:1:65167)
    at uf (http://homepage.talos00/_next/static/chunks/framework-ca2f8fe4a887959b.js:1:79462)
    at i (http://homepage.talos00/_next/static/chunks/framework-ca2f8fe4a887959b.js:1:126922)
    at oM (http://homepage.talos00/_next/static/chunks/framework-ca2f8fe4a887959b.js:1:105704)
    at oF (http://homepage.talos00/_next/static/chunks/framework-ca2f8fe4a887959b.js:1:105574)
    at oS (http://homepage.talos00/_next/static/chunks/framework-ca2f8fe4a887959b.js:1:102345)
    at o_ (http://homepage.talos00/_next/static/chunks/framework-ca2f8fe4a887959b.js:1:102734)
    at r4 (http://homepage.talos00/_next/static/chunks/framework-ca2f8fe4a887959b.js:1:51573)
    at http://homepage.talos00/_next/static/chunks/framework-ca2f8fe4a887959b.js:1:100259 @ http://homepage.talos00/_next/static/chunks/framework-ca2f8fe4a887959b.js:0
[    4211ms] [ERROR] component error: %s, info: %s TypeError: Cannot read properties of undefined (reading 'count') [object Object] @ http://homepage.talos00/_next/static/chunks/pages/index-47c220e7b06f8455.js:0
[    4408ms] [ERROR] Failed to load resource: the server responded with a status of 404 (Not Found) @ http://homepage.talos00/api/services/proxy?group=Monitoring&service=Grafana&index=0&endpoint=alerts:0
[    4601ms] [ERROR] Failed to load resource: the server responded with a status of 500 (Internal Server Error) @ http://homepage.talos00/api/services/proxy?group=Home+%26+Tools&service=Home+Assistant&index=0&query=%7B%22refreshInterval%22%3A60000%7D:0
[    8365ms] [ERROR] Failed to load resource: the server responded with a status of 400 (Bad Request) @ http://homepage.talos00/api/services/proxy?group=Media&service=Tautulli&index=0&endpoint=get_activity&query=%7B%22refreshInterval%22%3A5000%7D:0
[    9558ms] [ERROR] Failed to load resource: the server responded with a status of 401 (Unauthorized) @ http://homepage.talos00/api/services/proxy?group=Media&service=qBittorrent&index=0&endpoint=torrents:0
[   13555ms] [ERROR] Failed to load resource: the server responded with a status of 400 (Bad Request) @ http://homepage.talos00/api/services/proxy?group=Media&service=Tautulli&index=0&endpoint=get_activity&query=%7B%22refreshInterval%22%3A5000%7D:0
